#
# There is insufficient memory for the Java Runtime Environment to continue.
# Native memory allocation (mmap) failed to map 40894464 bytes for Failed to commit area from 0x000000008c000000 to 0x000000008e700000 of length 40894464.
# Possible reasons:
#   The system is out of physical RAM or swap space
#   The process is running with CompressedOops enabled, and the Java Heap may be blocking the growth of the native heap
# Possible solutions:
#   Reduce memory load on the system
#   Increase physical memory or swap space
#   Check if swap backing store is full
#   Decrease Java heap size (-Xmx/-Xms)
#   Decrease number of Java threads
#   Decrease Java thread stack sizes (-Xss)
#   Set larger code cache with -XX:ReservedCodeCacheSize=
#   JVM is running with Unscaled Compressed Oops mode in which the Java heap is
#     placed in the first 4GB address space. The Java Heap base address is the
#     maximum limit for the native heap growth. Please use -XX:HeapBaseMinAddress
#     to set the Java Heap base and to place the Java Heap above 4GB virtual address.
# This output file may be truncated or incomplete.
#
#  Out of Memory Error (./src/hotspot/os/windows/os_windows.cpp:3619), pid=8836, tid=5956
#
# JRE version: OpenJDK Runtime Environment (11.0.13) (build 11.0.13+0-b1751.21-8125866)
# Java VM: OpenJDK 64-Bit Server VM (11.0.13+0-b1751.21-8125866, mixed mode, tiered, compressed oops, g1 gc, windows-amd64)
# No core dump will be written. Minidumps are not enabled by default on client versions of Windows
#

---------------  S U M M A R Y ------------

Command Line: --add-opens=java.base/java.util=ALL-UNNAMED --add-opens=java.base/java.lang=ALL-UNNAMED --add-opens=java.base/java.lang.invoke=ALL-UNNAMED --add-opens=java.base/java.util=ALL-UNNAMED --add-opens=java.prefs/java.util.prefs=ALL-UNNAMED --add-opens=java.prefs/java.util.prefs=ALL-UNNAMED --add-opens=java.base/java.nio.charset=ALL-UNNAMED --add-opens=java.base/java.net=ALL-UNNAMED --add-opens=java.base/java.util.concurrent.atomic=ALL-UNNAMED -Xmx2048m -Dfile.encoding=UTF-8 -Duser.country=BR -Duser.language=pt -Duser.variant org.gradle.launcher.daemon.bootstrap.GradleDaemon 7.4

Host: Intel(R) Xeon(R) CPU E3-1240 V2 @ 3.40GHz, 8 cores, 11G,  Windows 10 , 64 bit Build 18362 (10.0.18362.1500)
Time: Tue Jan 17 16:42:39 2023 Hora oficial do Brasil elapsed time: 14.705263 seconds (0d 0h 0m 14s)

---------------  T H R E A D  ---------------

Current thread (0x000001af65d21800):  VMThread "VM Thread" [stack: 0x0000003a9ce00000,0x0000003a9cf00000] [id=5956]

Stack: [0x0000003a9ce00000,0x0000003a9cf00000]
[error occurred during error reporting (printing stack bounds), id 0xc0000005, EXCEPTION_ACCESS_VIOLATION (0xc0000005) at pc=0x000001af4f38112d]

Native frames: (J=compiled Java code, j=interpreted, Vv=VM code, C=native code)
V  [jvm.dll+0x6100fa]
V  [jvm.dll+0x747090]
V  [jvm.dll+0x7486ad]
V  [jvm.dll+0x748ce5]
V  [jvm.dll+0x748c9b]
V  [jvm.dll+0x60f224]
V  [jvm.dll+0x60f9b8]
C  [ntdll.dll+0xa1fff]
C  [ntdll.dll+0x6aad9]
C  [ntdll.dll+0xa0c6e]
C  0x000001af4f38112d

VM_Operation (0x0000003aa5af9a20): G1CollectForAllocation, mode: safepoint, requested by thread 0x000001af6c128000


---------------  P R O C E S S  ---------------

Threads class SMR info:
_java_thread_list=0x000001af677a2320, length=143, elements={
0x000001af4b870800, 0x000001af65d3a000, 0x000001af65d3d000, 0x000001af665ac800,
0x000001af665ad800, 0x000001af665b0800, 0x000001af665b4000, 0x000001af665ba800,
0x000001af665be000, 0x000001af6672a000, 0x000001af68e89800, 0x000001af68c8b000,
0x000001af6681d000, 0x000001af68cef000, 0x000001af6681c000, 0x000001af68c67800,
0x000001af67678800, 0x000001af68c9a000, 0x000001af69346000, 0x000001af68ecf800,
0x000001af6786b800, 0x000001af68ebf800, 0x000001af68ec1800, 0x000001af68ec0800,
0x000001af69204800, 0x000001af68ec2000, 0x000001af68ec3000, 0x000001af68ec4000,
0x000001af68ebe000, 0x000001af68ec4800, 0x000001af68ebf000, 0x000001af69edd000,
0x000001af69ede800, 0x000001af69edc000, 0x000001af69ee0800, 0x000001af69eda800,
0x000001af69edb800, 0x000001af67f7b000, 0x000001af67f77000, 0x000001af67f77800,
0x000001af67f78800, 0x000001af67f7f000, 0x000001af67f7e000, 0x000001af67f7d800,
0x000001af67f79800, 0x000001af67f7c800, 0x000001af67f80000, 0x000001af67f7a000,
0x000001af67f80800, 0x000001af67f81800, 0x000001af67f7c000, 0x000001af67f82800,
0x000001af67f84000, 0x000001af67f84800, 0x000001af67f83000, 0x000001af6bc72800,
0x000001af6bc6e000, 0x000001af6bc70800, 0x000001af6bc71000, 0x000001af6bc72000,
0x000001af6bc73800, 0x000001af6bc74800, 0x000001af6bc6e800, 0x000001af6bc75000,
0x000001af6bc6f800, 0x000001af6bc76000, 0x000001af6bc7b800, 0x000001af6bc7a000,
0x000001af6bc79800, 0x000001af6bc7c800, 0x000001af6bc77800, 0x000001af6bc77000,
0x000001af6bc78800, 0x000001af6bc7b000, 0x000001af6d889800, 0x000001af6d88d800,
0x000001af6d888800, 0x000001af6d88a800, 0x000001af6d890000, 0x000001af6d88b000,
0x000001af6d891800, 0x000001af6d88e800, 0x000001af6d88f800, 0x000001af6d88d000,
0x000001af6d891000, 0x000001af6d88c000, 0x000001af6d892800, 0x000001af6d894000,
0x000001af6d893800, 0x000001af6d895000, 0x000001af6d896000, 0x000001af6d896800,
0x000001af6d897800, 0x000001af67100800, 0x000001af67100000, 0x000001af67106800,
0x000001af67105800, 0x000001af67107800, 0x000001af67105000, 0x000001af67101800,
0x000001af67102800, 0x000001af67108000, 0x000001af67109000, 0x000001af67103000,
0x000001af67109800, 0x000001af67104000, 0x000001af6710a800, 0x000001af6710b800,
0x000001af6710c000, 0x000001af6710d000, 0x000001af6710e000, 0x000001af6710e800,
0x000001af6a4c7800, 0x000001af6a4c7000, 0x000001af6a4c8800, 0x000001af6a4c5000,
0x000001af6a4c6000, 0x000001af6a4c9800, 0x000001af6a4c4800, 0x000001af6a4cc800,
0x000001af6a4cd800, 0x000001af6a4ca000, 0x000001af6a4cf000, 0x000001af6a4d0000,
0x000001af6a4ce000, 0x000001af6a4cb800, 0x000001af6a4d0800, 0x000001af6a4cb000,
0x000001af6a4d1800, 0x000001af6a4d2000, 0x000001af6a4d3000, 0x000001af6c128000,
0x000001af6c12d000, 0x000001af6c129800, 0x000001af6c12e000, 0x000001af6c12c000,
0x000001af6c12a800, 0x000001af6c129000, 0x000001af6c12e800, 0x000001af6c131000,
0x000001af6c12f800, 0x000001af6c130000, 0x000001af6c12b800
}

Java Threads: ( => current thread )
  0x000001af4b870800 JavaThread "main" [_thread_blocked, id=5080, stack(0x0000003a9c800000,0x0000003a9c900000)]
  0x000001af65d3a000 JavaThread "Reference Handler" daemon [_thread_blocked, id=10908, stack(0x0000003a9cf00000,0x0000003a9d000000)]
  0x000001af65d3d000 JavaThread "Finalizer" daemon [_thread_blocked, id=3312, stack(0x0000003a9d000000,0x0000003a9d100000)]
  0x000001af665ac800 JavaThread "Signal Dispatcher" daemon [_thread_blocked, id=11808, stack(0x0000003a9d100000,0x0000003a9d200000)]
  0x000001af665ad800 JavaThread "Attach Listener" daemon [_thread_blocked, id=7116, stack(0x0000003a9d200000,0x0000003a9d300000)]
  0x000001af665b0800 JavaThread "Service Thread" daemon [_thread_blocked, id=10536, stack(0x0000003a9d300000,0x0000003a9d400000)]
  0x000001af665b4000 JavaThread "C2 CompilerThread0" daemon [_thread_in_native, id=10940, stack(0x0000003a9d400000,0x0000003a9d500000)]
  0x000001af665ba800 JavaThread "C1 CompilerThread0" daemon [_thread_blocked, id=1364, stack(0x0000003a9d500000,0x0000003a9d600000)]
  0x000001af665be000 JavaThread "Sweeper thread" daemon [_thread_blocked, id=8984, stack(0x0000003a9d600000,0x0000003a9d700000)]
  0x000001af6672a000 JavaThread "Common-Cleaner" daemon [_thread_blocked, id=11320, stack(0x0000003a9d700000,0x0000003a9d800000)]
  0x000001af68e89800 JavaThread "Daemon health stats" [_thread_blocked, id=10868, stack(0x0000003a9de00000,0x0000003a9df00000)]
  0x000001af68c8b000 JavaThread "Incoming local TCP Connector on port 1045" [_thread_in_native, id=8128, stack(0x0000003a9d900000,0x0000003a9da00000)]
  0x000001af6681d000 JavaThread "C2 CompilerThread1" daemon [_thread_blocked, id=8152, stack(0x0000003a9dd00000,0x0000003a9de00000)]
  0x000001af68cef000 JavaThread "Daemon periodic checks" [_thread_blocked, id=10724, stack(0x0000003a9df00000,0x0000003a9e000000)]
  0x000001af6681c000 JavaThread "Daemon" [_thread_blocked, id=2028, stack(0x0000003a9e000000,0x0000003a9e100000)]
  0x000001af68c67800 JavaThread "Handler for socket connection from /127.0.0.1:1045 to /127.0.0.1:1046" [_thread_in_native, id=10348, stack(0x0000003a9e100000,0x0000003a9e200000)]
  0x000001af67678800 JavaThread "Cancel handler" [_thread_blocked, id=12256, stack(0x0000003a9e200000,0x0000003a9e300000)]
  0x000001af68c9a000 JavaThread "Daemon worker" [_thread_blocked, id=11596, stack(0x0000003a9e300000,0x0000003a9e400000)]
  0x000001af69346000 JavaThread "Asynchronous log dispatcher for DefaultDaemonConnection: socket connection from /127.0.0.1:1045 to /127.0.0.1:1046" [_thread_blocked, id=1748, stack(0x0000003a9e400000,0x0000003a9e500000)]
  0x000001af68ecf800 JavaThread "Stdin handler" [_thread_blocked, id=6272, stack(0x0000003a9e500000,0x0000003a9e600000)]
  0x000001af6786b800 JavaThread "Daemon client event forwarder" [_thread_blocked, id=3392, stack(0x0000003a9e600000,0x0000003a9e700000)]
  0x000001af68ebf800 JavaThread "Cache worker for journal cache (C:\Users\Brendon\.gradle\caches\journal-1)" [_thread_blocked, id=9884, stack(0x0000003a9e700000,0x0000003a9e800000)]
  0x000001af68ec1800 JavaThread "File lock request listener" [_thread_in_native, id=6960, stack(0x0000003a9e800000,0x0000003a9e900000)]
  0x000001af68ec0800 JavaThread "Cache worker for file hash cache (C:\Users\Brendon\.gradle\caches\7.4\fileHashes)" [_thread_blocked, id=9696, stack(0x0000003a9e900000,0x0000003a9ea00000)]
  0x000001af69204800 JavaThread "C2 CompilerThread2" daemon [_thread_blocked, id=11176, stack(0x0000003a9ef00000,0x0000003a9f000000)]
  0x000001af68ec2000 JavaThread "File watcher server" daemon [_thread_blocked, id=10732, stack(0x0000003a9f000000,0x0000003a9f100000)]
  0x000001af68ec3000 JavaThread "File watcher consumer" daemon [_thread_blocked, id=7348, stack(0x0000003a9f100000,0x0000003a9f200000)]
  0x000001af68ec4000 JavaThread "Cache worker for checksums cache (C:\Users\Brendon\Desktop\APP_veicular\.gradle\7.4\checksums)" [_thread_blocked, id=6100, stack(0x0000003a9f200000,0x0000003a9f300000)]
  0x000001af68ebe000 JavaThread "Cache worker for cache directory md-rule (C:\Users\Brendon\.gradle\caches\7.4\md-rule)" [_thread_blocked, id=10280, stack(0x0000003a9f300000,0x0000003a9f400000)]
  0x000001af68ec4800 JavaThread "Cache worker for file hash cache (C:\Users\Brendon\Desktop\APP_veicular\.gradle\7.4\fileHashes)" [_thread_blocked, id=12252, stack(0x0000003a9f400000,0x0000003a9f500000)]
  0x000001af68ebf000 JavaThread "Cache worker for cache directory md-supplier (C:\Users\Brendon\.gradle\caches\7.4\md-supplier)" [_thread_blocked, id=11312, stack(0x0000003a9f500000,0x0000003a9f600000)]
  0x000001af69edd000 JavaThread "Cache worker for execution history cache (C:\Users\Brendon\.gradle\caches\7.4\executionHistory)" [_thread_blocked, id=2340, stack(0x0000003a9f600000,0x0000003a9f700000)]
  0x000001af69ede800 JavaThread "jar transforms" [_thread_blocked, id=8640, stack(0x0000003a9f700000,0x0000003a9f800000)]
  0x000001af69edc000 JavaThread "Cache worker for file content cache (C:\Users\Brendon\.gradle\caches\7.4\fileContent)" [_thread_blocked, id=6092, stack(0x0000003a9f800000,0x0000003a9f900000)]
  0x000001af69ee0800 JavaThread "jar transforms Thread 2" [_thread_blocked, id=11076, stack(0x0000003a9f900000,0x0000003a9fa00000)]
  0x000001af69eda800 JavaThread "Cache worker for dependencies-accessors (C:\Users\Brendon\Desktop\APP_veicular\.gradle\7.4\dependencies-accessors)" [_thread_blocked, id=7188, stack(0x0000003a9fa00000,0x0000003a9fb00000)]
  0x000001af69edb800 JavaThread "jar transforms Thread 3" [_thread_blocked, id=12204, stack(0x0000003a9fb00000,0x0000003a9fc00000)]
  0x000001af67f7b000 JavaThread "Cache worker for Build Output Cleanup Cache (C:\Users\Brendon\Desktop\APP_veicular\.gradle\buildOutputCleanup)" [_thread_blocked, id=10332, stack(0x0000003a9fc00000,0x0000003a9fd00000)]
  0x000001af67f77000 JavaThread "Unconstrained build operations" [_thread_blocked, id=11972, stack(0x0000003a9fd00000,0x0000003a9fe00000)]
  0x000001af67f77800 JavaThread "Unconstrained build operations Thread 2" [_thread_blocked, id=5116, stack(0x0000003a9fe00000,0x0000003a9ff00000)]
  0x000001af67f78800 JavaThread "Unconstrained build operations Thread 3" [_thread_blocked, id=11592, stack(0x0000003a9ff00000,0x0000003aa0000000)]
  0x000001af67f7f000 JavaThread "Unconstrained build operations Thread 4" [_thread_blocked, id=9352, stack(0x0000003aa0000000,0x0000003aa0100000)]
  0x000001af67f7e000 JavaThread "Unconstrained build operations Thread 5" [_thread_blocked, id=8068, stack(0x0000003aa0100000,0x0000003aa0200000)]
  0x000001af67f7d800 JavaThread "Unconstrained build operations Thread 6" [_thread_blocked, id=11248, stack(0x0000003aa0200000,0x0000003aa0300000)]
  0x000001af67f79800 JavaThread "Unconstrained build operations Thread 7" [_thread_blocked, id=9752, stack(0x0000003aa0300000,0x0000003aa0400000)]
  0x000001af67f7c800 JavaThread "Unconstrained build operations Thread 8" [_thread_blocked, id=1424, stack(0x0000003aa0400000,0x0000003aa0500000)]
  0x000001af67f80000 JavaThread "Unconstrained build operations Thread 9" [_thread_blocked, id=3956, stack(0x0000003aa0500000,0x0000003aa0600000)]
  0x000001af67f7a000 JavaThread "Unconstrained build operations Thread 10" [_thread_blocked, id=10160, stack(0x0000003aa0600000,0x0000003aa0700000)]
  0x000001af67f80800 JavaThread "Unconstrained build operations Thread 11" [_thread_blocked, id=11140, stack(0x0000003aa0700000,0x0000003aa0800000)]
  0x000001af67f81800 JavaThread "Unconstrained build operations Thread 12" [_thread_blocked, id=10400, stack(0x0000003aa0800000,0x0000003aa0900000)]
  0x000001af67f7c000 JavaThread "Unconstrained build operations Thread 13" [_thread_blocked, id=11216, stack(0x0000003aa0900000,0x0000003aa0a00000)]
  0x000001af67f82800 JavaThread "Unconstrained build operations Thread 14" [_thread_blocked, id=3236, stack(0x0000003aa0a00000,0x0000003aa0b00000)]
  0x000001af67f84000 JavaThread "Unconstrained build operations Thread 15" [_thread_blocked, id=8532, stack(0x0000003aa0b00000,0x0000003aa0c00000)]
  0x000001af67f84800 JavaThread "Unconstrained build operations Thread 16" [_thread_blocked, id=12212, stack(0x0000003aa0c00000,0x0000003aa0d00000)]
  0x000001af67f83000 JavaThread "Unconstrained build operations Thread 17" [_thread_blocked, id=11672, stack(0x0000003aa0d00000,0x0000003aa0e00000)]
  0x000001af6bc72800 JavaThread "Unconstrained build operations Thread 18" [_thread_blocked, id=10040, stack(0x0000003aa0e00000,0x0000003aa0f00000)]
  0x000001af6bc6e000 JavaThread "Unconstrained build operations Thread 19" [_thread_blocked, id=8484, stack(0x0000003aa0f00000,0x0000003aa1000000)]
  0x000001af6bc70800 JavaThread "Unconstrained build operations Thread 20" [_thread_blocked, id=11904, stack(0x0000003aa1000000,0x0000003aa1100000)]
  0x000001af6bc71000 JavaThread "Unconstrained build operations Thread 21" [_thread_blocked, id=10324, stack(0x0000003aa1100000,0x0000003aa1200000)]
  0x000001af6bc72000 JavaThread "Unconstrained build operations Thread 22" [_thread_blocked, id=5200, stack(0x0000003aa1200000,0x0000003aa1300000)]
  0x000001af6bc73800 JavaThread "Unconstrained build operations Thread 23" [_thread_blocked, id=2704, stack(0x0000003aa1300000,0x0000003aa1400000)]
  0x000001af6bc74800 JavaThread "Unconstrained build operations Thread 24" [_thread_blocked, id=6300, stack(0x0000003aa1400000,0x0000003aa1500000)]
  0x000001af6bc6e800 JavaThread "Unconstrained build operations Thread 25" [_thread_blocked, id=8600, stack(0x0000003aa1500000,0x0000003aa1600000)]
  0x000001af6bc75000 JavaThread "Unconstrained build operations Thread 26" [_thread_blocked, id=11812, stack(0x0000003aa1600000,0x0000003aa1700000)]
  0x000001af6bc6f800 JavaThread "Unconstrained build operations Thread 27" [_thread_blocked, id=1888, stack(0x0000003aa1700000,0x0000003aa1800000)]
  0x000001af6bc76000 JavaThread "Unconstrained build operations Thread 28" [_thread_blocked, id=11104, stack(0x0000003aa1800000,0x0000003aa1900000)]
  0x000001af6bc7b800 JavaThread "Unconstrained build operations Thread 29" [_thread_blocked, id=12280, stack(0x0000003aa1900000,0x0000003aa1a00000)]
  0x000001af6bc7a000 JavaThread "Unconstrained build operations Thread 30" [_thread_blocked, id=11816, stack(0x0000003aa1a00000,0x0000003aa1b00000)]
  0x000001af6bc79800 JavaThread "Unconstrained build operations Thread 31" [_thread_blocked, id=9912, stack(0x0000003aa1b00000,0x0000003aa1c00000)]
  0x000001af6bc7c800 JavaThread "Unconstrained build operations Thread 32" [_thread_blocked, id=8392, stack(0x0000003aa1c00000,0x0000003aa1d00000)]
  0x000001af6bc77800 JavaThread "Unconstrained build operations Thread 33" [_thread_blocked, id=4376, stack(0x0000003aa1d00000,0x0000003aa1e00000)]
  0x000001af6bc77000 JavaThread "Unconstrained build operations Thread 34" [_thread_blocked, id=10276, stack(0x0000003aa1e00000,0x0000003aa1f00000)]
  0x000001af6bc78800 JavaThread "Unconstrained build operations Thread 35" [_thread_blocked, id=5896, stack(0x0000003aa1f00000,0x0000003aa2000000)]
  0x000001af6bc7b000 JavaThread "Unconstrained build operations Thread 36" [_thread_blocked, id=4856, stack(0x0000003aa2000000,0x0000003aa2100000)]
  0x000001af6d889800 JavaThread "Unconstrained build operations Thread 37" [_thread_blocked, id=8596, stack(0x0000003aa2100000,0x0000003aa2200000)]
  0x000001af6d88d800 JavaThread "Unconstrained build operations Thread 38" [_thread_blocked, id=8404, stack(0x0000003aa2200000,0x0000003aa2300000)]
  0x000001af6d888800 JavaThread "Unconstrained build operations Thread 39" [_thread_blocked, id=6312, stack(0x0000003aa2300000,0x0000003aa2400000)]
  0x000001af6d88a800 JavaThread "Unconstrained build operations Thread 40" [_thread_blocked, id=2500, stack(0x0000003aa2400000,0x0000003aa2500000)]
  0x000001af6d890000 JavaThread "Unconstrained build operations Thread 41" [_thread_blocked, id=1004, stack(0x0000003aa2500000,0x0000003aa2600000)]
  0x000001af6d88b000 JavaThread "Unconstrained build operations Thread 42" [_thread_blocked, id=9480, stack(0x0000003aa2600000,0x0000003aa2700000)]
  0x000001af6d891800 JavaThread "Unconstrained build operations Thread 43" [_thread_blocked, id=11252, stack(0x0000003aa2700000,0x0000003aa2800000)]
  0x000001af6d88e800 JavaThread "Unconstrained build operations Thread 44" [_thread_blocked, id=11064, stack(0x0000003aa2800000,0x0000003aa2900000)]
  0x000001af6d88f800 JavaThread "Unconstrained build operations Thread 45" [_thread_blocked, id=7816, stack(0x0000003aa2900000,0x0000003aa2a00000)]
  0x000001af6d88d000 JavaThread "Unconstrained build operations Thread 46" [_thread_blocked, id=1520, stack(0x0000003aa2a00000,0x0000003aa2b00000)]
  0x000001af6d891000 JavaThread "Unconstrained build operations Thread 47" [_thread_blocked, id=11656, stack(0x0000003aa2b00000,0x0000003aa2c00000)]
  0x000001af6d88c000 JavaThread "Unconstrained build operations Thread 48" [_thread_blocked, id=2376, stack(0x0000003aa2c00000,0x0000003aa2d00000)]
  0x000001af6d892800 JavaThread "Unconstrained build operations Thread 49" [_thread_blocked, id=6880, stack(0x0000003aa2d00000,0x0000003aa2e00000)]
  0x000001af6d894000 JavaThread "Unconstrained build operations Thread 50" [_thread_blocked, id=10568, stack(0x0000003aa2e00000,0x0000003aa2f00000)]
  0x000001af6d893800 JavaThread "Unconstrained build operations Thread 51" [_thread_blocked, id=10996, stack(0x0000003aa2f00000,0x0000003aa3000000)]
  0x000001af6d895000 JavaThread "Unconstrained build operations Thread 52" [_thread_blocked, id=1852, stack(0x0000003aa3000000,0x0000003aa3100000)]
  0x000001af6d896000 JavaThread "Unconstrained build operations Thread 53" [_thread_blocked, id=7056, stack(0x0000003aa3100000,0x0000003aa3200000)]
  0x000001af6d896800 JavaThread "Unconstrained build operations Thread 54" [_thread_blocked, id=3368, stack(0x0000003aa3200000,0x0000003aa3300000)]
  0x000001af6d897800 JavaThread "Unconstrained build operations Thread 55" [_thread_blocked, id=11676, stack(0x0000003aa3300000,0x0000003aa3400000)]
  0x000001af67100800 JavaThread "Unconstrained build operations Thread 56" [_thread_blocked, id=6256, stack(0x0000003aa3400000,0x0000003aa3500000)]
  0x000001af67100000 JavaThread "Unconstrained build operations Thread 57" [_thread_blocked, id=11408, stack(0x0000003aa3500000,0x0000003aa3600000)]
  0x000001af67106800 JavaThread "Unconstrained build operations Thread 58" [_thread_blocked, id=11324, stack(0x0000003aa3600000,0x0000003aa3700000)]
  0x000001af67105800 JavaThread "Unconstrained build operations Thread 59" [_thread_blocked, id=9872, stack(0x0000003aa3700000,0x0000003aa3800000)]
  0x000001af67107800 JavaThread "Unconstrained build operations Thread 60" [_thread_blocked, id=5428, stack(0x0000003aa3800000,0x0000003aa3900000)]
  0x000001af67105000 JavaThread "Unconstrained build operations Thread 61" [_thread_blocked, id=7780, stack(0x0000003aa3900000,0x0000003aa3a00000)]
  0x000001af67101800 JavaThread "Unconstrained build operations Thread 62" [_thread_blocked, id=10052, stack(0x0000003aa3a00000,0x0000003aa3b00000)]
  0x000001af67102800 JavaThread "Unconstrained build operations Thread 63" [_thread_blocked, id=11784, stack(0x0000003aa3b00000,0x0000003aa3c00000)]
  0x000001af67108000 JavaThread "Unconstrained build operations Thread 64" [_thread_blocked, id=11428, stack(0x0000003aa3c00000,0x0000003aa3d00000)]
  0x000001af67109000 JavaThread "Unconstrained build operations Thread 65" [_thread_blocked, id=10712, stack(0x0000003aa3d00000,0x0000003aa3e00000)]
  0x000001af67103000 JavaThread "Unconstrained build operations Thread 66" [_thread_blocked, id=11068, stack(0x0000003aa3e00000,0x0000003aa3f00000)]
  0x000001af67109800 JavaThread "Unconstrained build operations Thread 67" [_thread_blocked, id=6288, stack(0x0000003aa3f00000,0x0000003aa4000000)]
  0x000001af67104000 JavaThread "Unconstrained build operations Thread 68" [_thread_blocked, id=2852, stack(0x0000003aa4000000,0x0000003aa4100000)]
  0x000001af6710a800 JavaThread "Unconstrained build operations Thread 69" [_thread_blocked, id=10028, stack(0x0000003aa4100000,0x0000003aa4200000)]
  0x000001af6710b800 JavaThread "Unconstrained build operations Thread 70" [_thread_blocked, id=9724, stack(0x0000003aa4200000,0x0000003aa4300000)]
  0x000001af6710c000 JavaThread "Unconstrained build operations Thread 71" [_thread_blocked, id=10272, stack(0x0000003aa4300000,0x0000003aa4400000)]
  0x000001af6710d000 JavaThread "Unconstrained build operations Thread 72" [_thread_blocked, id=11916, stack(0x0000003aa4400000,0x0000003aa4500000)]
  0x000001af6710e000 JavaThread "Unconstrained build operations Thread 73" [_thread_blocked, id=9692, stack(0x0000003aa4500000,0x0000003aa4600000)]
  0x000001af6710e800 JavaThread "Unconstrained build operations Thread 74" [_thread_blocked, id=5352, stack(0x0000003aa4600000,0x0000003aa4700000)]
  0x000001af6a4c7800 JavaThread "Unconstrained build operations Thread 75" [_thread_blocked, id=9076, stack(0x0000003aa4700000,0x0000003aa4800000)]
  0x000001af6a4c7000 JavaThread "Unconstrained build operations Thread 76" [_thread_blocked, id=264, stack(0x0000003aa4800000,0x0000003aa4900000)]
  0x000001af6a4c8800 JavaThread "Unconstrained build operations Thread 77" [_thread_blocked, id=11044, stack(0x0000003aa4900000,0x0000003aa4a00000)]
  0x000001af6a4c5000 JavaThread "Unconstrained build operations Thread 78" [_thread_blocked, id=12132, stack(0x0000003aa4a00000,0x0000003aa4b00000)]
  0x000001af6a4c6000 JavaThread "Unconstrained build operations Thread 79" [_thread_blocked, id=2244, stack(0x0000003aa4b00000,0x0000003aa4c00000)]
  0x000001af6a4c9800 JavaThread "Unconstrained build operations Thread 80" [_thread_blocked, id=6460, stack(0x0000003aa4c00000,0x0000003aa4d00000)]
  0x000001af6a4c4800 JavaThread "jar transforms Thread 4" [_thread_blocked, id=2848, stack(0x0000003aa4d00000,0x0000003aa4e00000)]
  0x000001af6a4cc800 JavaThread "jar transforms Thread 5" [_thread_blocked, id=10684, stack(0x0000003aa4e00000,0x0000003aa4f00000)]
  0x000001af6a4cd800 JavaThread "jar transforms Thread 6" [_thread_blocked, id=10036, stack(0x0000003aa4f00000,0x0000003aa5000000)]
  0x000001af6a4ca000 JavaThread "jar transforms Thread 7" [_thread_blocked, id=3588, stack(0x0000003aa5000000,0x0000003aa5100000)]
  0x000001af6a4cf000 JavaThread "jar transforms Thread 8" [_thread_blocked, id=3836, stack(0x0000003aa5100000,0x0000003aa5200000)]
  0x000001af6a4d0000 JavaThread "Memory manager" [_thread_blocked, id=11608, stack(0x0000003aa5200000,0x0000003aa5300000)]
  0x000001af6a4ce000 JavaThread "build event listener" [_thread_blocked, id=12272, stack(0x0000003aa5300000,0x0000003aa5400000)]
  0x000001af6a4cb800 JavaThread "included builds" [_thread_blocked, id=11192, stack(0x0000003aa5400000,0x0000003aa5500000)]
  0x000001af6a4d0800 JavaThread "Execution worker for ':'" [_thread_blocked, id=10600, stack(0x0000003aa5500000,0x0000003aa5600000)]
  0x000001af6a4cb000 JavaThread "Execution worker for ':' Thread 2" [_thread_blocked, id=8480, stack(0x0000003aa5600000,0x0000003aa5700000)]
  0x000001af6a4d1800 JavaThread "Execution worker for ':' Thread 3" [_thread_blocked, id=11396, stack(0x0000003aa5700000,0x0000003aa5800000)]
  0x000001af6a4d2000 JavaThread "Execution worker for ':' Thread 4" [_thread_blocked, id=11840, stack(0x0000003aa5800000,0x0000003aa5900000)]
  0x000001af6a4d3000 JavaThread "Execution worker for ':' Thread 5" [_thread_blocked, id=10888, stack(0x0000003aa5900000,0x0000003aa5a00000)]
  0x000001af6c128000 JavaThread "Execution worker for ':' Thread 6" [_thread_blocked, id=6852, stack(0x0000003aa5a00000,0x0000003aa5b00000)]
  0x000001af6c12d000 JavaThread "Execution worker for ':' Thread 7" [_thread_blocked, id=7268, stack(0x0000003aa5b00000,0x0000003aa5c00000)]
  0x000001af6c129800 JavaThread "Cache worker for execution history cache (C:\Users\Brendon\Desktop\APP_veicular\.gradle\7.4\executionHistory)" [_thread_blocked, id=11628, stack(0x0000003aa5c00000,0x0000003aa5d00000)]
  0x000001af6c12e000 JavaThread "Cache worker for Java compile cache (C:\Users\Brendon\.gradle\caches\7.4\javaCompile)" [_thread_blocked, id=11008, stack(0x0000003aa5d00000,0x0000003aa5e00000)]
  0x000001af6c12c000 JavaThread "Build operations" [_thread_blocked, id=1232, stack(0x0000003aa5e00000,0x0000003aa5f00000)]
  0x000001af6c12a800 JavaThread "Build operations Thread 2" [_thread_blocked, id=5364, stack(0x0000003aa5f00000,0x0000003aa6000000)]
  0x000001af6c129000 JavaThread "Build operations Thread 3" [_thread_blocked, id=11132, stack(0x0000003aa6000000,0x0000003aa6100000)]
  0x000001af6c12e800 JavaThread "Build operations Thread 4" [_thread_blocked, id=2404, stack(0x0000003aa6100000,0x0000003aa6200000)]
  0x000001af6c131000 JavaThread "Build operations Thread 5" [_thread_blocked, id=1828, stack(0x0000003aa6200000,0x0000003aa6300000)]
  0x000001af6c12f800 JavaThread "Build operations Thread 6" [_thread_blocked, id=7120, stack(0x0000003aa6300000,0x0000003aa6400000)]
  0x000001af6c130000 JavaThread "Build operations Thread 7" [_thread_blocked, id=12092, stack(0x0000003aa6400000,0x0000003aa6500000)]
  0x000001af6c12b800 JavaThread "Build operations Thread 8" [_thread_blocked, id=8220, stack(0x0000003aa6500000,0x0000003aa6600000)]

Other Threads:
=>0x000001af65d21800 VMThread "VM Thread" [stack: 0x0000003a9ce00000,0x0000003a9cf00000] [id=5956]
  0x000001af66768000 WatcherThread [stack: 0x0000003a9d800000,0x0000003a9d900000] [id=5992]
  0x000001af4b889000 GCTaskThread "GC Thread#0" [stack: 0x0000003a9c900000,0x0000003a9ca00000] [id=10516]
  0x000001af67855000 GCTaskThread "GC Thread#1" [stack: 0x0000003a9da00000,0x0000003a9db00000] [id=8252]
  0x000001af67850000 GCTaskThread "GC Thread#2" [stack: 0x0000003a9db00000,0x0000003a9dc00000] [id=10960]
  0x000001af67856000 GCTaskThread "GC Thread#3" [stack: 0x0000003a9dc00000,0x0000003a9dd00000] [id=10620]
  0x000001af6784f800 GCTaskThread "GC Thread#4" [stack: 0x0000003a9ea00000,0x0000003a9eb00000] [id=11872]
  0x000001af67851000 GCTaskThread "GC Thread#5" [stack: 0x0000003a9eb00000,0x0000003a9ec00000] [id=9728]
  0x000001af67853000 GCTaskThread "GC Thread#6" [stack: 0x0000003a9ec00000,0x0000003a9ed00000] [id=12104]
  0x000001af67856800 GCTaskThread "GC Thread#7" [stack: 0x0000003a9ed00000,0x0000003a9ee00000] [id=10492]
  0x000001af4b8bb800 ConcurrentGCThread "G1 Main Marker" [stack: 0x0000003a9ca00000,0x0000003a9cb00000] [id=9016]
  0x000001af4b8bd000 ConcurrentGCThread "G1 Conc#0" [stack: 0x0000003a9cb00000,0x0000003a9cc00000] [id=10672]
  0x000001af67852000 ConcurrentGCThread "G1 Conc#1" [stack: 0x0000003a9ee00000,0x0000003a9ef00000] [id=32]
  0x000001af4b93d800 ConcurrentGCThread "G1 Refine#0" [stack: 0x0000003a9cc00000,0x0000003a9cd00000] [id=10472]
  0x000001af69b82000 ConcurrentGCThread "G1 Refine#1" [stack: 0x0000003aa6600000,0x0000003aa6700000] [id=9452]
  0x000001af6e308800 ConcurrentGCThread "G1 Refine#2" [stack: 0x0000003aa6700000,0x0000003aa6800000] [id=10088]
  0x000001af65b96800 ConcurrentGCThread "G1 Young RemSet Sampling" [stack: 0x0000003a9cd00000,0x0000003a9ce00000] [id=12112]

Threads with active compile tasks:
C2 CompilerThread0  14725 11694       4       org.gradle.cache.internal.btree.CachingBlockStore::read (56 bytes)
C2 CompilerThread1  14725 11718       4       java.util.ArrayList::<init> (63 bytes)
C2 CompilerThread2  14725 11668       4       org.gradle.cache.internal.btree.FreeListBlockStore::read (12 bytes)

VM state:at safepoint (normal execution)

VM Mutex/Monitor currently owned by a thread:  ([mutex/lock_event])
[0x000001af4b86ce60] Threads_lock - owner thread: 0x000001af65d21800
[0x000001af4b86dbe0] Heap_lock - owner thread: 0x000001af6c128000

Heap address: 0x0000000080000000, size: 2048 MB, Compressed Oops mode: 32-bit
Narrow klass base: 0x0000000000000000, Narrow klass shift: 3
Compressed class space size: 1073741824 Address: 0x0000000100000000

Heap:
 garbage-first heap   total 236544K, used 98305K [0x0000000080000000, 0x0000000100000000)
  region size 1024K, 3 young (3072K), 3 survivors (3072K)
 Metaspace       used 93584K, capacity 96063K, committed 96284K, reserved 1132544K
  class space    used 12032K, capacity 13001K, committed 13004K, reserved 1048576K
Heap Regions: E=young(eden), S=young(survivor), O=old, HS=humongous(starts), HC=humongous(continues), CS=collection set, F=free, A=archive, TAMS=top-at-mark-start (previous, next)
|   0|0x0000000080000000, 0x0000000080100000, 0x0000000080100000|100%| O|  |TAMS 0x0000000080100000, 0x0000000080100000| Untracked 
|   1|0x0000000080100000, 0x0000000080200000, 0x0000000080200000|100%| O|  |TAMS 0x0000000080200000, 0x0000000080200000| Untracked 
|   2|0x0000000080200000, 0x0000000080300000, 0x0000000080300000|100%| O|  |TAMS 0x0000000080300000, 0x0000000080300000| Untracked 
|   3|0x0000000080300000, 0x0000000080400000, 0x0000000080400000|100%|HS|  |TAMS 0x0000000080400000, 0x0000000080400000| Complete 
|   4|0x0000000080400000, 0x0000000080500000, 0x0000000080500000|100%|HC|  |TAMS 0x0000000080500000, 0x0000000080500000| Complete 
|   5|0x0000000080500000, 0x0000000080600000, 0x0000000080600000|100%|HC|  |TAMS 0x0000000080600000, 0x0000000080600000| Complete 
|   6|0x0000000080600000, 0x0000000080700000, 0x0000000080700000|100%| O|  |TAMS 0x0000000080700000, 0x0000000080700000| Untracked 
|   7|0x0000000080700000, 0x0000000080800000, 0x0000000080800000|100%| O|  |TAMS 0x0000000080800000, 0x0000000080800000| Untracked 
|   8|0x0000000080800000, 0x0000000080900000, 0x0000000080900000|100%| O|  |TAMS 0x0000000080900000, 0x0000000080900000| Untracked 
|   9|0x0000000080900000, 0x0000000080a00000, 0x0000000080a00000|100%| O|  |TAMS 0x0000000080a00000, 0x0000000080a00000| Untracked 
|  10|0x0000000080a00000, 0x0000000080b00000, 0x0000000080b00000|100%| O|  |TAMS 0x0000000080b00000, 0x0000000080b00000| Untracked 
|  11|0x0000000080b00000, 0x0000000080c00000, 0x0000000080c00000|100%| O|  |TAMS 0x0000000080c00000, 0x0000000080c00000| Untracked 
|  12|0x0000000080c00000, 0x0000000080d00000, 0x0000000080d00000|100%| O|  |TAMS 0x0000000080d00000, 0x0000000080d00000| Untracked 
|  13|0x0000000080d00000, 0x0000000080e00000, 0x0000000080e00000|100%| O|  |TAMS 0x0000000080e00000, 0x0000000080e00000| Untracked 
|  14|0x0000000080e00000, 0x0000000080f00000, 0x0000000080f00000|100%| O|  |TAMS 0x0000000080f00000, 0x0000000080f00000| Untracked 
|  15|0x0000000080f00000, 0x0000000081000000, 0x0000000081000000|100%| O|  |TAMS 0x0000000081000000, 0x0000000081000000| Untracked 
|  16|0x0000000081000000, 0x0000000081100000, 0x0000000081100000|100%| O|  |TAMS 0x0000000081100000, 0x0000000081100000| Untracked 
|  17|0x0000000081100000, 0x0000000081200000, 0x0000000081200000|100%|HS|  |TAMS 0x0000000081200000, 0x0000000081200000| Complete 
|  18|0x0000000081200000, 0x0000000081300000, 0x0000000081300000|100%|HS|  |TAMS 0x0000000081300000, 0x0000000081300000| Complete 
|  19|0x0000000081300000, 0x0000000081400000, 0x0000000081400000|100%| O|  |TAMS 0x0000000081400000, 0x0000000081400000| Untracked 
|  20|0x0000000081400000, 0x0000000081500000, 0x0000000081500000|100%|HS|  |TAMS 0x0000000081500000, 0x0000000081500000| Complete 
|  21|0x0000000081500000, 0x0000000081600000, 0x0000000081600000|100%|HC|  |TAMS 0x0000000081600000, 0x0000000081600000| Complete 
|  22|0x0000000081600000, 0x0000000081700000, 0x0000000081700000|100%| O|  |TAMS 0x0000000081700000, 0x0000000081700000| Untracked 
|  23|0x0000000081700000, 0x0000000081800000, 0x0000000081800000|100%| O|  |TAMS 0x0000000081800000, 0x0000000081800000| Untracked 
|  24|0x0000000081800000, 0x0000000081900000, 0x0000000081900000|100%| O|  |TAMS 0x0000000081900000, 0x0000000081900000| Untracked 
|  25|0x0000000081900000, 0x0000000081a00000, 0x0000000081a00000|100%| O|  |TAMS 0x0000000081a00000, 0x0000000081a00000| Untracked 
|  26|0x0000000081a00000, 0x0000000081b00000, 0x0000000081b00000|100%| O|  |TAMS 0x0000000081b00000, 0x0000000081b00000| Untracked 
|  27|0x0000000081b00000, 0x0000000081c00000, 0x0000000081c00000|100%| O|  |TAMS 0x0000000081c00000, 0x0000000081c00000| Untracked 
|  28|0x0000000081c00000, 0x0000000081d00000, 0x0000000081d00000|100%| O|  |TAMS 0x0000000081d00000, 0x0000000081d00000| Untracked 
|  29|0x0000000081d00000, 0x0000000081e00000, 0x0000000081e00000|100%| O|  |TAMS 0x0000000081e00000, 0x0000000081e00000| Untracked 
|  30|0x0000000081e00000, 0x0000000081f00000, 0x0000000081f00000|100%| O|  |TAMS 0x0000000081f00000, 0x0000000081f00000| Untracked 
|  31|0x0000000081f00000, 0x0000000082000000, 0x0000000082000000|100%| O|  |TAMS 0x0000000082000000, 0x0000000082000000| Untracked 
|  32|0x0000000082000000, 0x0000000082100000, 0x0000000082100000|100%| O|  |TAMS 0x0000000082100000, 0x0000000082100000| Untracked 
|  33|0x0000000082100000, 0x0000000082200000, 0x0000000082200000|100%| O|  |TAMS 0x0000000082200000, 0x0000000082200000| Untracked 
|  34|0x0000000082200000, 0x0000000082300000, 0x0000000082300000|100%| O|  |TAMS 0x0000000082300000, 0x0000000082300000| Untracked 
|  35|0x0000000082300000, 0x0000000082400000, 0x0000000082400000|100%| O|  |TAMS 0x0000000082400000, 0x0000000082400000| Untracked 
|  36|0x0000000082400000, 0x0000000082500000, 0x0000000082500000|100%| O|  |TAMS 0x0000000082500000, 0x0000000082500000| Untracked 
|  37|0x0000000082500000, 0x0000000082600000, 0x0000000082600000|100%| O|  |TAMS 0x0000000082600000, 0x0000000082600000| Untracked 
|  38|0x0000000082600000, 0x0000000082700000, 0x0000000082700000|100%| O|  |TAMS 0x0000000082700000, 0x0000000082700000| Untracked 
|  39|0x0000000082700000, 0x0000000082800000, 0x0000000082800000|100%| O|  |TAMS 0x0000000082800000, 0x0000000082800000| Untracked 
|  40|0x0000000082800000, 0x0000000082900000, 0x0000000082900000|100%| O|  |TAMS 0x0000000082830800, 0x0000000082900000| Untracked 
|  41|0x0000000082900000, 0x0000000082a00000, 0x0000000082a00000|100%| O|  |TAMS 0x0000000082900000, 0x0000000082a00000| Untracked 
|  42|0x0000000082a00000, 0x0000000082b00000, 0x0000000082b00000|100%| O|  |TAMS 0x0000000082a00000, 0x0000000082b00000| Untracked 
|  43|0x0000000082b00000, 0x0000000082c00000, 0x0000000082c00000|100%| O|  |TAMS 0x0000000082b00000, 0x0000000082c00000| Untracked 
|  44|0x0000000082c00000, 0x0000000082d00000, 0x0000000082d00000|100%| O|  |TAMS 0x0000000082c00000, 0x0000000082d00000| Untracked 
|  45|0x0000000082d00000, 0x0000000082e00000, 0x0000000082e00000|100%| O|  |TAMS 0x0000000082d00000, 0x0000000082e00000| Untracked 
|  46|0x0000000082e00000, 0x0000000082f00000, 0x0000000082f00000|100%| O|  |TAMS 0x0000000082e00000, 0x0000000082f00000| Untracked 
|  47|0x0000000082f00000, 0x0000000083000000, 0x0000000083000000|100%| O|  |TAMS 0x0000000082f00000, 0x0000000083000000| Untracked 
|  48|0x0000000083000000, 0x0000000083100000, 0x0000000083100000|100%| O|  |TAMS 0x0000000083000000, 0x0000000083100000| Untracked 
|  49|0x0000000083100000, 0x0000000083200000, 0x0000000083200000|100%| O|  |TAMS 0x0000000083100000, 0x0000000083200000| Untracked 
|  50|0x0000000083200000, 0x0000000083300000, 0x0000000083300000|100%| O|  |TAMS 0x0000000083200000, 0x0000000083300000| Untracked 
|  51|0x0000000083300000, 0x0000000083400000, 0x0000000083400000|100%| O|  |TAMS 0x0000000083300000, 0x0000000083400000| Untracked 
|  52|0x0000000083400000, 0x0000000083500000, 0x0000000083500000|100%| O|  |TAMS 0x0000000083400000, 0x0000000083500000| Untracked 
|  53|0x0000000083500000, 0x0000000083600000, 0x0000000083600000|100%| O|  |TAMS 0x0000000083500000, 0x0000000083600000| Untracked 
|  54|0x0000000083600000, 0x0000000083700000, 0x0000000083700000|100%| O|  |TAMS 0x0000000083600000, 0x0000000083700000| Untracked 
|  55|0x0000000083700000, 0x0000000083800000, 0x0000000083800000|100%| O|  |TAMS 0x0000000083700000, 0x0000000083800000| Untracked 
|  56|0x0000000083800000, 0x0000000083900000, 0x0000000083900000|100%| O|  |TAMS 0x0000000083800000, 0x0000000083900000| Untracked 
|  57|0x0000000083900000, 0x0000000083a00000, 0x0000000083a00000|100%| O|  |TAMS 0x0000000083900000, 0x0000000083a00000| Untracked 
|  58|0x0000000083a00000, 0x0000000083b00000, 0x0000000083b00000|100%| O|  |TAMS 0x0000000083a00000, 0x0000000083b00000| Untracked 
|  59|0x0000000083b00000, 0x0000000083c00000, 0x0000000083c00000|100%| O|  |TAMS 0x0000000083b00000, 0x0000000083c00000| Untracked 
|  60|0x0000000083c00000, 0x0000000083d00000, 0x0000000083d00000|100%| O|  |TAMS 0x0000000083c00000, 0x0000000083d00000| Untracked 
|  61|0x0000000083d00000, 0x0000000083e00000, 0x0000000083e00000|100%| O|  |TAMS 0x0000000083d00000, 0x0000000083e00000| Untracked 
|  62|0x0000000083e00000, 0x0000000083f00000, 0x0000000083f00000|100%| O|  |TAMS 0x0000000083e00000, 0x0000000083f00000| Untracked 
|  63|0x0000000083f00000, 0x0000000084000000, 0x0000000084000000|100%| O|  |TAMS 0x0000000083f00000, 0x0000000084000000| Untracked 
|  64|0x0000000084000000, 0x0000000084100000, 0x0000000084100000|100%| O|  |TAMS 0x0000000084000000, 0x0000000084100000| Untracked 
|  65|0x0000000084100000, 0x0000000084200000, 0x0000000084200000|100%| O|  |TAMS 0x0000000084100000, 0x0000000084200000| Untracked 
|  66|0x0000000084200000, 0x0000000084300000, 0x0000000084300000|100%| O|  |TAMS 0x0000000084200000, 0x0000000084300000| Untracked 
|  67|0x0000000084300000, 0x0000000084400000, 0x0000000084400000|100%| O|  |TAMS 0x0000000084300000, 0x0000000084400000| Untracked 
|  68|0x0000000084400000, 0x0000000084500000, 0x0000000084500000|100%|HS|  |TAMS 0x0000000084400000, 0x0000000084500000| Complete 
|  69|0x0000000084500000, 0x0000000084600000, 0x0000000084600000|100%|HC|  |TAMS 0x0000000084500000, 0x0000000084600000| Complete 
|  70|0x0000000084600000, 0x0000000084700000, 0x0000000084700000|100%| O|  |TAMS 0x0000000084600000, 0x0000000084700000| Untracked 
|  71|0x0000000084700000, 0x0000000084800000, 0x0000000084800000|100%| O|  |TAMS 0x0000000084700000, 0x0000000084800000| Untracked 
|  72|0x0000000084800000, 0x0000000084900000, 0x0000000084900000|100%| O|  |TAMS 0x0000000084800000, 0x0000000084900000| Untracked 
|  73|0x0000000084900000, 0x0000000084a00000, 0x0000000084a00000|100%| O|  |TAMS 0x0000000084900000, 0x0000000084a00000| Untracked 
|  74|0x0000000084a00000, 0x0000000084b00000, 0x0000000084b00000|100%| O|  |TAMS 0x0000000084a00000, 0x0000000084b00000| Untracked 
|  75|0x0000000084b00000, 0x0000000084c00000, 0x0000000084c00000|100%| O|  |TAMS 0x0000000084b00000, 0x0000000084c00000| Untracked 
|  76|0x0000000084c00000, 0x0000000084d00000, 0x0000000084d00000|100%| O|  |TAMS 0x0000000084c00000, 0x0000000084d00000| Untracked 
|  77|0x0000000084d00000, 0x0000000084e00000, 0x0000000084e00000|100%| O|  |TAMS 0x0000000084d00000, 0x0000000084e00000| Untracked 
|  78|0x0000000084e00000, 0x0000000084f00000, 0x0000000084f00000|100%| O|  |TAMS 0x0000000084e00000, 0x0000000084f00000| Untracked 
|  79|0x0000000084f00000, 0x0000000085000000, 0x0000000085000000|100%| O|  |TAMS 0x0000000084f00000, 0x0000000085000000| Untracked 
|  80|0x0000000085000000, 0x0000000085100000, 0x0000000085100000|100%| O|  |TAMS 0x0000000085000000, 0x0000000085100000| Untracked 
|  81|0x0000000085100000, 0x0000000085200000, 0x0000000085200000|100%| O|  |TAMS 0x0000000085100000, 0x0000000085200000| Untracked 
|  82|0x0000000085200000, 0x0000000085300000, 0x0000000085300000|100%| O|  |TAMS 0x0000000085200000, 0x0000000085300000| Untracked 
|  83|0x0000000085300000, 0x0000000085400000, 0x0000000085400000|100%| O|  |TAMS 0x0000000085300000, 0x0000000085400000| Untracked 
|  84|0x0000000085400000, 0x0000000085500000, 0x0000000085500000|100%| O|  |TAMS 0x0000000085400000, 0x0000000085500000| Untracked 
|  85|0x0000000085500000, 0x0000000085600000, 0x0000000085600000|100%| O|  |TAMS 0x0000000085500000, 0x0000000085600000| Untracked 
|  86|0x0000000085600000, 0x0000000085700000, 0x0000000085700000|100%| O|  |TAMS 0x0000000085600000, 0x0000000085700000| Untracked 
|  87|0x0000000085700000, 0x0000000085800000, 0x0000000085800000|100%| O|  |TAMS 0x0000000085700000, 0x0000000085800000| Untracked 
|  88|0x0000000085800000, 0x0000000085900000, 0x0000000085900000|100%| O|  |TAMS 0x0000000085800000, 0x0000000085900000| Untracked 
|  89|0x0000000085900000, 0x0000000085a00000, 0x0000000085a00000|100%| O|  |TAMS 0x0000000085900000, 0x0000000085a00000| Untracked 
|  90|0x0000000085a00000, 0x0000000085b00000, 0x0000000085b00000|100%| O|  |TAMS 0x0000000085a00000, 0x0000000085b00000| Untracked 
|  91|0x0000000085b00000, 0x0000000085c00000, 0x0000000085c00000|100%| O|  |TAMS 0x0000000085b00000, 0x0000000085c00000| Untracked 
|  92|0x0000000085c00000, 0x0000000085d00000, 0x0000000085d00000|100%| O|  |TAMS 0x0000000085c00000, 0x0000000085d00000| Untracked 
|  93|0x0000000085d00000, 0x0000000085d9e000, 0x0000000085e00000| 61%| O|  |TAMS 0x0000000085d00000, 0x0000000085d9e000| Untracked 
|  94|0x0000000085e00000, 0x0000000085e00000, 0x0000000085f00000|  0%| F|  |TAMS 0x0000000085e00000, 0x0000000085e00000| Untracked 
|  95|0x0000000085f00000, 0x0000000085f00000, 0x0000000086000000|  0%| F|  |TAMS 0x0000000085f00000, 0x0000000085f00000| Untracked 
|  96|0x0000000086000000, 0x0000000086000000, 0x0000000086100000|  0%| F|  |TAMS 0x0000000086000000, 0x0000000086000000| Untracked 
|  97|0x0000000086100000, 0x0000000086100000, 0x0000000086200000|  0%| F|  |TAMS 0x0000000086100000, 0x0000000086100000| Untracked 
|  98|0x0000000086200000, 0x0000000086200000, 0x0000000086300000|  0%| F|  |TAMS 0x0000000086200000, 0x0000000086200000| Untracked 
|  99|0x0000000086300000, 0x0000000086300000, 0x0000000086400000|  0%| F|  |TAMS 0x0000000086300000, 0x0000000086300000| Untracked 
| 100|0x0000000086400000, 0x0000000086400000, 0x0000000086500000|  0%| F|  |TAMS 0x0000000086400000, 0x0000000086400000| Untracked 
| 101|0x0000000086500000, 0x0000000086500000, 0x0000000086600000|  0%| F|  |TAMS 0x0000000086500000, 0x0000000086500000| Untracked 
| 102|0x0000000086600000, 0x0000000086600000, 0x0000000086700000|  0%| F|  |TAMS 0x0000000086600000, 0x0000000086600000| Untracked 
| 103|0x0000000086700000, 0x0000000086700000, 0x0000000086800000|  0%| F|  |TAMS 0x0000000086700000, 0x0000000086700000| Untracked 
| 104|0x0000000086800000, 0x0000000086800000, 0x0000000086900000|  0%| F|  |TAMS 0x0000000086800000, 0x0000000086800000| Untracked 
| 105|0x0000000086900000, 0x0000000086900000, 0x0000000086a00000|  0%| F|  |TAMS 0x0000000086900000, 0x0000000086900000| Untracked 
| 106|0x0000000086a00000, 0x0000000086a00000, 0x0000000086b00000|  0%| F|  |TAMS 0x0000000086a00000, 0x0000000086a00000| Untracked 
| 107|0x0000000086b00000, 0x0000000086b00000, 0x0000000086c00000|  0%| F|  |TAMS 0x0000000086b00000, 0x0000000086b00000| Untracked 
| 108|0x0000000086c00000, 0x0000000086c00000, 0x0000000086d00000|  0%| F|  |TAMS 0x0000000086c00000, 0x0000000086c00000| Untracked 
| 109|0x0000000086d00000, 0x0000000086d00000, 0x0000000086e00000|  0%| F|  |TAMS 0x0000000086d00000, 0x0000000086d00000| Untracked 
| 110|0x0000000086e00000, 0x0000000086e00000, 0x0000000086f00000|  0%| F|  |TAMS 0x0000000086e00000, 0x0000000086e00000| Untracked 
| 111|0x0000000086f00000, 0x0000000086f00000, 0x0000000087000000|  0%| F|  |TAMS 0x0000000086f00000, 0x0000000086f00000| Untracked 
| 112|0x0000000087000000, 0x0000000087000000, 0x0000000087100000|  0%| F|  |TAMS 0x0000000087000000, 0x0000000087000000| Untracked 
| 113|0x0000000087100000, 0x0000000087100000, 0x0000000087200000|  0%| F|  |TAMS 0x0000000087100000, 0x0000000087100000| Untracked 
| 114|0x0000000087200000, 0x0000000087200000, 0x0000000087300000|  0%| F|  |TAMS 0x0000000087200000, 0x0000000087200000| Untracked 
| 115|0x0000000087300000, 0x0000000087300000, 0x0000000087400000|  0%| F|  |TAMS 0x0000000087300000, 0x0000000087300000| Untracked 
| 116|0x0000000087400000, 0x0000000087400000, 0x0000000087500000|  0%| F|  |TAMS 0x0000000087400000, 0x0000000087400000| Untracked 
| 117|0x0000000087500000, 0x0000000087500000, 0x0000000087600000|  0%| F|  |TAMS 0x0000000087500000, 0x0000000087500000| Untracked 
| 118|0x0000000087600000, 0x0000000087600000, 0x0000000087700000|  0%| F|  |TAMS 0x0000000087600000, 0x0000000087600000| Untracked 
| 119|0x0000000087700000, 0x0000000087700000, 0x0000000087800000|  0%| F|  |TAMS 0x0000000087700000, 0x0000000087700000| Untracked 
| 120|0x0000000087800000, 0x0000000087800000, 0x0000000087900000|  0%| F|  |TAMS 0x0000000087800000, 0x0000000087800000| Untracked 
| 121|0x0000000087900000, 0x0000000087900000, 0x0000000087a00000|  0%| F|  |TAMS 0x0000000087900000, 0x0000000087900000| Untracked 
| 122|0x0000000087a00000, 0x0000000087a00000, 0x0000000087b00000|  0%| F|  |TAMS 0x0000000087a00000, 0x0000000087a00000| Untracked 
| 123|0x0000000087b00000, 0x0000000087b00000, 0x0000000087c00000|  0%| F|  |TAMS 0x0000000087b00000, 0x0000000087b00000| Untracked 
| 124|0x0000000087c00000, 0x0000000087c00000, 0x0000000087d00000|  0%| F|  |TAMS 0x0000000087c00000, 0x0000000087c00000| Untracked 
| 125|0x0000000087d00000, 0x0000000087d00000, 0x0000000087e00000|  0%| F|  |TAMS 0x0000000087d00000, 0x0000000087d00000| Untracked 
| 126|0x0000000087e00000, 0x0000000087e00000, 0x0000000087f00000|  0%| F|  |TAMS 0x0000000087e00000, 0x0000000087e00000| Untracked 
| 127|0x0000000087f00000, 0x0000000087f00000, 0x0000000088000000|  0%| F|  |TAMS 0x0000000087f00000, 0x0000000087f00000| Untracked 
| 128|0x0000000088000000, 0x0000000088000000, 0x0000000088100000|  0%| F|  |TAMS 0x0000000088000000, 0x0000000088000000| Untracked 
| 129|0x0000000088100000, 0x0000000088100000, 0x0000000088200000|  0%| F|  |TAMS 0x0000000088100000, 0x0000000088100000| Untracked 
| 130|0x0000000088200000, 0x0000000088200000, 0x0000000088300000|  0%| F|  |TAMS 0x0000000088200000, 0x0000000088200000| Untracked 
| 131|0x0000000088300000, 0x0000000088300000, 0x0000000088400000|  0%| F|  |TAMS 0x0000000088300000, 0x0000000088300000| Untracked 
| 132|0x0000000088400000, 0x0000000088400000, 0x0000000088500000|  0%| F|  |TAMS 0x0000000088400000, 0x0000000088400000| Untracked 
| 133|0x0000000088500000, 0x0000000088500000, 0x0000000088600000|  0%| F|  |TAMS 0x0000000088500000, 0x0000000088500000| Untracked 
| 134|0x0000000088600000, 0x0000000088600000, 0x0000000088700000|  0%| F|  |TAMS 0x0000000088600000, 0x0000000088600000| Untracked 
| 135|0x0000000088700000, 0x0000000088700000, 0x0000000088800000|  0%| F|  |TAMS 0x0000000088700000, 0x0000000088700000| Untracked 
| 136|0x0000000088800000, 0x0000000088800000, 0x0000000088900000|  0%| F|  |TAMS 0x0000000088800000, 0x0000000088800000| Untracked 
| 137|0x0000000088900000, 0x0000000088900000, 0x0000000088a00000|  0%| F|  |TAMS 0x0000000088900000, 0x0000000088900000| Untracked 
| 138|0x0000000088a00000, 0x0000000088a00000, 0x0000000088b00000|  0%| F|  |TAMS 0x0000000088a00000, 0x0000000088a00000| Untracked 
| 139|0x0000000088b00000, 0x0000000088b00000, 0x0000000088c00000|  0%| F|  |TAMS 0x0000000088b00000, 0x0000000088b00000| Untracked 
| 140|0x0000000088c00000, 0x0000000088c00000, 0x0000000088d00000|  0%| F|  |TAMS 0x0000000088c00000, 0x0000000088c00000| Untracked 
| 141|0x0000000088d00000, 0x0000000088d00000, 0x0000000088e00000|  0%| F|  |TAMS 0x0000000088d00000, 0x0000000088d00000| Untracked 
| 142|0x0000000088e00000, 0x0000000088e00000, 0x0000000088f00000|  0%| F|  |TAMS 0x0000000088e00000, 0x0000000088e00000| Untracked 
| 143|0x0000000088f00000, 0x0000000088f00000, 0x0000000089000000|  0%| F|  |TAMS 0x0000000088f00000, 0x0000000088f00000| Untracked 
| 144|0x0000000089000000, 0x0000000089000000, 0x0000000089100000|  0%| F|  |TAMS 0x0000000089000000, 0x0000000089000000| Untracked 
| 145|0x0000000089100000, 0x0000000089100000, 0x0000000089200000|  0%| F|  |TAMS 0x0000000089100000, 0x0000000089100000| Untracked 
| 146|0x0000000089200000, 0x0000000089200000, 0x0000000089300000|  0%| F|  |TAMS 0x0000000089200000, 0x0000000089200000| Untracked 
| 147|0x0000000089300000, 0x0000000089300000, 0x0000000089400000|  0%| F|  |TAMS 0x0000000089300000, 0x0000000089300000| Untracked 
| 148|0x0000000089400000, 0x0000000089400000, 0x0000000089500000|  0%| F|  |TAMS 0x0000000089400000, 0x0000000089400000| Untracked 
| 149|0x0000000089500000, 0x0000000089500000, 0x0000000089600000|  0%| F|  |TAMS 0x0000000089500000, 0x0000000089500000| Untracked 
| 150|0x0000000089600000, 0x0000000089600000, 0x0000000089700000|  0%| F|  |TAMS 0x0000000089600000, 0x0000000089600000| Untracked 
| 151|0x0000000089700000, 0x0000000089700000, 0x0000000089800000|  0%| F|  |TAMS 0x0000000089700000, 0x0000000089700000| Untracked 
| 152|0x0000000089800000, 0x0000000089800000, 0x0000000089900000|  0%| F|  |TAMS 0x0000000089800000, 0x0000000089800000| Untracked 
| 153|0x0000000089900000, 0x0000000089900000, 0x0000000089a00000|  0%| F|  |TAMS 0x0000000089900000, 0x0000000089900000| Untracked 
| 154|0x0000000089a00000, 0x0000000089a00000, 0x0000000089b00000|  0%| F|  |TAMS 0x0000000089a00000, 0x0000000089a00000| Untracked 
| 155|0x0000000089b00000, 0x0000000089b00000, 0x0000000089c00000|  0%| F|  |TAMS 0x0000000089b00000, 0x0000000089b00000| Untracked 
| 156|0x0000000089c00000, 0x0000000089c00000, 0x0000000089d00000|  0%| F|  |TAMS 0x0000000089c00000, 0x0000000089c00000| Untracked 
| 157|0x0000000089d00000, 0x0000000089d62690, 0x0000000089e00000| 38%| S|CS|TAMS 0x0000000089d00000, 0x0000000089d00000| Complete 
| 158|0x0000000089e00000, 0x0000000089f00000, 0x0000000089f00000|100%| S|CS|TAMS 0x0000000089e00000, 0x0000000089e00000| Complete 
| 159|0x0000000089f00000, 0x000000008a000000, 0x000000008a000000|100%| S|CS|TAMS 0x0000000089f00000, 0x0000000089f00000| Complete 
| 160|0x000000008a000000, 0x000000008a000000, 0x000000008a100000|  0%| F|  |TAMS 0x000000008a000000, 0x000000008a000000| Untracked 
| 161|0x000000008a100000, 0x000000008a100000, 0x000000008a200000|  0%| F|  |TAMS 0x000000008a100000, 0x000000008a100000| Untracked 
| 162|0x000000008a200000, 0x000000008a200000, 0x000000008a300000|  0%| F|  |TAMS 0x000000008a200000, 0x000000008a200000| Untracked 
| 163|0x000000008a300000, 0x000000008a300000, 0x000000008a400000|  0%| F|  |TAMS 0x000000008a300000, 0x000000008a300000| Untracked 
| 164|0x000000008a400000, 0x000000008a400000, 0x000000008a500000|  0%| F|  |TAMS 0x000000008a400000, 0x000000008a400000| Untracked 
| 165|0x000000008a500000, 0x000000008a500000, 0x000000008a600000|  0%| F|  |TAMS 0x000000008a500000, 0x000000008a500000| Untracked 
| 166|0x000000008a600000, 0x000000008a600000, 0x000000008a700000|  0%| F|  |TAMS 0x000000008a600000, 0x000000008a600000| Untracked 
| 167|0x000000008a700000, 0x000000008a700000, 0x000000008a800000|  0%| F|  |TAMS 0x000000008a700000, 0x000000008a700000| Untracked 
| 168|0x000000008a800000, 0x000000008a800000, 0x000000008a900000|  0%| F|  |TAMS 0x000000008a800000, 0x000000008a800000| Untracked 
| 169|0x000000008a900000, 0x000000008a900000, 0x000000008aa00000|  0%| F|  |TAMS 0x000000008a900000, 0x000000008a900000| Untracked 
| 170|0x000000008aa00000, 0x000000008aa00000, 0x000000008ab00000|  0%| F|  |TAMS 0x000000008aa00000, 0x000000008aa00000| Untracked 
| 171|0x000000008ab00000, 0x000000008ab00000, 0x000000008ac00000|  0%| F|  |TAMS 0x000000008ab00000, 0x000000008ab00000| Untracked 
| 172|0x000000008ac00000, 0x000000008ac00000, 0x000000008ad00000|  0%| F|  |TAMS 0x000000008ac00000, 0x000000008ac00000| Untracked 
| 173|0x000000008ad00000, 0x000000008ad00000, 0x000000008ae00000|  0%| F|  |TAMS 0x000000008ad00000, 0x000000008ad00000| Untracked 
| 174|0x000000008ae00000, 0x000000008ae00000, 0x000000008af00000|  0%| F|  |TAMS 0x000000008ae00000, 0x000000008ae00000| Untracked 
| 175|0x000000008af00000, 0x000000008af00000, 0x000000008b000000|  0%| F|  |TAMS 0x000000008af00000, 0x000000008af00000| Untracked 
| 176|0x000000008b000000, 0x000000008b000000, 0x000000008b100000|  0%| F|  |TAMS 0x000000008b000000, 0x000000008b000000| Untracked 
| 177|0x000000008b100000, 0x000000008b100000, 0x000000008b200000|  0%| F|  |TAMS 0x000000008b100000, 0x000000008b100000| Untracked 
| 178|0x000000008b200000, 0x000000008b200000, 0x000000008b300000|  0%| F|  |TAMS 0x000000008b200000, 0x000000008b200000| Untracked 
| 179|0x000000008b300000, 0x000000008b300000, 0x000000008b400000|  0%| F|  |TAMS 0x000000008b300000, 0x000000008b300000| Untracked 
| 180|0x000000008b400000, 0x000000008b400000, 0x000000008b500000|  0%| F|  |TAMS 0x000000008b400000, 0x000000008b400000| Untracked 
| 181|0x000000008b500000, 0x000000008b500000, 0x000000008b600000|  0%| F|  |TAMS 0x000000008b500000, 0x000000008b500000| Untracked 
| 182|0x000000008b600000, 0x000000008b600000, 0x000000008b700000|  0%| F|  |TAMS 0x000000008b600000, 0x000000008b600000| Untracked 
| 183|0x000000008b700000, 0x000000008b700000, 0x000000008b800000|  0%| F|  |TAMS 0x000000008b700000, 0x000000008b700000| Untracked 
| 184|0x000000008b800000, 0x000000008b800000, 0x000000008b900000|  0%| F|  |TAMS 0x000000008b800000, 0x000000008b800000| Untracked 
| 185|0x000000008b900000, 0x000000008b900000, 0x000000008ba00000|  0%| F|  |TAMS 0x000000008b900000, 0x000000008b900000| Untracked 
| 186|0x000000008ba00000, 0x000000008ba00000, 0x000000008bb00000|  0%| F|  |TAMS 0x000000008ba00000, 0x000000008ba00000| Untracked 
| 187|0x000000008bb00000, 0x000000008bb00000, 0x000000008bc00000|  0%| F|  |TAMS 0x000000008bb00000, 0x000000008bb00000| Untracked 
| 188|0x000000008bc00000, 0x000000008bc00000, 0x000000008bd00000|  0%| F|  |TAMS 0x000000008bc00000, 0x000000008bc00000| Untracked 
| 189|0x000000008bd00000, 0x000000008bd00000, 0x000000008be00000|  0%| F|  |TAMS 0x000000008bd00000, 0x000000008bd00000| Untracked 
| 190|0x000000008be00000, 0x000000008be00000, 0x000000008bf00000|  0%| F|  |TAMS 0x000000008be00000, 0x000000008be00000| Untracked 
| 191|0x000000008bf00000, 0x000000008bf00000, 0x000000008c000000|  0%| F|  |TAMS 0x000000008bf00000, 0x000000008bf00000| Untracked 

Card table byte_map: [0x000001af5eac0000,0x000001af5eec0000] _byte_map_base: 0x000001af5e6c0000

Marking Bits (Prev, Next): (CMBitMap*) 0x000001af4b8b2e68, (CMBitMap*) 0x000001af4b8b2ea0
 Prev Bits: [0x000001af5f2c0000, 0x000001af612c0000)
 Next Bits: [0x000001af612c0000, 0x000001af632c0000)

Polling page: 0x000001af49840000

Metaspace:

Usage:
  Non-class:     81.12 MB capacity,    79.64 MB ( 98%) used,     1.18 MB (  1%) free+waste,   296.69 KB ( <1%) overhead. 
      Class:     12.70 MB capacity,    11.75 MB ( 93%) used,   834.42 KB (  6%) free+waste,   134.44 KB (  1%) overhead. 
       Both:     93.81 MB capacity,    91.39 MB ( 97%) used,     2.00 MB (  2%) free+waste,   431.13 KB ( <1%) overhead. 

Virtual space:
  Non-class space:       82.00 MB reserved,      81.33 MB (>99%) committed 
      Class space:        1.00 GB reserved,      12.70 MB (  1%) committed 
             Both:        1.08 GB reserved,      94.03 MB (  9%) committed 

Chunk freelists:
   Non-Class:  26.00 KB
       Class:  0 bytes
        Both:  26.00 KB

MaxMetaspaceSize: 17179869184.00 GB
CompressedClassSpaceSize: 1.00 GB
Initial GC threshold: 20.80 MB
Current GC threshold: 108.80 MB
CDS: off

CodeHeap 'non-profiled nmethods': size=120000Kb used=7656Kb max_used=7656Kb free=112343Kb
 bounds [0x000001af56e50000, 0x000001af575d0000, 0x000001af5e380000]
CodeHeap 'profiled nmethods': size=120000Kb used=25913Kb max_used=25913Kb free=94086Kb
 bounds [0x000001af4f920000, 0x000001af51270000, 0x000001af56e50000]
CodeHeap 'non-nmethods': size=5760Kb used=2395Kb max_used=2428Kb free=3364Kb
 bounds [0x000001af4f380000, 0x000001af4f5f0000, 0x000001af4f920000]
 total_blobs=12708 nmethods=11802 adapters=816
 compilation: enabled
              stopped_count=0, restarted_count=0
 full_count=0

Compilation events (20 events):
Event: 14.666 Thread 0x000001af665ba800 11852       1       org.gradle.internal.execution.history.changes.ClasspathCompareStrategy$TrackingVisitor::isConsumeMore (5 bytes)
Event: 14.666 Thread 0x000001af665ba800 nmethod 11852 0x000001af575c3610 code [0x000001af575c37c0, 0x000001af575c3878]
Event: 14.666 Thread 0x000001af665ba800 11853       2       org.gradle.internal.execution.history.changes.ClasspathCompareStrategy$ChangeState::nextEntry (20 bytes)
Event: 14.666 Thread 0x000001af665ba800 nmethod 11853 0x000001af5126d010 code [0x000001af5126d1e0, 0x000001af5126d358]
Event: 14.677 Thread 0x000001af665ba800 11854       2       jdk.internal.reflect.Label::add (23 bytes)
Event: 14.678 Thread 0x000001af665ba800 nmethod 11854 0x000001af5126d410 code [0x000001af5126d5c0, 0x000001af5126d7a8]
Event: 14.678 Thread 0x000001af665ba800 11855       2       jdk.internal.reflect.Label$PatchInfo::<init> (26 bytes)
Event: 14.678 Thread 0x000001af665ba800 nmethod 11855 0x000001af5126d890 code [0x000001af5126da40, 0x000001af5126db98]
Event: 14.678 Thread 0x000001af665ba800 11856       2       jdk.internal.reflect.ClassFileAssembler::emitShort (38 bytes)
Event: 14.678 Thread 0x000001af665ba800 nmethod 11856 0x000001af5126dc10 code [0x000001af5126dde0, 0x000001af5126e098]
Event: 14.678 Thread 0x000001af665ba800 11857       1       java.io.ObjectStreamField::setOffset (6 bytes)
Event: 14.678 Thread 0x000001af665ba800 nmethod 11857 0x000001af575c3910 code [0x000001af575c3ac0, 0x000001af575c3b78]
Event: 14.678 Thread 0x000001af665ba800 11858       2       jdk.internal.reflect.ClassFileAssembler::decStack (11 bytes)
Event: 14.678 Thread 0x000001af665ba800 nmethod 11858 0x000001af5126e310 code [0x000001af5126e4c0, 0x000001af5126e5b8]
Event: 14.683 Thread 0x000001af6681d000 nmethod 11666 0x000001af575c3c10 code [0x000001af575c4180, 0x000001af575c79d8]
Event: 14.684 Thread 0x000001af6681d000 11753       4       java.util.Optional::ofNullable (15 bytes)
Event: 14.686 Thread 0x000001af6681d000 nmethod 11753 0x000001af575c9c90 code [0x000001af575c9e20, 0x000001af575c9f58]
Event: 14.686 Thread 0x000001af6681d000 11667       4       com.google.common.collect.ImmutableMap::isEmpty (13 bytes)
Event: 14.686 Thread 0x000001af6681d000 nmethod 11667 0x000001af575ca010 code [0x000001af575ca1a0, 0x000001af575ca238]
Event: 14.686 Thread 0x000001af6681d000 11718       4       java.util.ArrayList::<init> (63 bytes)

GC Heap History (20 events):
Event: 5.113 GC heap after
{Heap after GC invocations=7 (full 0):
 garbage-first heap   total 196608K, used 28646K [0x0000000080000000, 0x0000000100000000)
  region size 1024K, 12 young (12288K), 12 survivors (12288K)
 Metaspace       used 43852K, capacity 44839K, committed 45052K, reserved 1089536K
  class space    used 5509K, capacity 5883K, committed 5964K, reserved 1048576K
}
Event: 6.144 GC heap before
{Heap before GC invocations=7 (full 0):
 garbage-first heap   total 196608K, used 136166K [0x0000000080000000, 0x0000000100000000)
  region size 1024K, 113 young (115712K), 12 survivors (12288K)
 Metaspace       used 48760K, capacity 50000K, committed 50172K, reserved 1093632K
  class space    used 6169K, capacity 6654K, committed 6732K, reserved 1048576K
}
Event: 6.158 GC heap after
{Heap after GC invocations=8 (full 0):
 garbage-first heap   total 196608K, used 41500K [0x0000000080000000, 0x0000000100000000)
  region size 1024K, 15 young (15360K), 15 survivors (15360K)
 Metaspace       used 48760K, capacity 50000K, committed 50172K, reserved 1093632K
  class space    used 6169K, capacity 6654K, committed 6732K, reserved 1048576K
}
Event: 7.149 GC heap before
{Heap before GC invocations=8 (full 0):
 garbage-first heap   total 196608K, used 115228K [0x0000000080000000, 0x0000000100000000)
  region size 1024K, 88 young (90112K), 15 survivors (15360K)
 Metaspace       used 58914K, capacity 60283K, committed 60368K, reserved 1101824K
  class space    used 7451K, capacity 7989K, committed 8012K, reserved 1048576K
}
Event: 7.163 GC heap after
{Heap after GC invocations=9 (full 0):
 garbage-first heap   total 196608K, used 45053K [0x0000000080000000, 0x0000000100000000)
  region size 1024K, 4 young (4096K), 4 survivors (4096K)
 Metaspace       used 58914K, capacity 60283K, committed 60368K, reserved 1101824K
  class space    used 7451K, capacity 7989K, committed 8012K, reserved 1048576K
}
Event: 8.152 GC heap before
{Heap before GC invocations=10 (full 0):
 garbage-first heap   total 196608K, used 145405K [0x0000000080000000, 0x0000000100000000)
  region size 1024K, 95 young (97280K), 4 survivors (4096K)
 Metaspace       used 65168K, capacity 66666K, committed 66844K, reserved 1107968K
  class space    used 8247K, capacity 8818K, committed 8908K, reserved 1048576K
}
Event: 8.165 GC heap after
{Heap after GC invocations=11 (full 0):
 garbage-first heap   total 196608K, used 51755K [0x0000000080000000, 0x0000000100000000)
  region size 1024K, 11 young (11264K), 11 survivors (11264K)
 Metaspace       used 65168K, capacity 66666K, committed 66844K, reserved 1107968K
  class space    used 8247K, capacity 8818K, committed 8908K, reserved 1048576K
}
Event: 9.207 GC heap before
{Heap before GC invocations=12 (full 0):
 garbage-first heap   total 196608K, used 142891K [0x0000000080000000, 0x0000000100000000)
  region size 1024K, 100 young (102400K), 11 survivors (11264K)
 Metaspace       used 72285K, capacity 73922K, committed 74140K, reserved 1114112K
  class space    used 9351K, capacity 9984K, committed 10060K, reserved 1048576K
}
Event: 9.217 GC heap after
{Heap after GC invocations=13 (full 0):
 garbage-first heap   total 196608K, used 57674K [0x0000000080000000, 0x0000000100000000)
  region size 1024K, 7 young (7168K), 7 survivors (7168K)
 Metaspace       used 72285K, capacity 73922K, committed 74140K, reserved 1114112K
  class space    used 9351K, capacity 9984K, committed 10060K, reserved 1048576K
}
Event: 10.399 GC heap before
{Heap before GC invocations=13 (full 0):
 garbage-first heap   total 196608K, used 146762K [0x0000000080000000, 0x0000000100000000)
  region size 1024K, 94 young (96256K), 7 survivors (7168K)
 Metaspace       used 80785K, capacity 82744K, committed 82844K, reserved 1120256K
  class space    used 10589K, capacity 11332K, committed 11340K, reserved 1048576K
}
Event: 10.408 GC heap after
{Heap after GC invocations=14 (full 0):
 garbage-first heap   total 196608K, used 63057K [0x0000000080000000, 0x0000000100000000)
  region size 1024K, 12 young (12288K), 12 survivors (12288K)
 Metaspace       used 80785K, capacity 82744K, committed 82844K, reserved 1120256K
  class space    used 10589K, capacity 11332K, committed 11340K, reserved 1048576K
}
Event: 11.309 GC heap before
{Heap before GC invocations=14 (full 0):
 garbage-first heap   total 196608K, used 149073K [0x0000000080000000, 0x0000000100000000)
  region size 1024K, 97 young (99328K), 12 survivors (12288K)
 Metaspace       used 82599K, capacity 84789K, committed 85020K, reserved 1122304K
  class space    used 10804K, capacity 11633K, committed 11724K, reserved 1048576K
}
Event: 11.322 GC heap after
{Heap after GC invocations=15 (full 0):
 garbage-first heap   total 196608K, used 70469K [0x0000000080000000, 0x0000000100000000)
  region size 1024K, 13 young (13312K), 13 survivors (13312K)
 Metaspace       used 82599K, capacity 84789K, committed 85020K, reserved 1122304K
  class space    used 10804K, capacity 11633K, committed 11724K, reserved 1048576K
}
Event: 11.949 GC heap before
{Heap before GC invocations=15 (full 0):
 garbage-first heap   total 196608K, used 153413K [0x0000000080000000, 0x0000000100000000)
  region size 1024K, 95 young (97280K), 13 survivors (13312K)
 Metaspace       used 83982K, capacity 86237K, committed 86428K, reserved 1124352K
  class space    used 10889K, capacity 11740K, committed 11852K, reserved 1048576K
}
Event: 11.961 GC heap after
{Heap after GC invocations=16 (full 0):
 garbage-first heap   total 196608K, used 76251K [0x0000000080000000, 0x0000000100000000)
  region size 1024K, 7 young (7168K), 7 survivors (7168K)
 Metaspace       used 83982K, capacity 86237K, committed 86428K, reserved 1124352K
  class space    used 10889K, capacity 11740K, committed 11852K, reserved 1048576K
}
Event: 13.643 GC heap before
{Heap before GC invocations=16 (full 0):
 garbage-first heap   total 196608K, used 158171K [0x0000000080000000, 0x0000000100000000)
  region size 1024K, 86 young (88064K), 7 survivors (7168K)
 Metaspace       used 91216K, capacity 93663K, committed 93724K, reserved 1130496K
  class space    used 11785K, capacity 12702K, committed 12748K, reserved 1048576K
}
Event: 13.657 GC heap after
{Heap after GC invocations=17 (full 0):
 garbage-first heap   total 196608K, used 89586K [0x0000000080000000, 0x0000000100000000)
  region size 1024K, 11 young (11264K), 11 survivors (11264K)
 Metaspace       used 91216K, capacity 93663K, committed 93724K, reserved 1130496K
  class space    used 11785K, capacity 12702K, committed 12748K, reserved 1048576K
}
Event: 14.473 GC heap before
{Heap before GC invocations=17 (full 0):
 garbage-first heap   total 196608K, used 155122K [0x0000000080000000, 0x0000000100000000)
  region size 1024K, 76 young (77824K), 11 survivors (11264K)
 Metaspace       used 93347K, capacity 95840K, committed 96028K, reserved 1132544K
  class space    used 12011K, capacity 12995K, committed 13004K, reserved 1048576K
}
Event: 14.491 GC heap after
{Heap after GC invocations=18 (full 0):
 garbage-first heap   total 196608K, used 96181K [0x0000000080000000, 0x0000000100000000)
  region size 1024K, 9 young (9216K), 9 survivors (9216K)
 Metaspace       used 93347K, capacity 95840K, committed 96028K, reserved 1132544K
  class space    used 12011K, capacity 12995K, committed 13004K, reserved 1048576K
}
Event: 14.691 GC heap before
{Heap before GC invocations=18 (full 0):
 garbage-first heap   total 196608K, used 126901K [0x0000000080000000, 0x0000000100000000)
  region size 1024K, 41 young (41984K), 9 survivors (9216K)
 Metaspace       used 93584K, capacity 96063K, committed 96284K, reserved 1132544K
  class space    used 12032K, capacity 13001K, committed 13004K, reserved 1048576K
}

Deoptimization events (20 events):
Event: 14.441 Thread 0x000001af6c128000 Uncommon trap: trap_request=0xffffffde fr.pc=0x000001af5740f124 relative=0x0000000000000264
Event: 14.441 Thread 0x000001af6c128000 Uncommon trap: reason=class_check action=maybe_recompile pc=0x000001af5740f124 method=java.util.concurrent.ConcurrentHashMap.get(Ljava/lang/Object;)Ljava/lang/Object; @ 93 c2
Event: 14.441 Thread 0x000001af6c128000 DEOPT PACKING pc=0x000001af5740f124 sp=0x0000003aa5afa5c0
Event: 14.441 Thread 0x000001af6c128000 DEOPT UNPACKING pc=0x000001af4f3ca1af sp=0x0000003aa5afa518 mode 2
Event: 14.450 Thread 0x000001af67f7c800 DEOPT PACKING pc=0x000001af50f6d0c4 sp=0x0000003aa04fdb80
Event: 14.450 Thread 0x000001af67f7c800 DEOPT UNPACKING pc=0x000001af4f3ca95e sp=0x0000003aa04fd120 mode 0
Event: 14.467 Thread 0x000001af6710d000 DEOPT PACKING pc=0x000001af50f6d0c4 sp=0x0000003aa44fd5e0
Event: 14.467 Thread 0x000001af6710d000 DEOPT UNPACKING pc=0x000001af4f3ca95e sp=0x0000003aa44fcb80 mode 0
Event: 14.502 Thread 0x000001af67f7a000 DEOPT PACKING pc=0x000001af50f6d0c4 sp=0x0000003aa06fc170
Event: 14.502 Thread 0x000001af67f7a000 DEOPT UNPACKING pc=0x000001af4f3ca95e sp=0x0000003aa06fb710 mode 0
Event: 14.519 Thread 0x000001af67100000 DEOPT PACKING pc=0x000001af50f6d0c4 sp=0x0000003aa35fc210
Event: 14.519 Thread 0x000001af67100000 DEOPT UNPACKING pc=0x000001af4f3ca95e sp=0x0000003aa35fb7b0 mode 0
Event: 14.568 Thread 0x000001af67f77000 DEOPT PACKING pc=0x000001af50f6d0c4 sp=0x0000003a9fdfd500
Event: 14.569 Thread 0x000001af67f77000 DEOPT UNPACKING pc=0x000001af4f3ca95e sp=0x0000003a9fdfcaa0 mode 0
Event: 14.585 Thread 0x000001af6a4c9800 DEOPT PACKING pc=0x000001af50f6d0c4 sp=0x0000003aa4cfd470
Event: 14.585 Thread 0x000001af6a4c9800 DEOPT UNPACKING pc=0x000001af4f3ca95e sp=0x0000003aa4cfca10 mode 0
Event: 14.603 Thread 0x000001af6d897800 DEOPT PACKING pc=0x000001af50f6d0c4 sp=0x0000003aa33fbea0
Event: 14.603 Thread 0x000001af6d897800 DEOPT UNPACKING pc=0x000001af4f3ca95e sp=0x0000003aa33fb440 mode 0
Event: 14.618 Thread 0x000001af67f7f000 DEOPT PACKING pc=0x000001af50f6d0c4 sp=0x0000003aa00fd400
Event: 14.618 Thread 0x000001af67f7f000 DEOPT UNPACKING pc=0x000001af4f3ca95e sp=0x0000003aa00fc9a0 mode 0

Classes redefined (0 events):
No events

Internal exceptions (20 events):
Event: 14.015 Thread 0x000001af6c128000 Exception <a 'sun/nio/fs/WindowsException'{0x000000008ac93868}> (0x000000008ac93868) thrown at [./src/hotspot/share/prims/jni.cpp, line 616]
Event: 14.015 Thread 0x000001af6c128000 Exception <a 'sun/nio/fs/WindowsException'{0x000000008ac939b8}> (0x000000008ac939b8) thrown at [./src/hotspot/share/prims/jni.cpp, line 616]
Event: 14.037 Thread 0x000001af6c128000 Exception <a 'sun/nio/fs/WindowsException'{0x000000008ab58380}> (0x000000008ab58380) thrown at [./src/hotspot/share/prims/jni.cpp, line 616]
Event: 14.037 Thread 0x000001af6c128000 Exception <a 'sun/nio/fs/WindowsException'{0x000000008ab584d8}> (0x000000008ab584d8) thrown at [./src/hotspot/share/prims/jni.cpp, line 616]
Event: 14.062 Thread 0x000001af6c128000 Exception <a 'sun/nio/fs/WindowsException'{0x000000008aa37bd8}> (0x000000008aa37bd8) thrown at [./src/hotspot/share/prims/jni.cpp, line 616]
Event: 14.066 Thread 0x000001af6c128000 Exception <a 'sun/nio/fs/WindowsException'{0x000000008aa42f40}> (0x000000008aa42f40) thrown at [./src/hotspot/share/prims/jni.cpp, line 616]
Event: 14.068 Thread 0x000001af6c128000 Exception <a 'sun/nio/fs/WindowsException'{0x000000008aa498e0}> (0x000000008aa498e0) thrown at [./src/hotspot/share/prims/jni.cpp, line 616]
Event: 14.073 Thread 0x000001af6c128000 Exception <a 'sun/nio/fs/WindowsException'{0x000000008aa55010}> (0x000000008aa55010) thrown at [./src/hotspot/share/prims/jni.cpp, line 616]
Event: 14.081 Thread 0x000001af6c128000 Exception <a 'sun/nio/fs/WindowsException'{0x000000008aabc620}> (0x000000008aabc620) thrown at [./src/hotspot/share/prims/jni.cpp, line 616]
Event: 14.081 Thread 0x000001af6c128000 Exception <a 'sun/nio/fs/WindowsException'{0x000000008aabc780}> (0x000000008aabc780) thrown at [./src/hotspot/share/prims/jni.cpp, line 616]
Event: 14.084 Thread 0x000001af6c128000 Exception <a 'sun/nio/fs/WindowsException'{0x000000008aad90b8}> (0x000000008aad90b8) thrown at [./src/hotspot/share/prims/jni.cpp, line 616]
Event: 14.084 Thread 0x000001af6c128000 Exception <a 'sun/nio/fs/WindowsException'{0x000000008aad9230}> (0x000000008aad9230) thrown at [./src/hotspot/share/prims/jni.cpp, line 616]
Event: 14.114 Thread 0x000001af6c128000 Exception <a 'sun/nio/fs/WindowsException'{0x000000008a8457d8}> (0x000000008a8457d8) thrown at [./src/hotspot/share/prims/jni.cpp, line 616]
Event: 14.118 Thread 0x000001af6c128000 Exception <a 'sun/nio/fs/WindowsException'{0x000000008a84e4a0}> (0x000000008a84e4a0) thrown at [./src/hotspot/share/prims/jni.cpp, line 616]
Event: 14.121 Thread 0x000001af6c128000 Exception <a 'sun/nio/fs/WindowsException'{0x000000008a861e20}> (0x000000008a861e20) thrown at [./src/hotspot/share/prims/jni.cpp, line 616]
Event: 14.123 Thread 0x000001af6c128000 Exception <a 'sun/nio/fs/WindowsException'{0x000000008a8690c0}> (0x000000008a8690c0) thrown at [./src/hotspot/share/prims/jni.cpp, line 616]
Event: 14.126 Thread 0x000001af6c128000 Exception <a 'sun/nio/fs/WindowsException'{0x000000008a8768b0}> (0x000000008a8768b0) thrown at [./src/hotspot/share/prims/jni.cpp, line 616]
Event: 14.286 Thread 0x000001af6c128000 Exception <a 'java/lang/NoSuchMethodError'{0x0000000089f2c000}: 'java.lang.Object java.lang.invoke.DirectMethodHandle$Holder.newInvokeSpecial(java.lang.Object, java.lang.Object, java.lang.Object, java.lang.Object)'> (0x0000000089f2c000) thrown at [./src/hotspot/share/interpreter/linkResolver.cpp, line 773]
Event: 14.291 Thread 0x000001af6786b800 Exception <a 'java/lang/NoSuchMethodError'{0x0000000089e0fa10}: <clinit>> (0x0000000089e0fa10) thrown at [./src/hotspot/share/prims/jni.cpp, line 1366]
Event: 14.294 Thread 0x000001af6786b800 Exception <a 'java/lang/NoSuchMethodError'{0x0000000089e99070}: <clinit>> (0x0000000089e99070) thrown at [./src/hotspot/share/prims/jni.cpp, line 1366]

Events (20 events):
Event: 14.683 loading class com/android/build/gradle/internal/tasks/DexArchiveBuilderTaskDelegate$OutputMapping$2 done
Event: 14.684 loading class com/google/common/hash/Hashing
Event: 14.684 loading class com/google/common/hash/Hashing done
Event: 14.686 loading class com/google/common/hash/HashFunction
Event: 14.686 loading class com/google/common/hash/HashFunction done
Event: 14.687 loading class com/google/common/hash/Hashing$Sha256Holder
Event: 14.687 loading class com/google/common/hash/Hashing$Sha256Holder done
Event: 14.687 loading class com/google/common/hash/MessageDigestHashFunction
Event: 14.687 loading class com/google/common/hash/MessageDigestHashFunction done
Event: 14.688 loading class com/google/common/hash/AbstractHashFunction
Event: 14.688 loading class com/google/common/hash/AbstractHashFunction done
Event: 14.689 loading class com/google/common/hash/Hasher
Event: 14.689 loading class com/google/common/hash/Hasher done
Event: 14.689 loading class com/google/common/hash/PrimitiveSink
Event: 14.689 loading class com/google/common/hash/PrimitiveSink done
Event: 14.690 loading class kotlin/io/ByteStreamsKt
Event: 14.690 loading class kotlin/io/ByteStreamsKt done
Event: 14.690 loading class kotlin/io/ByteStreamsKt
Event: 14.690 loading class kotlin/io/ByteStreamsKt done
Event: 14.691 Executing VM operation: G1CollectForAllocation


Dynamic libraries:
0x00007ff78b5a0000 - 0x00007ff78b5aa000 	C:\Program Files\Android\Android Studio\jre\bin\java.exe
0x00007fff0dae0000 - 0x00007fff0dcd0000 	C:\WINDOWS\SYSTEM32\ntdll.dll
0x00007fff0d6a0000 - 0x00007fff0d752000 	C:\WINDOWS\System32\KERNEL32.DLL
0x00007fff0a3a0000 - 0x00007fff0a645000 	C:\WINDOWS\System32\KERNELBASE.dll
0x00007fff0a2a0000 - 0x00007fff0a39a000 	C:\WINDOWS\System32\ucrtbase.dll
0x00007fff07d80000 - 0x00007fff07d99000 	C:\Program Files\Android\Android Studio\jre\bin\jli.dll
0x00007fff05fa0000 - 0x00007fff05fb7000 	C:\Program Files\Android\Android Studio\jre\bin\VCRUNTIME140.dll
0x00007fff0b230000 - 0x00007fff0b3c4000 	C:\WINDOWS\System32\USER32.dll
0x00007fff0a0c0000 - 0x00007fff0a0e1000 	C:\WINDOWS\System32\win32u.dll
0x00007ffefd7c0000 - 0x00007ffefda44000 	C:\WINDOWS\WinSxS\amd64_microsoft.windows.common-controls_6595b64144ccf1df_6.0.18362.1500_none_9e79be6de462295c\COMCTL32.dll
0x00007fff0b200000 - 0x00007fff0b226000 	C:\WINDOWS\System32\GDI32.dll
0x00007fff0cc20000 - 0x00007fff0ccbe000 	C:\WINDOWS\System32\msvcrt.dll
0x00007fff0a650000 - 0x00007fff0a7e8000 	C:\WINDOWS\System32\gdi32full.dll
0x00007fff0a9e0000 - 0x00007fff0aa7e000 	C:\WINDOWS\System32\msvcp_win.dll
0x00007fff0d760000 - 0x00007fff0da96000 	C:\WINDOWS\System32\combase.dll
0x00007fff0bcd0000 - 0x00007fff0bdef000 	C:\WINDOWS\System32\RPCRT4.dll
0x00007fff0a1f0000 - 0x00007fff0a271000 	C:\WINDOWS\System32\bcryptPrimitives.dll
0x00007fff0d490000 - 0x00007fff0d4be000 	C:\WINDOWS\System32\IMM32.DLL
0x00007ffefc5a0000 - 0x00007ffefc63d000 	C:\Program Files\Android\Android Studio\jre\bin\msvcp140.dll
0x00007ffe99a10000 - 0x00007ffe9a512000 	C:\Program Files\Android\Android Studio\jre\bin\server\jvm.dll
0x00007fff0bec0000 - 0x00007fff0bf63000 	C:\WINDOWS\System32\ADVAPI32.dll
0x00007fff0b3d0000 - 0x00007fff0b467000 	C:\WINDOWS\System32\sechost.dll
0x00007fff0cd00000 - 0x00007fff0cd08000 	C:\WINDOWS\System32\PSAPI.DLL
0x00007ffef77b0000 - 0x00007ffef77b9000 	C:\WINDOWS\SYSTEM32\WSOCK32.dll
0x00007fff08070000 - 0x00007fff08094000 	C:\WINDOWS\SYSTEM32\WINMM.dll
0x00007fff0bbf0000 - 0x00007fff0bc5f000 	C:\WINDOWS\System32\WS2_32.dll
0x00007fff04c70000 - 0x00007fff04c7a000 	C:\WINDOWS\SYSTEM32\VERSION.dll
0x00007fff08040000 - 0x00007fff0806d000 	C:\WINDOWS\SYSTEM32\WINMMBASE.dll
0x00007fff0a1a0000 - 0x00007fff0a1ea000 	C:\WINDOWS\System32\cfgmgr32.dll
0x00007fff0a080000 - 0x00007fff0a091000 	C:\WINDOWS\System32\kernel.appcore.dll
0x00007ffef7f50000 - 0x00007ffef7f61000 	C:\Program Files\Android\Android Studio\jre\bin\verify.dll
0x00007fff056b0000 - 0x00007fff058a4000 	C:\WINDOWS\SYSTEM32\DBGHELP.DLL
0x00007ffef8700000 - 0x00007ffef872a000 	C:\WINDOWS\SYSTEM32\dbgcore.DLL
0x00007ffef7f20000 - 0x00007ffef7f49000 	C:\Program Files\Android\Android Studio\jre\bin\java.dll
0x00007ffefd6c0000 - 0x00007ffefd6cb000 	C:\Program Files\Android\Android Studio\jre\bin\jimage.dll
0x00007ffef7f00000 - 0x00007ffef7f18000 	C:\Program Files\Android\Android Studio\jre\bin\zip.dll
0x00007fff0cd10000 - 0x00007fff0d3f8000 	C:\WINDOWS\System32\SHELL32.dll
0x00007fff0c3f0000 - 0x00007fff0c497000 	C:\WINDOWS\System32\shcore.dll
0x00007fff0aa80000 - 0x00007fff0b1fb000 	C:\WINDOWS\System32\windows.storage.dll
0x00007fff0a0a0000 - 0x00007fff0a0be000 	C:\WINDOWS\System32\profapi.dll
0x00007fff0a030000 - 0x00007fff0a07a000 	C:\WINDOWS\System32\powrprof.dll
0x00007fff0a000000 - 0x00007fff0a010000 	C:\WINDOWS\System32\UMPDC.dll
0x00007fff0bb90000 - 0x00007fff0bbe2000 	C:\WINDOWS\System32\shlwapi.dll
0x00007fff0a280000 - 0x00007fff0a297000 	C:\WINDOWS\System32\cryptsp.dll
0x00007ffef7ee0000 - 0x00007ffef7efa000 	C:\Program Files\Android\Android Studio\jre\bin\net.dll
0x00007fff03780000 - 0x00007fff0387a000 	C:\WINDOWS\SYSTEM32\WINHTTP.dll
0x00007fff09840000 - 0x00007fff098a7000 	C:\WINDOWS\system32\mswsock.dll
0x00007ffef7ec0000 - 0x00007ffef7ed4000 	C:\Program Files\Android\Android Studio\jre\bin\nio.dll
0x00007ffee5c00000 - 0x00007ffee5c27000 	C:\Users\Brendon\.gradle\native\e1d6ef7f7dcc3fd88c89a11ec53ec762bb8ba0a96d01ffa2cd45eb1d1d8dd5c5\windows-amd64\native-platform.dll
0x00007ffedef80000 - 0x00007ffedf0c4000 	C:\Users\Brendon\.gradle\native\0d407fdbe67a94daf76414ababcb853783967236a71b16ec16e742cd7a986fd3\windows-amd64\native-platform-file-events.dll
0x00007ffefb630000 - 0x00007ffefb63a000 	C:\Program Files\Android\Android Studio\jre\bin\management.dll
0x00007ffef7eb0000 - 0x00007ffef7ebd000 	C:\Program Files\Android\Android Studio\jre\bin\management_ext.dll
0x00007fff093c0000 - 0x00007fff093f3000 	C:\WINDOWS\system32\rsaenh.dll
0x00007fff0a9b0000 - 0x00007fff0a9d6000 	C:\WINDOWS\System32\bcrypt.dll
0x00007fff09f20000 - 0x00007fff09f45000 	C:\WINDOWS\SYSTEM32\USERENV.dll
0x00007fff09a10000 - 0x00007fff09a1c000 	C:\WINDOWS\SYSTEM32\CRYPTBASE.dll
0x00007fff09550000 - 0x00007fff0958a000 	C:\WINDOWS\SYSTEM32\IPHLPAPI.DLL
0x00007fff0d480000 - 0x00007fff0d488000 	C:\WINDOWS\System32\NSI.dll
0x00007fff04d90000 - 0x00007fff04da6000 	C:\WINDOWS\SYSTEM32\dhcpcsvc6.DLL
0x00007fff05a30000 - 0x00007fff05a4c000 	C:\WINDOWS\SYSTEM32\dhcpcsvc.DLL
0x00007fff09590000 - 0x00007fff0965b000 	C:\WINDOWS\SYSTEM32\DNSAPI.dll

dbghelp: loaded successfully - version: 4.0.5 - missing functions: none
symbol engine: initialized successfully - sym options: 0x614 - pdb path: .;C:\Program Files\Android\Android Studio\jre\bin;C:\WINDOWS\SYSTEM32;C:\WINDOWS\WinSxS\amd64_microsoft.windows.common-controls_6595b64144ccf1df_6.0.18362.1500_none_9e79be6de462295c;C:\Program Files\Android\Android Studio\jre\bin\server;C:\Users\Brendon\.gradle\native\e1d6ef7f7dcc3fd88c89a11ec53ec762bb8ba0a96d01ffa2cd45eb1d1d8dd5c5\windows-amd64;C:\Users\Brendon\.gradle\native\0d407fdbe67a94daf76414ababcb853783967236a71b16ec16e742cd7a986fd3\windows-amd64

VM Arguments:
jvm_args: --add-opens=java.base/java.util=ALL-UNNAMED --add-opens=java.base/java.lang=ALL-UNNAMED --add-opens=java.base/java.lang.invoke=ALL-UNNAMED --add-opens=java.base/java.util=ALL-UNNAMED --add-opens=java.prefs/java.util.prefs=ALL-UNNAMED --add-opens=java.prefs/java.util.prefs=ALL-UNNAMED --add-opens=java.base/java.nio.charset=ALL-UNNAMED --add-opens=java.base/java.net=ALL-UNNAMED --add-opens=java.base/java.util.concurrent.atomic=ALL-UNNAMED -Xmx2048m -Dfile.encoding=UTF-8 -Duser.country=BR -Duser.language=pt -Duser.variant 
java_command: org.gradle.launcher.daemon.bootstrap.GradleDaemon 7.4
java_class_path (initial): C:\Users\Brendon\.gradle\wrapper\dists\gradle-7.4-bin\c0gwcg53nkjbqw7r0h0umtfvt\gradle-7.4\lib\gradle-launcher-7.4.jar
Launcher Type: SUN_STANDARD

[Global flags]
     intx CICompilerCount                          = 4                                         {product} {ergonomic}
     uint ConcGCThreads                            = 2                                         {product} {ergonomic}
     uint G1ConcRefinementThreads                  = 8                                         {product} {ergonomic}
   size_t G1HeapRegionSize                         = 1048576                                   {product} {ergonomic}
    uintx GCDrainStackTargetSize                   = 64                                        {product} {ergonomic}
   size_t InitialHeapSize                          = 201326592                                 {product} {ergonomic}
   size_t MarkStackSize                            = 4194304                                   {product} {ergonomic}
   size_t MaxHeapSize                              = 2147483648                                {product} {command line}
   size_t MaxNewSize                               = 1287651328                                {product} {ergonomic}
   size_t MinHeapDeltaBytes                        = 1048576                                   {product} {ergonomic}
    uintx NonNMethodCodeHeapSize                   = 5836300                                {pd product} {ergonomic}
    uintx NonProfiledCodeHeapSize                  = 122910970                              {pd product} {ergonomic}
    uintx ProfiledCodeHeapSize                     = 122910970                              {pd product} {ergonomic}
    uintx ReservedCodeCacheSize                    = 251658240                              {pd product} {ergonomic}
     bool SegmentedCodeCache                       = true                                      {product} {ergonomic}
     bool UseCompressedClassPointers               = true                                 {lp64_product} {ergonomic}
     bool UseCompressedOops                        = true                                 {lp64_product} {ergonomic}
     bool UseG1GC                                  = true                                      {product} {ergonomic}
     bool UseLargePagesIndividualAllocation        = false                                  {pd product} {ergonomic}

Logging:
Log output configuration:
 #0: stdout all=warning uptime,level,tags
 #1: stderr all=off uptime,level,tags

Environment Variables:
PATH=C:\Program Files (x86)\Common Files\Intel\Shared Libraries\redist\intel64_win\compiler;C:\Program Files\Common Files\Oracle\Java\javapath;C:\Program Files\AdoptOpenJDK\jdk-8.0.292.10-hotspot\bin;C:\Program Files (x86)\Common Files\Oracle\Java\javapath;C:\Program Files (x86)\Common Files\Intel\Shared Libraries\redist\intel64\compiler;C:\Windows\system32;C:\Windows;C:\Windows\System32\Wbem;C:\Windows\System32\WindowsPowerShell\v1.0\;C:\Program Files\flutter\bin;C:\WINDOWS\system32;C:\WINDOWS;C:\WINDOWS\System32\Wbem;C:\WINDOWS\System32\WindowsPowerShell\v1.0\;C:\WINDOWS\System32\OpenSSH\;C:\Program Files (x86)\NVIDIA Corporation\PhysX\Common;C:\Program Files\NVIDIA Corporation\NVIDIA NvDLISR;C:\Program Files\Java\jdk-14.0.1\bin;C:\Users\Brendon\AppData\Local\Programs\Python\Python38-32\Scripts;C:\Program Files\dart-sdk\bin;C:\Users\Brendon\AppData\Local\Android\Sdk\platform-tools;C:\cygwin64\bin;C:\Program Files\Git\cmd;C:\Users\Brendon\AppData\Local\Programs\Python\Python38-32\Scripts\;C:\Users\Brendon\AppData\Local\Programs\Python\Python38-32\;C:\Users\Brendon\AppData\Local\Microsoft\WindowsApps;C:\Users\Brendon\AppData\Local\Programs\Python\Python38-32\Scripts;C:\Program Files\dart-sdk\bin;
USERNAME=Brendon
OS=Windows_NT
PROCESSOR_IDENTIFIER=Intel64 Family 6 Model 58 Stepping 9, GenuineIntel



---------------  S Y S T E M  ---------------

OS: Windows 10 , 64 bit Build 18362 (10.0.18362.1500)
OS uptime: 0 days 4:50 hours

CPU:total 8 (initial active 8) (4 cores per cpu, 2 threads per core) family 6 model 58 stepping 9 microcode 0x21, cmov, cx8, fxsr, mmx, sse, sse2, sse3, ssse3, sse4.1, sse4.2, popcnt, avx, aes, clmul, erms, ht, tsc, tscinvbit, tscinv

Memory: 4k page, system-wide physical 12251M (2740M free)
TotalPageFile size 17251M (AvailPageFile size 37M)
current process WorkingSet (physical memory assigned to process): 485M, peak: 488M
current process commit charge ("private bytes"): 521M, peak: 563M

vm_info: OpenJDK 64-Bit Server VM (11.0.13+0-b1751.21-8125866) for windows-amd64 JRE (11.0.13+0-b1751.21-8125866), built on Feb  2 2022 03:00:22 by "builder" with MS VC++ 14.0 (VS2015)

END.
