#
# There is insufficient memory for the Java Runtime Environment to continue.
# Native memory allocation (malloc) failed to allocate 973136 bytes for Chunk::new
# Possible reasons:
#   The system is out of physical RAM or swap space
#   The process is running with CompressedOops enabled, and the Java Heap may be blocking the growth of the native heap
# Possible solutions:
#   Reduce memory load on the system
#   Increase physical memory or swap space
#   Check if swap backing store is full
#   Decrease Java heap size (-Xmx/-Xms)
#   Decrease number of Java threads
#   Decrease Java thread stack sizes (-Xss)
#   Set larger code cache with -XX:ReservedCodeCacheSize=
#   JVM is running with Unscaled Compressed Oops mode in which the Java heap is
#     placed in the first 4GB address space. The Java Heap base address is the
#     maximum limit for the native heap growth. Please use -XX:HeapBaseMinAddress
#     to set the Java Heap base and to place the Java Heap above 4GB virtual address.
# This output file may be truncated or incomplete.
#
#  Out of Memory Error (./src/hotspot/share/memory/arena.cpp:197), pid=10396, tid=11636
#
# JRE version: OpenJDK Runtime Environment (11.0.13) (build 11.0.13+0-b1751.21-8125866)
# Java VM: OpenJDK 64-Bit Server VM (11.0.13+0-b1751.21-8125866, mixed mode, tiered, compressed oops, g1 gc, windows-amd64)
# No core dump will be written. Minidumps are not enabled by default on client versions of Windows
#

---------------  S U M M A R Y ------------

Command Line: --add-opens=java.base/java.util=ALL-UNNAMED --add-opens=java.base/java.lang=ALL-UNNAMED --add-opens=java.base/java.lang.invoke=ALL-UNNAMED --add-opens=java.base/java.util=ALL-UNNAMED --add-opens=java.prefs/java.util.prefs=ALL-UNNAMED --add-opens=java.prefs/java.util.prefs=ALL-UNNAMED --add-opens=java.base/java.nio.charset=ALL-UNNAMED --add-opens=java.base/java.net=ALL-UNNAMED --add-opens=java.base/java.util.concurrent.atomic=ALL-UNNAMED -Xmx2048m -Dfile.encoding=UTF-8 -Duser.country=BR -Duser.language=pt -Duser.variant org.gradle.launcher.daemon.bootstrap.GradleDaemon 7.4

Host: Intel(R) Xeon(R) CPU E3-1240 V2 @ 3.40GHz, 8 cores, 11G,  Windows 10 , 64 bit Build 18362 (10.0.18362.1500)
Time: Tue Jan 17 16:43:09 2023 Hora oficial do Brasil elapsed time: 14.360846 seconds (0d 0h 0m 14s)

---------------  T H R E A D  ---------------

Current thread (0x000002b16bdad000):  JavaThread "C2 CompilerThread0" daemon [_thread_in_native, id=11636, stack(0x000000e539700000,0x000000e539800000)]


Current CompileTask:
C2:  14360 13286       4       java.util.regex.Pattern::split (290 bytes)

Stack: [0x000000e539700000,0x000000e539800000]
Native frames: (J=compiled Java code, j=interpreted, Vv=VM code, C=native code)
V  [jvm.dll+0x6100fa]
V  [jvm.dll+0x747090]
V  [jvm.dll+0x7486ad]
V  [jvm.dll+0x748d83]
V  [jvm.dll+0x24ab48]
V  [jvm.dll+0xc04dc]
V  [jvm.dll+0xc0a0c]
V  [jvm.dll+0x35eb5b]
V  [jvm.dll+0x32b833]
V  [jvm.dll+0x32ad2a]
V  [jvm.dll+0x2032b2]
V  [jvm.dll+0x202437]
V  [jvm.dll+0x188e01]
V  [jvm.dll+0x21106b]
V  [jvm.dll+0x20f8c1]
V  [jvm.dll+0x70de0f]
V  [jvm.dll+0x706a75]
V  [jvm.dll+0x60ed66]
C  [ucrtbase.dll+0x210b2]
C  [KERNEL32.DLL+0x17c24]
C  [ntdll.dll+0x6d721]


---------------  P R O C E S S  ---------------

Threads class SMR info:
_java_thread_list=0x000002b170217180, length=142, elements={
0x000002b1518df800, 0x000002b16bda0000, 0x000002b16bda2800, 0x000002b16bda4800,
0x000002b16bda5800, 0x000002b16bda8000, 0x000002b16bdad000, 0x000002b16bdae800,
0x000002b16c62e000, 0x000002b16c796000, 0x000002b16e756800, 0x000002b16d37b000,
0x000002b16e79b800, 0x000002b16d482000, 0x000002b16ecb6000, 0x000002b16eaaf800,
0x000002b16cbe4000, 0x000002b16cbe5000, 0x000002b16e6a8800, 0x000002b16e6a9000,
0x000002b16ebaa800, 0x000002b16eba5800, 0x000002b16eba7800, 0x000002b16eba5000,
0x000002b16ebab800, 0x000002b16eba8000, 0x000002b16eba9800, 0x000002b16eba6800,
0x000002b16eba9000, 0x000002b16f743000, 0x000002b16f748000, 0x000002b16f746000,
0x000002b16f749800, 0x000002b16f744000, 0x000002b16f74a800, 0x000002b16f744800,
0x000002b16f745800, 0x000002b16f74e800, 0x000002b16f74d000, 0x000002b16f750000,
0x000002b16f751000, 0x000002b16f74b000, 0x000002b16f74f000, 0x000002b16f74c000,
0x000002b16f74d800, 0x000002b16f920000, 0x000002b16f923800, 0x000002b16f924000,
0x000002b16f925000, 0x000002b16f91f800, 0x000002b16f921000, 0x000002b16f926000,
0x000002b16f926800, 0x000002b16f927800, 0x000002b16f921800, 0x000002b16f922800,
0x000002b16f92e000, 0x000002b16f92a800, 0x000002b16f92c800, 0x000002b16f92a000,
0x000002b16f92d000, 0x000002b16f929000, 0x000002b16f92b800, 0x000002b16f928800,
0x000002b16cce8000, 0x000002b16ccea800, 0x000002b16cce9800, 0x000002b16cce6800,
0x000002b16cce9000, 0x000002b16cced000, 0x000002b16cceb000, 0x000002b16cce7000,
0x000002b16ccf2000, 0x000002b16cced800, 0x000002b16ccee800, 0x000002b16ccf0000,
0x000002b16ccef800, 0x000002b16ccf1000, 0x000002b16ccec000, 0x000002b16ccf3800,
0x000002b16ccf2800, 0x000002b16ccf4000, 0x000002b16ccf5000, 0x000002b16cb80000,
0x000002b16cb7f800, 0x000002b16cb7c000, 0x000002b16cb7e800, 0x000002b16cb7a800,
0x000002b16cb81000, 0x000002b16cb7b800, 0x000002b16cb82000, 0x000002b16cb7d000,
0x000002b16cb82800, 0x000002b16cb83800, 0x000002b16cb7e000, 0x000002b16cb84800,
0x000002b16cb87000, 0x000002b16cb87800, 0x000002b16cb89000, 0x000002b16cb85000,
0x000002b16cb86000, 0x000002b16cb88800, 0x000002b1723f5800, 0x000002b1723f3000,
0x000002b1723f0800, 0x000002b1723f4000, 0x000002b1723f5000, 0x000002b1723f6800,
0x000002b1723f7000, 0x000002b1723f1800, 0x000002b1723f2800, 0x000002b171b2d000,
0x000002b171b32000, 0x000002b171b30800, 0x000002b171b31000, 0x000002b171b2e800,
0x000002b171b2e000, 0x000002b171b33800, 0x000002b171b33000, 0x000002b171b34800,
0x000002b171b35000, 0x000002b171b2f800, 0x000002b171b3c000, 0x000002b171b37800,
0x000002b171b38800, 0x000002b171b36000, 0x000002b171b37000, 0x000002b171b39800,
0x000002b171b3b000, 0x000002b1736d6000, 0x000002b1736d1000, 0x000002b1736d0800,
0x000002b1736d5000, 0x000002b1736d7000, 0x000002b1736d7800, 0x000002b1736d2000,
0x000002b1736d8800, 0x000002b1736d2800, 0x000002b1736d4800, 0x000002b1736db000,
0x000002b1736db800, 0x000002b16d5b4000
}

Java Threads: ( => current thread )
  0x000002b1518df800 JavaThread "main" [_thread_blocked, id=2712, stack(0x000000e538b00000,0x000000e538c00000)]
  0x000002b16bda0000 JavaThread "Reference Handler" daemon [_thread_blocked, id=3388, stack(0x000000e539200000,0x000000e539300000)]
  0x000002b16bda2800 JavaThread "Finalizer" daemon [_thread_blocked, id=5744, stack(0x000000e539300000,0x000000e539400000)]
  0x000002b16bda4800 JavaThread "Signal Dispatcher" daemon [_thread_blocked, id=7916, stack(0x000000e539400000,0x000000e539500000)]
  0x000002b16bda5800 JavaThread "Attach Listener" daemon [_thread_blocked, id=10292, stack(0x000000e539500000,0x000000e539600000)]
  0x000002b16bda8000 JavaThread "Service Thread" daemon [_thread_blocked, id=11000, stack(0x000000e539600000,0x000000e539700000)]
=>0x000002b16bdad000 JavaThread "C2 CompilerThread0" daemon [_thread_in_native, id=11636, stack(0x000000e539700000,0x000000e539800000)]
  0x000002b16bdae800 JavaThread "C1 CompilerThread0" daemon [_thread_in_native, id=10952, stack(0x000000e539800000,0x000000e539900000)]
  0x000002b16c62e000 JavaThread "Sweeper thread" daemon [_thread_blocked, id=928, stack(0x000000e539900000,0x000000e539a00000)]
  0x000002b16c796000 JavaThread "Common-Cleaner" daemon [_thread_blocked, id=11892, stack(0x000000e539a00000,0x000000e539b00000)]
  0x000002b16e756800 JavaThread "Daemon health stats" [_thread_blocked, id=2128, stack(0x000000e53a100000,0x000000e53a200000)]
  0x000002b16d37b000 JavaThread "Incoming local TCP Connector on port 1058" [_thread_in_native, id=1416, stack(0x000000e539c00000,0x000000e539d00000)]
  0x000002b16e79b800 JavaThread "Daemon periodic checks" [_thread_blocked, id=9468, stack(0x000000e53a000000,0x000000e53a100000)]
  0x000002b16d482000 JavaThread "Daemon" [_thread_blocked, id=11836, stack(0x000000e53a200000,0x000000e53a300000)]
  0x000002b16ecb6000 JavaThread "Handler for socket connection from /127.0.0.1:1058 to /127.0.0.1:1059" [_thread_in_native, id=8676, stack(0x000000e53a300000,0x000000e53a400000)]
  0x000002b16eaaf800 JavaThread "Cancel handler" [_thread_blocked, id=2672, stack(0x000000e53a400000,0x000000e53a500000)]
  0x000002b16cbe4000 JavaThread "Daemon worker" [_thread_blocked, id=8136, stack(0x000000e53a500000,0x000000e53a600000)]
  0x000002b16cbe5000 JavaThread "Asynchronous log dispatcher for DefaultDaemonConnection: socket connection from /127.0.0.1:1058 to /127.0.0.1:1059" [_thread_blocked, id=2684, stack(0x000000e53a600000,0x000000e53a700000)]
  0x000002b16e6a8800 JavaThread "Stdin handler" [_thread_blocked, id=10816, stack(0x000000e53a700000,0x000000e53a800000)]
  0x000002b16e6a9000 JavaThread "Daemon client event forwarder" [_thread_blocked, id=1700, stack(0x000000e53a800000,0x000000e53a900000)]
  0x000002b16ebaa800 JavaThread "Cache worker for journal cache (C:\Users\Brendon\.gradle\caches\journal-1)" [_thread_blocked, id=6848, stack(0x000000e53aa00000,0x000000e53ab00000)]
  0x000002b16eba5800 JavaThread "File lock request listener" [_thread_in_native, id=3116, stack(0x000000e53ab00000,0x000000e53ac00000)]
  0x000002b16eba7800 JavaThread "Cache worker for file hash cache (C:\Users\Brendon\.gradle\caches\7.4\fileHashes)" [_thread_blocked, id=11364, stack(0x000000e53ac00000,0x000000e53ad00000)]
  0x000002b16eba5000 JavaThread "File watcher server" daemon [_thread_in_native, id=9644, stack(0x000000e53b200000,0x000000e53b300000)]
  0x000002b16ebab800 JavaThread "File watcher consumer" daemon [_thread_blocked, id=10308, stack(0x000000e53b300000,0x000000e53b400000)]
  0x000002b16eba8000 JavaThread "Cache worker for checksums cache (C:\Users\Brendon\Desktop\APP_veicular\.gradle\7.4\checksums)" [_thread_blocked, id=1268, stack(0x000000e53b400000,0x000000e53b500000)]
  0x000002b16eba9800 JavaThread "Cache worker for cache directory md-rule (C:\Users\Brendon\.gradle\caches\7.4\md-rule)" [_thread_blocked, id=2864, stack(0x000000e53b500000,0x000000e53b600000)]
  0x000002b16eba6800 JavaThread "Cache worker for file hash cache (C:\Users\Brendon\Desktop\APP_veicular\.gradle\7.4\fileHashes)" [_thread_blocked, id=11244, stack(0x000000e53b700000,0x000000e53b800000)]
  0x000002b16eba9000 JavaThread "Cache worker for cache directory md-supplier (C:\Users\Brendon\.gradle\caches\7.4\md-supplier)" [_thread_blocked, id=6892, stack(0x000000e53b800000,0x000000e53b900000)]
  0x000002b16f743000 JavaThread "Cache worker for execution history cache (C:\Users\Brendon\.gradle\caches\7.4\executionHistory)" [_thread_blocked, id=11584, stack(0x000000e53b900000,0x000000e53ba00000)]
  0x000002b16f748000 JavaThread "jar transforms" [_thread_blocked, id=9900, stack(0x000000e53ba00000,0x000000e53bb00000)]
  0x000002b16f746000 JavaThread "Cache worker for file content cache (C:\Users\Brendon\.gradle\caches\7.4\fileContent)" [_thread_blocked, id=4476, stack(0x000000e53bb00000,0x000000e53bc00000)]
  0x000002b16f749800 JavaThread "jar transforms Thread 2" [_thread_blocked, id=11540, stack(0x000000e53bc00000,0x000000e53bd00000)]
  0x000002b16f744000 JavaThread "Cache worker for dependencies-accessors (C:\Users\Brendon\Desktop\APP_veicular\.gradle\7.4\dependencies-accessors)" [_thread_blocked, id=11956, stack(0x000000e53bd00000,0x000000e53be00000)]
  0x000002b16f74a800 JavaThread "jar transforms Thread 3" [_thread_blocked, id=3544, stack(0x000000e53be00000,0x000000e53bf00000)]
  0x000002b16f744800 JavaThread "Cache worker for Build Output Cleanup Cache (C:\Users\Brendon\Desktop\APP_veicular\.gradle\buildOutputCleanup)" [_thread_blocked, id=11880, stack(0x000000e53bf00000,0x000000e53c000000)]
  0x000002b16f745800 JavaThread "Unconstrained build operations" [_thread_blocked, id=7628, stack(0x000000e53c000000,0x000000e53c100000)]
  0x000002b16f74e800 JavaThread "Unconstrained build operations Thread 2" [_thread_blocked, id=1672, stack(0x000000e53c100000,0x000000e53c200000)]
  0x000002b16f74d000 JavaThread "Unconstrained build operations Thread 3" [_thread_blocked, id=9504, stack(0x000000e53c200000,0x000000e53c300000)]
  0x000002b16f750000 JavaThread "Unconstrained build operations Thread 4" [_thread_blocked, id=9596, stack(0x000000e53c300000,0x000000e53c400000)]
  0x000002b16f751000 JavaThread "Unconstrained build operations Thread 5" [_thread_blocked, id=11936, stack(0x000000e53c400000,0x000000e53c500000)]
  0x000002b16f74b000 JavaThread "Unconstrained build operations Thread 6" [_thread_blocked, id=9592, stack(0x000000e53c500000,0x000000e53c600000)]
  0x000002b16f74f000 JavaThread "Unconstrained build operations Thread 7" [_thread_blocked, id=11736, stack(0x000000e53c600000,0x000000e53c700000)]
  0x000002b16f74c000 JavaThread "Unconstrained build operations Thread 8" [_thread_blocked, id=10164, stack(0x000000e53c700000,0x000000e53c800000)]
  0x000002b16f74d800 JavaThread "Unconstrained build operations Thread 9" [_thread_blocked, id=9300, stack(0x000000e53c800000,0x000000e53c900000)]
  0x000002b16f920000 JavaThread "Unconstrained build operations Thread 10" [_thread_blocked, id=12152, stack(0x000000e53c900000,0x000000e53ca00000)]
  0x000002b16f923800 JavaThread "Unconstrained build operations Thread 11" [_thread_blocked, id=6912, stack(0x000000e53ca00000,0x000000e53cb00000)]
  0x000002b16f924000 JavaThread "Unconstrained build operations Thread 12" [_thread_blocked, id=11516, stack(0x000000e53cb00000,0x000000e53cc00000)]
  0x000002b16f925000 JavaThread "Unconstrained build operations Thread 13" [_thread_blocked, id=9444, stack(0x000000e53cc00000,0x000000e53cd00000)]
  0x000002b16f91f800 JavaThread "Unconstrained build operations Thread 14" [_thread_blocked, id=11616, stack(0x000000e53cd00000,0x000000e53ce00000)]
  0x000002b16f921000 JavaThread "Unconstrained build operations Thread 15" [_thread_blocked, id=10848, stack(0x000000e53ce00000,0x000000e53cf00000)]
  0x000002b16f926000 JavaThread "Unconstrained build operations Thread 16" [_thread_blocked, id=2472, stack(0x000000e53cf00000,0x000000e53d000000)]
  0x000002b16f926800 JavaThread "Unconstrained build operations Thread 17" [_thread_blocked, id=8748, stack(0x000000e53d000000,0x000000e53d100000)]
  0x000002b16f927800 JavaThread "Unconstrained build operations Thread 18" [_thread_blocked, id=6648, stack(0x000000e53d100000,0x000000e53d200000)]
  0x000002b16f921800 JavaThread "Unconstrained build operations Thread 19" [_thread_blocked, id=7048, stack(0x000000e53d200000,0x000000e53d300000)]
  0x000002b16f922800 JavaThread "Unconstrained build operations Thread 20" [_thread_blocked, id=2056, stack(0x000000e53d300000,0x000000e53d400000)]
  0x000002b16f92e000 JavaThread "Unconstrained build operations Thread 21" [_thread_blocked, id=6696, stack(0x000000e53d400000,0x000000e53d500000)]
  0x000002b16f92a800 JavaThread "Unconstrained build operations Thread 22" [_thread_blocked, id=2632, stack(0x000000e53d500000,0x000000e53d600000)]
  0x000002b16f92c800 JavaThread "Unconstrained build operations Thread 23" [_thread_blocked, id=864, stack(0x000000e53d600000,0x000000e53d700000)]
  0x000002b16f92a000 JavaThread "Unconstrained build operations Thread 24" [_thread_blocked, id=4568, stack(0x000000e53d700000,0x000000e53d800000)]
  0x000002b16f92d000 JavaThread "Unconstrained build operations Thread 25" [_thread_blocked, id=9048, stack(0x000000e53d800000,0x000000e53d900000)]
  0x000002b16f929000 JavaThread "Unconstrained build operations Thread 26" [_thread_blocked, id=5792, stack(0x000000e53d900000,0x000000e53da00000)]
  0x000002b16f92b800 JavaThread "Unconstrained build operations Thread 27" [_thread_blocked, id=9428, stack(0x000000e53da00000,0x000000e53db00000)]
  0x000002b16f928800 JavaThread "Unconstrained build operations Thread 28" [_thread_blocked, id=9396, stack(0x000000e53db00000,0x000000e53dc00000)]
  0x000002b16cce8000 JavaThread "Unconstrained build operations Thread 29" [_thread_blocked, id=7492, stack(0x000000e53dc00000,0x000000e53dd00000)]
  0x000002b16ccea800 JavaThread "Unconstrained build operations Thread 30" [_thread_blocked, id=2776, stack(0x000000e53dd00000,0x000000e53de00000)]
  0x000002b16cce9800 JavaThread "Unconstrained build operations Thread 31" [_thread_blocked, id=9748, stack(0x000000e53de00000,0x000000e53df00000)]
  0x000002b16cce6800 JavaThread "Unconstrained build operations Thread 32" [_thread_blocked, id=6952, stack(0x000000e53df00000,0x000000e53e000000)]
  0x000002b16cce9000 JavaThread "Unconstrained build operations Thread 33" [_thread_blocked, id=1496, stack(0x000000e53e000000,0x000000e53e100000)]
  0x000002b16cced000 JavaThread "Unconstrained build operations Thread 34" [_thread_blocked, id=10388, stack(0x000000e53e100000,0x000000e53e200000)]
  0x000002b16cceb000 JavaThread "Unconstrained build operations Thread 35" [_thread_blocked, id=4628, stack(0x000000e53e200000,0x000000e53e300000)]
  0x000002b16cce7000 JavaThread "Unconstrained build operations Thread 36" [_thread_blocked, id=6660, stack(0x000000e53e300000,0x000000e53e400000)]
  0x000002b16ccf2000 JavaThread "Unconstrained build operations Thread 37" [_thread_blocked, id=8760, stack(0x000000e53e400000,0x000000e53e500000)]
  0x000002b16cced800 JavaThread "Unconstrained build operations Thread 38" [_thread_blocked, id=3504, stack(0x000000e53e500000,0x000000e53e600000)]
  0x000002b16ccee800 JavaThread "Unconstrained build operations Thread 39" [_thread_blocked, id=11432, stack(0x000000e53e600000,0x000000e53e700000)]
  0x000002b16ccf0000 JavaThread "Unconstrained build operations Thread 40" [_thread_blocked, id=10516, stack(0x000000e53e700000,0x000000e53e800000)]
  0x000002b16ccef800 JavaThread "Unconstrained build operations Thread 41" [_thread_blocked, id=9016, stack(0x000000e53e800000,0x000000e53e900000)]
  0x000002b16ccf1000 JavaThread "Unconstrained build operations Thread 42" [_thread_blocked, id=10672, stack(0x000000e53e900000,0x000000e53ea00000)]
  0x000002b16ccec000 JavaThread "Unconstrained build operations Thread 43" [_thread_blocked, id=10472, stack(0x000000e53ea00000,0x000000e53eb00000)]
  0x000002b16ccf3800 JavaThread "Unconstrained build operations Thread 44" [_thread_blocked, id=12112, stack(0x000000e53eb00000,0x000000e53ec00000)]
  0x000002b16ccf2800 JavaThread "Unconstrained build operations Thread 45" [_thread_blocked, id=10908, stack(0x000000e53ec00000,0x000000e53ed00000)]
  0x000002b16ccf4000 JavaThread "Unconstrained build operations Thread 46" [_thread_blocked, id=3312, stack(0x000000e53ed00000,0x000000e53ee00000)]
  0x000002b16ccf5000 JavaThread "Unconstrained build operations Thread 47" [_thread_blocked, id=11808, stack(0x000000e53ee00000,0x000000e53ef00000)]
  0x000002b16cb80000 JavaThread "Unconstrained build operations Thread 48" [_thread_blocked, id=7116, stack(0x000000e53ef00000,0x000000e53f000000)]
  0x000002b16cb7f800 JavaThread "Unconstrained build operations Thread 49" [_thread_blocked, id=10536, stack(0x000000e53f000000,0x000000e53f100000)]
  0x000002b16cb7c000 JavaThread "Unconstrained build operations Thread 50" [_thread_blocked, id=10940, stack(0x000000e53f100000,0x000000e53f200000)]
  0x000002b16cb7e800 JavaThread "Unconstrained build operations Thread 51" [_thread_blocked, id=1364, stack(0x000000e53f200000,0x000000e53f300000)]
  0x000002b16cb7a800 JavaThread "Unconstrained build operations Thread 52" [_thread_blocked, id=8984, stack(0x000000e53f300000,0x000000e53f400000)]
  0x000002b16cb81000 JavaThread "Unconstrained build operations Thread 53" [_thread_blocked, id=11320, stack(0x000000e53f400000,0x000000e53f500000)]
  0x000002b16cb7b800 JavaThread "Unconstrained build operations Thread 54" [_thread_blocked, id=5992, stack(0x000000e53f500000,0x000000e53f600000)]
  0x000002b16cb82000 JavaThread "Unconstrained build operations Thread 55" [_thread_blocked, id=8252, stack(0x000000e53f600000,0x000000e53f700000)]
  0x000002b16cb7d000 JavaThread "Unconstrained build operations Thread 56" [_thread_blocked, id=10960, stack(0x000000e53f700000,0x000000e53f800000)]
  0x000002b16cb82800 JavaThread "Unconstrained build operations Thread 57" [_thread_blocked, id=10620, stack(0x000000e53f800000,0x000000e53f900000)]
  0x000002b16cb83800 JavaThread "Unconstrained build operations Thread 58" [_thread_blocked, id=10868, stack(0x000000e53f900000,0x000000e53fa00000)]
  0x000002b16cb7e000 JavaThread "Unconstrained build operations Thread 59" [_thread_blocked, id=8152, stack(0x000000e53fa00000,0x000000e53fb00000)]
  0x000002b16cb84800 JavaThread "Unconstrained build operations Thread 60" [_thread_blocked, id=5080, stack(0x000000e53fb00000,0x000000e53fc00000)]
  0x000002b16cb87000 JavaThread "Unconstrained build operations Thread 61" [_thread_blocked, id=10724, stack(0x000000e53fc00000,0x000000e53fd00000)]
  0x000002b16cb87800 JavaThread "Unconstrained build operations Thread 62" [_thread_blocked, id=8128, stack(0x000000e53fd00000,0x000000e53fe00000)]
  0x000002b16cb89000 JavaThread "Unconstrained build operations Thread 63" [_thread_blocked, id=2028, stack(0x000000e53fe00000,0x000000e53ff00000)]
  0x000002b16cb85000 JavaThread "Unconstrained build operations Thread 64" [_thread_blocked, id=10348, stack(0x000000e53ff00000,0x000000e540000000)]
  0x000002b16cb86000 JavaThread "Unconstrained build operations Thread 65" [_thread_blocked, id=12256, stack(0x000000e540000000,0x000000e540100000)]
  0x000002b16cb88800 JavaThread "Unconstrained build operations Thread 66" [_thread_blocked, id=11596, stack(0x000000e540100000,0x000000e540200000)]
  0x000002b1723f5800 JavaThread "Unconstrained build operations Thread 67" [_thread_blocked, id=6272, stack(0x000000e540200000,0x000000e540300000)]
  0x000002b1723f3000 JavaThread "Unconstrained build operations Thread 68" [_thread_blocked, id=1748, stack(0x000000e540300000,0x000000e540400000)]
  0x000002b1723f0800 JavaThread "Unconstrained build operations Thread 69" [_thread_blocked, id=9884, stack(0x000000e540400000,0x000000e540500000)]
  0x000002b1723f4000 JavaThread "Unconstrained build operations Thread 70" [_thread_blocked, id=6960, stack(0x000000e540500000,0x000000e540600000)]
  0x000002b1723f5000 JavaThread "Unconstrained build operations Thread 71" [_thread_blocked, id=9696, stack(0x000000e540600000,0x000000e540700000)]
  0x000002b1723f6800 JavaThread "Unconstrained build operations Thread 72" [_thread_blocked, id=11872, stack(0x000000e540700000,0x000000e540800000)]
  0x000002b1723f7000 JavaThread "Unconstrained build operations Thread 73" [_thread_blocked, id=9728, stack(0x000000e540800000,0x000000e540900000)]
  0x000002b1723f1800 JavaThread "Unconstrained build operations Thread 74" [_thread_blocked, id=12104, stack(0x000000e540900000,0x000000e540a00000)]
  0x000002b1723f2800 JavaThread "Unconstrained build operations Thread 75" [_thread_blocked, id=10492, stack(0x000000e540a00000,0x000000e540b00000)]
  0x000002b171b2d000 JavaThread "Unconstrained build operations Thread 76" [_thread_blocked, id=32, stack(0x000000e540b00000,0x000000e540c00000)]
  0x000002b171b32000 JavaThread "Unconstrained build operations Thread 77" [_thread_blocked, id=11176, stack(0x000000e540c00000,0x000000e540d00000)]
  0x000002b171b30800 JavaThread "Unconstrained build operations Thread 78" [_thread_blocked, id=10732, stack(0x000000e540d00000,0x000000e540e00000)]
  0x000002b171b31000 JavaThread "Unconstrained build operations Thread 79" [_thread_blocked, id=7348, stack(0x000000e540e00000,0x000000e540f00000)]
  0x000002b171b2e800 JavaThread "Unconstrained build operations Thread 80" [_thread_blocked, id=6100, stack(0x000000e540f00000,0x000000e541000000)]
  0x000002b171b2e000 JavaThread "jar transforms Thread 4" [_thread_blocked, id=12252, stack(0x000000e541000000,0x000000e541100000)]
  0x000002b171b33800 JavaThread "jar transforms Thread 5" [_thread_blocked, id=10580, stack(0x000000e541100000,0x000000e541200000)]
  0x000002b171b33000 JavaThread "jar transforms Thread 6" [_thread_blocked, id=11312, stack(0x000000e541200000,0x000000e541300000)]
  0x000002b171b34800 JavaThread "jar transforms Thread 7" [_thread_blocked, id=2340, stack(0x000000e541300000,0x000000e541400000)]
  0x000002b171b35000 JavaThread "jar transforms Thread 8" [_thread_blocked, id=8132, stack(0x000000e541400000,0x000000e541500000)]
  0x000002b171b2f800 JavaThread "Memory manager" [_thread_blocked, id=7188, stack(0x000000e541500000,0x000000e541600000)]
  0x000002b171b3c000 JavaThread "build event listener" [_thread_blocked, id=10332, stack(0x000000e541600000,0x000000e541700000)]
  0x000002b171b37800 JavaThread "included builds" [_thread_blocked, id=11972, stack(0x000000e541700000,0x000000e541800000)]
  0x000002b171b38800 JavaThread "Execution worker for ':'" [_thread_blocked, id=5116, stack(0x000000e541800000,0x000000e541900000)]
  0x000002b171b36000 JavaThread "Execution worker for ':' Thread 2" [_thread_blocked, id=11592, stack(0x000000e541900000,0x000000e541a00000)]
  0x000002b171b37000 JavaThread "Execution worker for ':' Thread 3" [_thread_blocked, id=9352, stack(0x000000e541a00000,0x000000e541b00000)]
  0x000002b171b39800 JavaThread "Execution worker for ':' Thread 4" [_thread_blocked, id=8068, stack(0x000000e541b00000,0x000000e541c00000)]
  0x000002b171b3b000 JavaThread "Execution worker for ':' Thread 5" [_thread_blocked, id=11248, stack(0x000000e541c00000,0x000000e541d00000)]
  0x000002b1736d6000 JavaThread "Execution worker for ':' Thread 6" [_thread_blocked, id=9752, stack(0x000000e541d00000,0x000000e541e00000)]
  0x000002b1736d1000 JavaThread "Execution worker for ':' Thread 7" [_thread_blocked, id=1424, stack(0x000000e541e00000,0x000000e541f00000)]
  0x000002b1736d0800 JavaThread "Cache worker for execution history cache (C:\Users\Brendon\Desktop\APP_veicular\.gradle\7.4\executionHistory)" [_thread_blocked, id=10400, stack(0x000000e541f00000,0x000000e542000000)]
  0x000002b1736d5000 JavaThread "WorkerExecutor Queue" [_thread_in_Java, id=8532, stack(0x000000e542000000,0x000000e542100000)]
  0x000002b1736d7000 JavaThread "WorkerExecutor Queue Thread 2" [_thread_blocked, id=12212, stack(0x000000e542100000,0x000000e542200000)]
  0x000002b1736d7800 JavaThread "WorkerExecutor Queue Thread 3" [_thread_blocked, id=11672, stack(0x000000e542200000,0x000000e542300000)]
  0x000002b1736d2000 JavaThread "WorkerExecutor Queue Thread 4" [_thread_blocked, id=10040, stack(0x000000e542300000,0x000000e542400000)]
  0x000002b1736d8800 JavaThread "WorkerExecutor Queue Thread 5" [_thread_blocked, id=8484, stack(0x000000e542400000,0x000000e542500000)]
  0x000002b1736d2800 JavaThread "WorkerExecutor Queue Thread 6" [_thread_blocked, id=11904, stack(0x000000e542500000,0x000000e542600000)]
  0x000002b1736d4800 JavaThread "WorkerExecutor Queue Thread 7" [_thread_blocked, id=10324, stack(0x000000e542600000,0x000000e542700000)]
  0x000002b1736db000 JavaThread "WorkerExecutor Queue Thread 8" [_thread_blocked, id=5200, stack(0x000000e542700000,0x000000e542800000)]
  0x000002b1736db800 JavaThread "WorkerExecutor Queue Thread 9" [_thread_blocked, id=2704, stack(0x000000e542800000,0x000000e542900000)]
  0x000002b16d5b4000 JavaThread "C2 CompilerThread1" daemon [_thread_in_native, id=8596, stack(0x000000e53a900000,0x000000e53aa00000)]

Other Threads:
  0x000002b16c5d4000 VMThread "VM Thread" [stack: 0x000000e539100000,0x000000e539200000] [id=1920]
  0x000002b16c7ab000 WatcherThread [stack: 0x000000e539b00000,0x000000e539c00000] [id=8764]
  0x000002b1518f6800 GCTaskThread "GC Thread#0" [stack: 0x000000e538c00000,0x000000e538d00000] [id=10632]
  0x000002b16d568000 GCTaskThread "GC Thread#1" [stack: 0x000000e539d00000,0x000000e539e00000] [id=6152]
  0x000002b16d568800 GCTaskThread "GC Thread#2" [stack: 0x000000e539e00000,0x000000e539f00000] [id=3816]
  0x000002b16d562000 GCTaskThread "GC Thread#3" [stack: 0x000000e539f00000,0x000000e53a000000] [id=6552]
  0x000002b16d567000 GCTaskThread "GC Thread#4" [stack: 0x000000e53ad00000,0x000000e53ae00000] [id=9400]
  0x000002b16d566800 GCTaskThread "GC Thread#5" [stack: 0x000000e53ae00000,0x000000e53af00000] [id=1200]
  0x000002b16d565800 GCTaskThread "GC Thread#6" [stack: 0x000000e53af00000,0x000000e53b000000] [id=8780]
  0x000002b16d563800 GCTaskThread "GC Thread#7" [stack: 0x000000e53b000000,0x000000e53b100000] [id=7028]
  0x000002b151928800 ConcurrentGCThread "G1 Main Marker" [stack: 0x000000e538d00000,0x000000e538e00000] [id=2492]
  0x000002b15192e000 ConcurrentGCThread "G1 Conc#0" [stack: 0x000000e538e00000,0x000000e538f00000] [id=792]
  0x000002b16d564000 ConcurrentGCThread "G1 Conc#1" [stack: 0x000000e53b100000,0x000000e53b200000] [id=11664]
  0x000002b16bc06800 ConcurrentGCThread "G1 Refine#0" [stack: 0x000000e538f00000,0x000000e539000000] [id=9252]
  0x000002b16bc07800 ConcurrentGCThread "G1 Young RemSet Sampling" [stack: 0x000000e539000000,0x000000e539100000] [id=9140]

Threads with active compile tasks:
C2 CompilerThread0  14388 13286       4       java.util.regex.Pattern::split (290 bytes)
C2 CompilerThread1  14388 13386       4       sun.security.provider.ByteArrayAccess::i2bBig (204 bytes)

VM state:not at safepoint (normal execution)

VM Mutex/Monitor currently owned by a thread: None

Heap address: 0x0000000080000000, size: 2048 MB, Compressed Oops mode: 32-bit
Narrow klass base: 0x0000000000000000, Narrow klass shift: 3
Compressed class space size: 1073741824 Address: 0x0000000100000000

Heap:
 garbage-first heap   total 236544K, used 121603K [0x0000000080000000, 0x0000000100000000)
  region size 1024K, 34 young (34816K), 4 survivors (4096K)
 Metaspace       used 105297K, capacity 109575K, committed 109736K, reserved 1142784K
  class space    used 14241K, capacity 15997K, committed 16120K, reserved 1048576K
Heap Regions: E=young(eden), S=young(survivor), O=old, HS=humongous(starts), HC=humongous(continues), CS=collection set, F=free, A=archive, TAMS=top-at-mark-start (previous, next)
|   0|0x0000000080000000, 0x0000000080100000, 0x0000000080100000|100%| O|  |TAMS 0x0000000080100000, 0x0000000080000000| Untracked 
|   1|0x0000000080100000, 0x0000000080200000, 0x0000000080200000|100%| O|  |TAMS 0x0000000080200000, 0x0000000080100000| Untracked 
|   2|0x0000000080200000, 0x0000000080300000, 0x0000000080300000|100%| O|  |TAMS 0x0000000080300000, 0x0000000080200000| Untracked 
|   3|0x0000000080300000, 0x0000000080400000, 0x0000000080400000|100%|HS|  |TAMS 0x0000000080400000, 0x0000000080300000| Complete 
|   4|0x0000000080400000, 0x0000000080500000, 0x0000000080500000|100%|HC|  |TAMS 0x0000000080500000, 0x0000000080400000| Complete 
|   5|0x0000000080500000, 0x0000000080600000, 0x0000000080600000|100%|HC|  |TAMS 0x0000000080600000, 0x0000000080500000| Complete 
|   6|0x0000000080600000, 0x0000000080700000, 0x0000000080700000|100%| O|  |TAMS 0x0000000080700000, 0x0000000080600000| Untracked 
|   7|0x0000000080700000, 0x0000000080800000, 0x0000000080800000|100%| O|  |TAMS 0x0000000080800000, 0x0000000080700000| Untracked 
|   8|0x0000000080800000, 0x0000000080900000, 0x0000000080900000|100%| O|  |TAMS 0x0000000080900000, 0x0000000080800000| Untracked 
|   9|0x0000000080900000, 0x0000000080a00000, 0x0000000080a00000|100%| O|  |TAMS 0x0000000080a00000, 0x0000000080900000| Untracked 
|  10|0x0000000080a00000, 0x0000000080b00000, 0x0000000080b00000|100%| O|  |TAMS 0x0000000080b00000, 0x0000000080a00000| Untracked 
|  11|0x0000000080b00000, 0x0000000080c00000, 0x0000000080c00000|100%| O|  |TAMS 0x0000000080c00000, 0x0000000080b00000| Untracked 
|  12|0x0000000080c00000, 0x0000000080d00000, 0x0000000080d00000|100%| O|  |TAMS 0x0000000080d00000, 0x0000000080c00000| Untracked 
|  13|0x0000000080d00000, 0x0000000080e00000, 0x0000000080e00000|100%| O|  |TAMS 0x0000000080e00000, 0x0000000080d00000| Untracked 
|  14|0x0000000080e00000, 0x0000000080f00000, 0x0000000080f00000|100%| O|  |TAMS 0x0000000080f00000, 0x0000000080e00000| Untracked 
|  15|0x0000000080f00000, 0x0000000081000000, 0x0000000081000000|100%| O|  |TAMS 0x0000000081000000, 0x0000000080f00000| Untracked 
|  16|0x0000000081000000, 0x0000000081100000, 0x0000000081100000|100%| O|  |TAMS 0x0000000081100000, 0x0000000081000000| Untracked 
|  17|0x0000000081100000, 0x0000000081200000, 0x0000000081200000|100%| O|  |TAMS 0x0000000081200000, 0x0000000081100000| Untracked 
|  18|0x0000000081200000, 0x0000000081300000, 0x0000000081300000|100%|HS|  |TAMS 0x0000000081300000, 0x0000000081200000| Complete 
|  19|0x0000000081300000, 0x0000000081400000, 0x0000000081400000|100%| O|  |TAMS 0x0000000081400000, 0x0000000081300000| Untracked 
|  20|0x0000000081400000, 0x0000000081500000, 0x0000000081500000|100%| O|  |TAMS 0x0000000081500000, 0x0000000081400000| Untracked 
|  21|0x0000000081500000, 0x0000000081600000, 0x0000000081600000|100%| O|  |TAMS 0x0000000081600000, 0x0000000081500000| Untracked 
|  22|0x0000000081600000, 0x0000000081700000, 0x0000000081700000|100%| O|  |TAMS 0x0000000081700000, 0x0000000081600000| Untracked 
|  23|0x0000000081700000, 0x0000000081800000, 0x0000000081800000|100%| O|  |TAMS 0x0000000081800000, 0x0000000081700000| Untracked 
|  24|0x0000000081800000, 0x0000000081900000, 0x0000000081900000|100%|HS|  |TAMS 0x0000000081900000, 0x0000000081800000| Complete 
|  25|0x0000000081900000, 0x0000000081a00000, 0x0000000081a00000|100%| O|  |TAMS 0x0000000081900000, 0x0000000081900000| Untracked 
|  26|0x0000000081a00000, 0x0000000081b00000, 0x0000000081b00000|100%|HS|  |TAMS 0x0000000081b00000, 0x0000000081a00000| Complete 
|  27|0x0000000081b00000, 0x0000000081c00000, 0x0000000081c00000|100%|HC|  |TAMS 0x0000000081c00000, 0x0000000081b00000| Complete 
|  28|0x0000000081c00000, 0x0000000081d00000, 0x0000000081d00000|100%| O|  |TAMS 0x0000000081d00000, 0x0000000081c00000| Untracked 
|  29|0x0000000081d00000, 0x0000000081e00000, 0x0000000081e00000|100%| O|  |TAMS 0x0000000081e00000, 0x0000000081d00000| Untracked 
|  30|0x0000000081e00000, 0x0000000081f00000, 0x0000000081f00000|100%| O|  |TAMS 0x0000000081f00000, 0x0000000081e00000| Untracked 
|  31|0x0000000081f00000, 0x0000000082000000, 0x0000000082000000|100%| O|  |TAMS 0x0000000082000000, 0x0000000081f00000| Untracked 
|  32|0x0000000082000000, 0x0000000082100000, 0x0000000082100000|100%| O|  |TAMS 0x0000000082100000, 0x0000000082000000| Untracked 
|  33|0x0000000082100000, 0x0000000082200000, 0x0000000082200000|100%| O|  |TAMS 0x0000000082100000, 0x0000000082100000| Untracked 
|  34|0x0000000082200000, 0x0000000082300000, 0x0000000082300000|100%| O|  |TAMS 0x0000000082200000, 0x0000000082200000| Untracked 
|  35|0x0000000082300000, 0x0000000082400000, 0x0000000082400000|100%| O|  |TAMS 0x0000000082300000, 0x0000000082300000| Untracked 
|  36|0x0000000082400000, 0x0000000082500000, 0x0000000082500000|100%| O|  |TAMS 0x0000000082400000, 0x0000000082400000| Untracked 
|  37|0x0000000082500000, 0x0000000082600000, 0x0000000082600000|100%| O|  |TAMS 0x0000000082500000, 0x0000000082500000| Untracked 
|  38|0x0000000082600000, 0x0000000082700000, 0x0000000082700000|100%| O|  |TAMS 0x0000000082600000, 0x0000000082600000| Untracked 
|  39|0x0000000082700000, 0x0000000082800000, 0x0000000082800000|100%| O|  |TAMS 0x0000000082700000, 0x0000000082700000| Untracked 
|  40|0x0000000082800000, 0x0000000082900000, 0x0000000082900000|100%| O|  |TAMS 0x0000000082900000, 0x0000000082800000| Untracked 
|  41|0x0000000082900000, 0x0000000082a00000, 0x0000000082a00000|100%| O|  |TAMS 0x0000000082a00000, 0x0000000082900000| Untracked 
|  42|0x0000000082a00000, 0x0000000082b00000, 0x0000000082b00000|100%| O|  |TAMS 0x0000000082b00000, 0x0000000082a00000| Untracked 
|  43|0x0000000082b00000, 0x0000000082c00000, 0x0000000082c00000|100%| O|  |TAMS 0x0000000082c00000, 0x0000000082b00000| Untracked 
|  44|0x0000000082c00000, 0x0000000082d00000, 0x0000000082d00000|100%| O|  |TAMS 0x0000000082d00000, 0x0000000082c00000| Untracked 
|  45|0x0000000082d00000, 0x0000000082e00000, 0x0000000082e00000|100%| O|  |TAMS 0x0000000082e00000, 0x0000000082d00000| Untracked 
|  46|0x0000000082e00000, 0x0000000082f00000, 0x0000000082f00000|100%| O|  |TAMS 0x0000000082f00000, 0x0000000082e00000| Untracked 
|  47|0x0000000082f00000, 0x0000000083000000, 0x0000000083000000|100%| O|  |TAMS 0x0000000083000000, 0x0000000082f00000| Untracked 
|  48|0x0000000083000000, 0x0000000083100000, 0x0000000083100000|100%| O|  |TAMS 0x0000000083100000, 0x0000000083000000| Untracked 
|  49|0x0000000083100000, 0x0000000083200000, 0x0000000083200000|100%| O|  |TAMS 0x0000000083200000, 0x0000000083100000| Untracked 
|  50|0x0000000083200000, 0x0000000083300000, 0x0000000083300000|100%| O|  |TAMS 0x0000000083300000, 0x0000000083200000| Untracked 
|  51|0x0000000083300000, 0x0000000083400000, 0x0000000083400000|100%| O|  |TAMS 0x0000000083400000, 0x0000000083300000| Untracked 
|  52|0x0000000083400000, 0x0000000083500000, 0x0000000083500000|100%| O|  |TAMS 0x0000000083400000, 0x0000000083400000| Untracked 
|  53|0x0000000083500000, 0x0000000083600000, 0x0000000083600000|100%| O|  |TAMS 0x0000000083500000, 0x0000000083500000| Untracked 
|  54|0x0000000083600000, 0x0000000083700000, 0x0000000083700000|100%| O|  |TAMS 0x0000000083600000, 0x0000000083600000| Untracked 
|  55|0x0000000083700000, 0x0000000083800000, 0x0000000083800000|100%| O|  |TAMS 0x0000000083700000, 0x0000000083700000| Untracked 
|  56|0x0000000083800000, 0x0000000083900000, 0x0000000083900000|100%| O|  |TAMS 0x0000000083800000, 0x0000000083800000| Untracked 
|  57|0x0000000083900000, 0x0000000083a00000, 0x0000000083a00000|100%| O|  |TAMS 0x0000000083900000, 0x0000000083900000| Untracked 
|  58|0x0000000083a00000, 0x0000000083b00000, 0x0000000083b00000|100%| O|  |TAMS 0x0000000083a00000, 0x0000000083a00000| Untracked 
|  59|0x0000000083b00000, 0x0000000083c00000, 0x0000000083c00000|100%| O|  |TAMS 0x0000000083b00000, 0x0000000083b00000| Untracked 
|  60|0x0000000083c00000, 0x0000000083d00000, 0x0000000083d00000|100%| O|  |TAMS 0x0000000083c00000, 0x0000000083c00000| Untracked 
|  61|0x0000000083d00000, 0x0000000083e00000, 0x0000000083e00000|100%| O|  |TAMS 0x0000000083d00000, 0x0000000083d00000| Untracked 
|  62|0x0000000083e00000, 0x0000000083f00000, 0x0000000083f00000|100%| O|  |TAMS 0x0000000083e00000, 0x0000000083e00000| Untracked 
|  63|0x0000000083f00000, 0x0000000084000000, 0x0000000084000000|100%| O|  |TAMS 0x0000000083f00000, 0x0000000083f00000| Untracked 
|  64|0x0000000084000000, 0x0000000084100000, 0x0000000084100000|100%| O|  |TAMS 0x0000000084000000, 0x0000000084000000| Untracked 
|  65|0x0000000084100000, 0x0000000084200000, 0x0000000084200000|100%| O|  |TAMS 0x0000000084100000, 0x0000000084100000| Untracked 
|  66|0x0000000084200000, 0x0000000084300000, 0x0000000084300000|100%| O|  |TAMS 0x0000000084200000, 0x0000000084200000| Untracked 
|  67|0x0000000084300000, 0x0000000084400000, 0x0000000084400000|100%| O|  |TAMS 0x0000000084300000, 0x0000000084300000| Untracked 
|  68|0x0000000084400000, 0x0000000084500000, 0x0000000084500000|100%| O|  |TAMS 0x0000000084400000, 0x0000000084400000| Untracked 
|  69|0x0000000084500000, 0x0000000084600000, 0x0000000084600000|100%| O|  |TAMS 0x0000000084500000, 0x0000000084500000| Untracked 
|  70|0x0000000084600000, 0x0000000084700000, 0x0000000084700000|100%| O|  |TAMS 0x0000000084600000, 0x0000000084600000| Untracked 
|  71|0x0000000084700000, 0x0000000084800000, 0x0000000084800000|100%| O|  |TAMS 0x0000000084700000, 0x0000000084700000| Untracked 
|  72|0x0000000084800000, 0x0000000084900000, 0x0000000084900000|100%| O|  |TAMS 0x0000000084800000, 0x0000000084800000| Untracked 
|  73|0x0000000084900000, 0x0000000084a00000, 0x0000000084a00000|100%| O|  |TAMS 0x0000000084900000, 0x0000000084900000| Untracked 
|  74|0x0000000084a00000, 0x0000000084b00000, 0x0000000084b00000|100%| O|  |TAMS 0x0000000084a00000, 0x0000000084a00000| Untracked 
|  75|0x0000000084b00000, 0x0000000084c00000, 0x0000000084c00000|100%| O|  |TAMS 0x0000000084b00000, 0x0000000084b00000| Untracked 
|  76|0x0000000084c00000, 0x0000000084d00000, 0x0000000084d00000|100%| O|  |TAMS 0x0000000084c00000, 0x0000000084c00000| Untracked 
|  77|0x0000000084d00000, 0x0000000084d00000, 0x0000000084e00000|  0%| F|  |TAMS 0x0000000084d00000, 0x0000000084d00000| Untracked 
|  78|0x0000000084e00000, 0x0000000084f00000, 0x0000000084f00000|100%| O|  |TAMS 0x0000000084e00000, 0x0000000084e00000| Untracked 
|  79|0x0000000084f00000, 0x0000000085000000, 0x0000000085000000|100%| O|  |TAMS 0x0000000084f00000, 0x0000000084f00000| Untracked 
|  80|0x0000000085000000, 0x0000000085100000, 0x0000000085100000|100%| O|  |TAMS 0x0000000085000000, 0x0000000085000000| Untracked 
|  81|0x0000000085100000, 0x0000000085200000, 0x0000000085200000|100%| O|  |TAMS 0x0000000085100000, 0x0000000085100000| Untracked 
|  82|0x0000000085200000, 0x0000000085300000, 0x0000000085300000|100%| O|  |TAMS 0x0000000085200000, 0x0000000085200000| Untracked 
|  83|0x0000000085300000, 0x0000000085400000, 0x0000000085400000|100%| O|  |TAMS 0x0000000085300000, 0x0000000085300000| Untracked 
|  84|0x0000000085400000, 0x0000000085500000, 0x0000000085500000|100%| O|  |TAMS 0x0000000085400000, 0x0000000085400000| Untracked 
|  85|0x0000000085500000, 0x0000000085600000, 0x0000000085600000|100%| O|  |TAMS 0x0000000085500000, 0x0000000085500000| Untracked 
|  86|0x0000000085600000, 0x0000000085700000, 0x0000000085700000|100%| O|  |TAMS 0x0000000085600000, 0x0000000085600000| Untracked 
|  87|0x0000000085700000, 0x000000008576d400, 0x0000000085800000| 42%| O|  |TAMS 0x0000000085700000, 0x0000000085700000| Untracked 
|  88|0x0000000085800000, 0x0000000085800000, 0x0000000085900000|  0%| F|  |TAMS 0x0000000085800000, 0x0000000085800000| Untracked 
|  89|0x0000000085900000, 0x0000000085900000, 0x0000000085a00000|  0%| F|  |TAMS 0x0000000085900000, 0x0000000085900000| Untracked 
|  90|0x0000000085a00000, 0x0000000085a00000, 0x0000000085b00000|  0%| F|  |TAMS 0x0000000085a00000, 0x0000000085a00000| Untracked 
|  91|0x0000000085b00000, 0x0000000085b00000, 0x0000000085c00000|  0%| F|  |TAMS 0x0000000085b00000, 0x0000000085b00000| Untracked 
|  92|0x0000000085c00000, 0x0000000085c00000, 0x0000000085d00000|  0%| F|  |TAMS 0x0000000085c00000, 0x0000000085c00000| Untracked 
|  93|0x0000000085d00000, 0x0000000085d00000, 0x0000000085e00000|  0%| F|  |TAMS 0x0000000085d00000, 0x0000000085d00000| Untracked 
|  94|0x0000000085e00000, 0x0000000085e00000, 0x0000000085f00000|  0%| F|  |TAMS 0x0000000085e00000, 0x0000000085e00000| Untracked 
|  95|0x0000000085f00000, 0x0000000085f00000, 0x0000000086000000|  0%| F|  |TAMS 0x0000000085f00000, 0x0000000085f00000| Untracked 
|  96|0x0000000086000000, 0x0000000086000000, 0x0000000086100000|  0%| F|  |TAMS 0x0000000086000000, 0x0000000086000000| Untracked 
|  97|0x0000000086100000, 0x0000000086100000, 0x0000000086200000|  0%| F|  |TAMS 0x0000000086100000, 0x0000000086100000| Untracked 
|  98|0x0000000086200000, 0x0000000086200000, 0x0000000086300000|  0%| F|  |TAMS 0x0000000086200000, 0x0000000086200000| Untracked 
|  99|0x0000000086300000, 0x0000000086300000, 0x0000000086400000|  0%| F|  |TAMS 0x0000000086300000, 0x0000000086300000| Untracked 
| 100|0x0000000086400000, 0x0000000086400000, 0x0000000086500000|  0%| F|  |TAMS 0x0000000086400000, 0x0000000086400000| Untracked 
| 101|0x0000000086500000, 0x0000000086500000, 0x0000000086600000|  0%| F|  |TAMS 0x0000000086500000, 0x0000000086500000| Untracked 
| 102|0x0000000086600000, 0x0000000086600000, 0x0000000086700000|  0%| F|  |TAMS 0x0000000086600000, 0x0000000086600000| Untracked 
| 103|0x0000000086700000, 0x0000000086700000, 0x0000000086800000|  0%| F|  |TAMS 0x0000000086700000, 0x0000000086700000| Untracked 
| 104|0x0000000086800000, 0x0000000086800000, 0x0000000086900000|  0%| F|  |TAMS 0x0000000086800000, 0x0000000086800000| Untracked 
| 105|0x0000000086900000, 0x0000000086900000, 0x0000000086a00000|  0%| F|  |TAMS 0x0000000086900000, 0x0000000086900000| Untracked 
| 106|0x0000000086a00000, 0x0000000086a00000, 0x0000000086b00000|  0%| F|  |TAMS 0x0000000086a00000, 0x0000000086a00000| Untracked 
| 107|0x0000000086b00000, 0x0000000086b00000, 0x0000000086c00000|  0%| F|  |TAMS 0x0000000086b00000, 0x0000000086b00000| Untracked 
| 108|0x0000000086c00000, 0x0000000086c00000, 0x0000000086d00000|  0%| F|  |TAMS 0x0000000086c00000, 0x0000000086c00000| Untracked 
| 109|0x0000000086d00000, 0x0000000086d00000, 0x0000000086e00000|  0%| F|  |TAMS 0x0000000086d00000, 0x0000000086d00000| Untracked 
| 110|0x0000000086e00000, 0x0000000086e00000, 0x0000000086f00000|  0%| F|  |TAMS 0x0000000086e00000, 0x0000000086e00000| Untracked 
| 111|0x0000000086f00000, 0x0000000086f00000, 0x0000000087000000|  0%| F|  |TAMS 0x0000000086f00000, 0x0000000086f00000| Untracked 
| 112|0x0000000087000000, 0x0000000087000000, 0x0000000087100000|  0%| F|  |TAMS 0x0000000087000000, 0x0000000087000000| Untracked 
| 113|0x0000000087100000, 0x0000000087100000, 0x0000000087200000|  0%| F|  |TAMS 0x0000000087100000, 0x0000000087100000| Untracked 
| 114|0x0000000087200000, 0x0000000087200000, 0x0000000087300000|  0%| F|  |TAMS 0x0000000087200000, 0x0000000087200000| Untracked 
| 115|0x0000000087300000, 0x0000000087300000, 0x0000000087400000|  0%| F|  |TAMS 0x0000000087300000, 0x0000000087300000| Untracked 
| 116|0x0000000087400000, 0x0000000087400000, 0x0000000087500000|  0%| F|  |TAMS 0x0000000087400000, 0x0000000087400000| Untracked 
| 117|0x0000000087500000, 0x0000000087500000, 0x0000000087600000|  0%| F|  |TAMS 0x0000000087500000, 0x0000000087500000| Untracked 
| 118|0x0000000087600000, 0x0000000087600000, 0x0000000087700000|  0%| F|  |TAMS 0x0000000087600000, 0x0000000087600000| Untracked 
| 119|0x0000000087700000, 0x0000000087700000, 0x0000000087800000|  0%| F|  |TAMS 0x0000000087700000, 0x0000000087700000| Untracked 
| 120|0x0000000087800000, 0x0000000087800000, 0x0000000087900000|  0%| F|  |TAMS 0x0000000087800000, 0x0000000087800000| Untracked 
| 121|0x0000000087900000, 0x0000000087900000, 0x0000000087a00000|  0%| F|  |TAMS 0x0000000087900000, 0x0000000087900000| Untracked 
| 122|0x0000000087a00000, 0x0000000087a00000, 0x0000000087b00000|  0%| F|  |TAMS 0x0000000087a00000, 0x0000000087a00000| Untracked 
| 123|0x0000000087b00000, 0x0000000087b00000, 0x0000000087c00000|  0%| F|  |TAMS 0x0000000087b00000, 0x0000000087b00000| Untracked 
| 124|0x0000000087c00000, 0x0000000087c00000, 0x0000000087d00000|  0%| F|  |TAMS 0x0000000087c00000, 0x0000000087c00000| Untracked 
| 125|0x0000000087d00000, 0x0000000087d00000, 0x0000000087e00000|  0%| F|  |TAMS 0x0000000087d00000, 0x0000000087d00000| Untracked 
| 126|0x0000000087e00000, 0x0000000087e00000, 0x0000000087f00000|  0%| F|  |TAMS 0x0000000087e00000, 0x0000000087e00000| Untracked 
| 127|0x0000000087f00000, 0x0000000087f00000, 0x0000000088000000|  0%| F|  |TAMS 0x0000000087f00000, 0x0000000087f00000| Untracked 
| 128|0x0000000088000000, 0x0000000088000000, 0x0000000088100000|  0%| F|  |TAMS 0x0000000088000000, 0x0000000088000000| Untracked 
| 129|0x0000000088100000, 0x0000000088100000, 0x0000000088200000|  0%| F|  |TAMS 0x0000000088100000, 0x0000000088100000| Untracked 
| 130|0x0000000088200000, 0x0000000088200000, 0x0000000088300000|  0%| F|  |TAMS 0x0000000088200000, 0x0000000088200000| Untracked 
| 131|0x0000000088300000, 0x0000000088300000, 0x0000000088400000|  0%| F|  |TAMS 0x0000000088300000, 0x0000000088300000| Untracked 
| 132|0x0000000088400000, 0x0000000088400000, 0x0000000088500000|  0%| F|  |TAMS 0x0000000088400000, 0x0000000088400000| Untracked 
| 133|0x0000000088500000, 0x0000000088500000, 0x0000000088600000|  0%| F|  |TAMS 0x0000000088500000, 0x0000000088500000| Untracked 
| 134|0x0000000088600000, 0x0000000088600000, 0x0000000088700000|  0%| F|  |TAMS 0x0000000088600000, 0x0000000088600000| Untracked 
| 135|0x0000000088700000, 0x0000000088753860, 0x0000000088800000| 32%| S|CS|TAMS 0x0000000088700000, 0x0000000088700000| Complete 
| 136|0x0000000088800000, 0x0000000088900000, 0x0000000088900000|100%| S|CS|TAMS 0x0000000088800000, 0x0000000088800000| Complete 
| 137|0x0000000088900000, 0x0000000088a00000, 0x0000000088a00000|100%| S|CS|TAMS 0x0000000088900000, 0x0000000088900000| Complete 
| 138|0x0000000088a00000, 0x0000000088b00000, 0x0000000088b00000|100%| S|CS|TAMS 0x0000000088a00000, 0x0000000088a00000| Complete 
| 139|0x0000000088b00000, 0x0000000088b00000, 0x0000000088c00000|  0%| F|  |TAMS 0x0000000088b00000, 0x0000000088b00000| Untracked 
| 140|0x0000000088c00000, 0x0000000088c00000, 0x0000000088d00000|  0%| F|  |TAMS 0x0000000088c00000, 0x0000000088c00000| Untracked 
| 141|0x0000000088d00000, 0x0000000088d00000, 0x0000000088e00000|  0%| F|  |TAMS 0x0000000088d00000, 0x0000000088d00000| Untracked 
| 142|0x0000000088e00000, 0x0000000088e00000, 0x0000000088f00000|  0%| F|  |TAMS 0x0000000088e00000, 0x0000000088e00000| Untracked 
| 143|0x0000000088f00000, 0x0000000088f00000, 0x0000000089000000|  0%| F|  |TAMS 0x0000000088f00000, 0x0000000088f00000| Untracked 
| 144|0x0000000089000000, 0x0000000089000000, 0x0000000089100000|  0%| F|  |TAMS 0x0000000089000000, 0x0000000089000000| Untracked 
| 145|0x0000000089100000, 0x0000000089100000, 0x0000000089200000|  0%| F|  |TAMS 0x0000000089100000, 0x0000000089100000| Untracked 
| 146|0x0000000089200000, 0x0000000089200000, 0x0000000089300000|  0%| F|  |TAMS 0x0000000089200000, 0x0000000089200000| Untracked 
| 147|0x0000000089300000, 0x0000000089300000, 0x0000000089400000|  0%| F|  |TAMS 0x0000000089300000, 0x0000000089300000| Untracked 
| 148|0x0000000089400000, 0x0000000089400000, 0x0000000089500000|  0%| F|  |TAMS 0x0000000089400000, 0x0000000089400000| Untracked 
| 149|0x0000000089500000, 0x0000000089500000, 0x0000000089600000|  0%| F|  |TAMS 0x0000000089500000, 0x0000000089500000| Untracked 
| 150|0x0000000089600000, 0x0000000089600000, 0x0000000089700000|  0%| F|  |TAMS 0x0000000089600000, 0x0000000089600000| Untracked 
| 151|0x0000000089700000, 0x0000000089700000, 0x0000000089800000|  0%| F|  |TAMS 0x0000000089700000, 0x0000000089700000| Untracked 
| 152|0x0000000089800000, 0x0000000089800000, 0x0000000089900000|  0%| F|  |TAMS 0x0000000089800000, 0x0000000089800000| Untracked 
| 153|0x0000000089900000, 0x0000000089900000, 0x0000000089a00000|  0%| F|  |TAMS 0x0000000089900000, 0x0000000089900000| Untracked 
| 154|0x0000000089a00000, 0x0000000089a00000, 0x0000000089b00000|  0%| F|  |TAMS 0x0000000089a00000, 0x0000000089a00000| Untracked 
| 155|0x0000000089b00000, 0x0000000089b00000, 0x0000000089c00000|  0%| F|  |TAMS 0x0000000089b00000, 0x0000000089b00000| Untracked 
| 156|0x0000000089c00000, 0x0000000089c00000, 0x0000000089d00000|  0%| F|  |TAMS 0x0000000089c00000, 0x0000000089c00000| Untracked 
| 157|0x0000000089d00000, 0x0000000089d00000, 0x0000000089e00000|  0%| F|  |TAMS 0x0000000089d00000, 0x0000000089d00000| Untracked 
| 158|0x0000000089e00000, 0x0000000089e00000, 0x0000000089f00000|  0%| F|  |TAMS 0x0000000089e00000, 0x0000000089e00000| Untracked 
| 159|0x0000000089f00000, 0x0000000089f00000, 0x000000008a000000|  0%| F|  |TAMS 0x0000000089f00000, 0x0000000089f00000| Untracked 
| 160|0x000000008a000000, 0x000000008a000000, 0x000000008a100000|  0%| F|  |TAMS 0x000000008a000000, 0x000000008a000000| Untracked 
| 161|0x000000008a100000, 0x000000008a100000, 0x000000008a200000|  0%| F|  |TAMS 0x000000008a100000, 0x000000008a100000| Untracked 
| 162|0x000000008a200000, 0x000000008a200000, 0x000000008a300000|  0%| F|  |TAMS 0x000000008a200000, 0x000000008a200000| Untracked 
| 163|0x000000008a300000, 0x000000008a300000, 0x000000008a400000|  0%| F|  |TAMS 0x000000008a300000, 0x000000008a300000| Untracked 
| 164|0x000000008a400000, 0x000000008a400000, 0x000000008a500000|  0%| F|  |TAMS 0x000000008a400000, 0x000000008a400000| Untracked 
| 165|0x000000008a500000, 0x000000008a500000, 0x000000008a600000|  0%| F|  |TAMS 0x000000008a500000, 0x000000008a500000| Untracked 
| 166|0x000000008a600000, 0x000000008a600000, 0x000000008a700000|  0%| F|  |TAMS 0x000000008a600000, 0x000000008a600000| Untracked 
| 167|0x000000008a700000, 0x000000008a700000, 0x000000008a800000|  0%| F|  |TAMS 0x000000008a700000, 0x000000008a700000| Untracked 
| 168|0x000000008a800000, 0x000000008a800000, 0x000000008a900000|  0%| F|  |TAMS 0x000000008a800000, 0x000000008a800000| Untracked 
| 169|0x000000008a900000, 0x000000008a900000, 0x000000008aa00000|  0%| F|  |TAMS 0x000000008a900000, 0x000000008a900000| Untracked 
| 170|0x000000008aa00000, 0x000000008aa00000, 0x000000008ab00000|  0%| F|  |TAMS 0x000000008aa00000, 0x000000008aa00000| Untracked 
| 171|0x000000008ab00000, 0x000000008ab00000, 0x000000008ac00000|  0%| F|  |TAMS 0x000000008ab00000, 0x000000008ab00000| Untracked 
| 172|0x000000008ac00000, 0x000000008ac00000, 0x000000008ad00000|  0%| F|  |TAMS 0x000000008ac00000, 0x000000008ac00000| Untracked 
| 173|0x000000008ad00000, 0x000000008ad00000, 0x000000008ae00000|  0%| F|  |TAMS 0x000000008ad00000, 0x000000008ad00000| Untracked 
| 174|0x000000008ae00000, 0x000000008ae00000, 0x000000008af00000|  0%| F|  |TAMS 0x000000008ae00000, 0x000000008ae00000| Untracked 
| 175|0x000000008af00000, 0x000000008af00000, 0x000000008b000000|  0%| F|  |TAMS 0x000000008af00000, 0x000000008af00000| Untracked 
| 176|0x000000008b000000, 0x000000008b000000, 0x000000008b100000|  0%| F|  |TAMS 0x000000008b000000, 0x000000008b000000| Untracked 
| 177|0x000000008b100000, 0x000000008b100000, 0x000000008b200000|  0%| F|  |TAMS 0x000000008b100000, 0x000000008b100000| Untracked 
| 178|0x000000008b200000, 0x000000008b200000, 0x000000008b300000|  0%| F|  |TAMS 0x000000008b200000, 0x000000008b200000| Untracked 
| 179|0x000000008b300000, 0x000000008b300000, 0x000000008b400000|  0%| F|  |TAMS 0x000000008b300000, 0x000000008b300000| Untracked 
| 180|0x000000008b400000, 0x000000008b400000, 0x000000008b500000|  0%| F|  |TAMS 0x000000008b400000, 0x000000008b400000| Untracked 
| 181|0x000000008b500000, 0x000000008b500000, 0x000000008b600000|  0%| F|  |TAMS 0x000000008b500000, 0x000000008b500000| Untracked 
| 182|0x000000008b600000, 0x000000008b600000, 0x000000008b700000|  0%| F|  |TAMS 0x000000008b600000, 0x000000008b600000| Untracked 
| 183|0x000000008b700000, 0x000000008b700000, 0x000000008b800000|  0%| F|  |TAMS 0x000000008b700000, 0x000000008b700000| Untracked 
| 184|0x000000008b800000, 0x000000008b800000, 0x000000008b900000|  0%| F|  |TAMS 0x000000008b800000, 0x000000008b800000| Untracked 
| 185|0x000000008b900000, 0x000000008b900000, 0x000000008ba00000|  0%| F|  |TAMS 0x000000008b900000, 0x000000008b900000| Untracked 
| 186|0x000000008ba00000, 0x000000008ba00000, 0x000000008bb00000|  0%| F|  |TAMS 0x000000008ba00000, 0x000000008ba00000| Untracked 
| 187|0x000000008bb00000, 0x000000008bb00000, 0x000000008bc00000|  0%| F|  |TAMS 0x000000008bb00000, 0x000000008bb00000| Untracked 
| 188|0x000000008bc00000, 0x000000008bc00000, 0x000000008bd00000|  0%| F|  |TAMS 0x000000008bc00000, 0x000000008bc00000| Untracked 
| 189|0x000000008bd00000, 0x000000008bd00000, 0x000000008be00000|  0%| F|  |TAMS 0x000000008bd00000, 0x000000008bd00000| Untracked 
| 190|0x000000008be00000, 0x000000008be00000, 0x000000008bf00000|  0%| F|  |TAMS 0x000000008be00000, 0x000000008be00000| Untracked 
| 191|0x000000008bf00000, 0x000000008bf00000, 0x000000008c000000|  0%| F|  |TAMS 0x000000008bf00000, 0x000000008bf00000| Untracked 
| 192|0x000000008c000000, 0x000000008c000000, 0x000000008c100000|  0%| F|  |TAMS 0x000000008c000000, 0x000000008c000000| Untracked 
| 193|0x000000008c100000, 0x000000008c100000, 0x000000008c200000|  0%| F|  |TAMS 0x000000008c100000, 0x000000008c100000| Untracked 
| 194|0x000000008c200000, 0x000000008c200000, 0x000000008c300000|  0%| F|  |TAMS 0x000000008c200000, 0x000000008c200000| Untracked 
| 195|0x000000008c300000, 0x000000008c300000, 0x000000008c400000|  0%| F|  |TAMS 0x000000008c300000, 0x000000008c300000| Untracked 
| 196|0x000000008c400000, 0x000000008c400000, 0x000000008c500000|  0%| F|  |TAMS 0x000000008c400000, 0x000000008c400000| Untracked 
| 197|0x000000008c500000, 0x000000008c500000, 0x000000008c600000|  0%| F|  |TAMS 0x000000008c500000, 0x000000008c500000| Untracked 
| 198|0x000000008c600000, 0x000000008c600000, 0x000000008c700000|  0%| F|  |TAMS 0x000000008c600000, 0x000000008c600000| Untracked 
| 199|0x000000008c700000, 0x000000008c700000, 0x000000008c800000|  0%| F|  |TAMS 0x000000008c700000, 0x000000008c700000| Untracked 
| 200|0x000000008c800000, 0x000000008c800000, 0x000000008c900000|  0%| F|  |TAMS 0x000000008c800000, 0x000000008c800000| Untracked 
| 201|0x000000008c900000, 0x000000008c939d70, 0x000000008ca00000| 22%| E|  |TAMS 0x000000008c900000, 0x000000008c900000| Complete 
| 202|0x000000008ca00000, 0x000000008cb00000, 0x000000008cb00000|100%| E|CS|TAMS 0x000000008ca00000, 0x000000008ca00000| Complete 
| 203|0x000000008cb00000, 0x000000008cc00000, 0x000000008cc00000|100%| E|CS|TAMS 0x000000008cb00000, 0x000000008cb00000| Complete 
| 204|0x000000008cc00000, 0x000000008cd00000, 0x000000008cd00000|100%| E|CS|TAMS 0x000000008cc00000, 0x000000008cc00000| Complete 
| 205|0x000000008cd00000, 0x000000008ce00000, 0x000000008ce00000|100%| E|CS|TAMS 0x000000008cd00000, 0x000000008cd00000| Complete 
| 206|0x000000008ce00000, 0x000000008cf00000, 0x000000008cf00000|100%| E|CS|TAMS 0x000000008ce00000, 0x000000008ce00000| Complete 
| 207|0x000000008cf00000, 0x000000008d000000, 0x000000008d000000|100%| E|CS|TAMS 0x000000008cf00000, 0x000000008cf00000| Complete 
| 208|0x000000008d000000, 0x000000008d100000, 0x000000008d100000|100%| E|CS|TAMS 0x000000008d000000, 0x000000008d000000| Complete 
| 209|0x000000008d100000, 0x000000008d200000, 0x000000008d200000|100%| E|CS|TAMS 0x000000008d100000, 0x000000008d100000| Complete 
| 210|0x000000008d200000, 0x000000008d300000, 0x000000008d300000|100%| E|CS|TAMS 0x000000008d200000, 0x000000008d200000| Complete 
| 211|0x000000008d300000, 0x000000008d400000, 0x000000008d400000|100%| E|CS|TAMS 0x000000008d300000, 0x000000008d300000| Complete 
| 212|0x000000008d400000, 0x000000008d500000, 0x000000008d500000|100%| E|CS|TAMS 0x000000008d400000, 0x000000008d400000| Complete 
| 213|0x000000008d500000, 0x000000008d600000, 0x000000008d600000|100%| E|CS|TAMS 0x000000008d500000, 0x000000008d500000| Complete 
| 214|0x000000008d600000, 0x000000008d700000, 0x000000008d700000|100%| E|CS|TAMS 0x000000008d600000, 0x000000008d600000| Complete 
| 215|0x000000008d700000, 0x000000008d800000, 0x000000008d800000|100%| E|CS|TAMS 0x000000008d700000, 0x000000008d700000| Complete 
| 216|0x000000008d800000, 0x000000008d900000, 0x000000008d900000|100%| E|CS|TAMS 0x000000008d800000, 0x000000008d800000| Complete 
| 217|0x000000008d900000, 0x000000008da00000, 0x000000008da00000|100%| E|CS|TAMS 0x000000008d900000, 0x000000008d900000| Complete 
| 218|0x000000008da00000, 0x000000008db00000, 0x000000008db00000|100%| E|CS|TAMS 0x000000008da00000, 0x000000008da00000| Complete 
| 219|0x000000008db00000, 0x000000008dc00000, 0x000000008dc00000|100%| E|CS|TAMS 0x000000008db00000, 0x000000008db00000| Complete 
| 220|0x000000008dc00000, 0x000000008dd00000, 0x000000008dd00000|100%| E|CS|TAMS 0x000000008dc00000, 0x000000008dc00000| Complete 
| 221|0x000000008dd00000, 0x000000008de00000, 0x000000008de00000|100%| E|CS|TAMS 0x000000008dd00000, 0x000000008dd00000| Complete 
| 222|0x000000008de00000, 0x000000008df00000, 0x000000008df00000|100%| E|CS|TAMS 0x000000008de00000, 0x000000008de00000| Complete 
| 223|0x000000008df00000, 0x000000008e000000, 0x000000008e000000|100%| E|CS|TAMS 0x000000008df00000, 0x000000008df00000| Complete 
| 224|0x000000008e000000, 0x000000008e100000, 0x000000008e100000|100%| E|CS|TAMS 0x000000008e000000, 0x000000008e000000| Complete 
| 225|0x000000008e100000, 0x000000008e200000, 0x000000008e200000|100%| E|CS|TAMS 0x000000008e100000, 0x000000008e100000| Complete 
| 226|0x000000008e200000, 0x000000008e300000, 0x000000008e300000|100%| E|CS|TAMS 0x000000008e200000, 0x000000008e200000| Complete 
| 227|0x000000008e300000, 0x000000008e400000, 0x000000008e400000|100%| E|CS|TAMS 0x000000008e300000, 0x000000008e300000| Complete 
| 228|0x000000008e400000, 0x000000008e500000, 0x000000008e500000|100%| E|CS|TAMS 0x000000008e400000, 0x000000008e400000| Complete 
| 229|0x000000008e500000, 0x000000008e600000, 0x000000008e600000|100%| E|CS|TAMS 0x000000008e500000, 0x000000008e500000| Complete 
| 230|0x000000008e600000, 0x000000008e700000, 0x000000008e700000|100%| E|CS|TAMS 0x000000008e600000, 0x000000008e600000| Complete 

Card table byte_map: [0x000002b164b20000,0x000002b164f20000] _byte_map_base: 0x000002b164720000

Marking Bits (Prev, Next): (CMBitMap*) 0x000002b15191fcf8, (CMBitMap*) 0x000002b15191fd30
 Prev Bits: [0x000002b165320000, 0x000002b167320000)
 Next Bits: [0x000002b167320000, 0x000002b169320000)

Polling page: 0x000002b1510b0000

Metaspace:

Usage:
  Non-class:     91.38 MB capacity,    88.92 MB ( 97%) used,     1.98 MB (  2%) free+waste,   496.25 KB ( <1%) overhead. 
      Class:     15.62 MB capacity,    13.91 MB ( 89%) used,     1.47 MB (  9%) free+waste,   250.25 KB (  2%) overhead. 
       Both:    107.01 MB capacity,   102.83 MB ( 96%) used,     3.45 MB (  3%) free+waste,   746.50 KB ( <1%) overhead. 

Virtual space:
  Non-class space:       92.00 MB reserved,      91.42 MB (>99%) committed 
      Class space:        1.00 GB reserved,      15.74 MB (  2%) committed 
             Both:        1.09 GB reserved,     107.16 MB ( 10%) committed 

Chunk freelists:
   Non-Class:  38.00 KB
       Class:  3.00 KB
        Both:  41.00 KB

MaxMetaspaceSize: 17179869184.00 GB
CompressedClassSpaceSize: 1.00 GB
Initial GC threshold: 20.80 MB
Current GC threshold: 109.02 MB
CDS: off

CodeHeap 'non-profiled nmethods': size=120000Kb used=7867Kb max_used=7867Kb free=112132Kb
 bounds [0x000002b15cec0000, 0x000002b15d670000, 0x000002b1643f0000]
CodeHeap 'profiled nmethods': size=120000Kb used=27674Kb max_used=27674Kb free=92325Kb
 bounds [0x000002b155990000, 0x000002b1574a0000, 0x000002b15cec0000]
CodeHeap 'non-nmethods': size=5760Kb used=2409Kb max_used=2461Kb free=3350Kb
 bounds [0x000002b1553f0000, 0x000002b155670000, 0x000002b155990000]
 total_blobs=14193 nmethods=13257 adapters=848
 compilation: enabled
              stopped_count=0, restarted_count=0
 full_count=0

Compilation events (20 events):
Event: 14.344 Thread 0x000002b16d5b4000 nmethod 13318 0x000002b15d66ad90 code [0x000002b15d66af20, 0x000002b15d66b118]
Event: 14.344 Thread 0x000002b16d5b4000 13335       4       jdk.internal.org.objectweb.asm.MethodWriter::visitLabel (321 bytes)
Event: 14.345 Thread 0x000002b16bdae800 13351       3       java.io.File::<init> (113 bytes)
Event: 14.346 Thread 0x000002b16bdae800 nmethod 13351 0x000002b15747ec10 code [0x000002b15747eee0, 0x000002b15747f8e8]
Event: 14.348 Thread 0x000002b16bdae800 13352       1       java.security.Provider$UString::toString (5 bytes)
Event: 14.348 Thread 0x000002b16bdae800 nmethod 13352 0x000002b15d66b210 code [0x000002b15d66b3c0, 0x000002b15d66b478]
Event: 14.348 Thread 0x000002b16bdae800 13353       1       java.security.Provider$Service::getClassName (5 bytes)
Event: 14.348 Thread 0x000002b16bdae800 nmethod 13353 0x000002b15d66b510 code [0x000002b15d66b6c0, 0x000002b15d66b778]
Event: 14.350 Thread 0x000002b16bdae800 13355       3       java.security.Provider$ServiceKey::<init> (39 bytes)
Event: 14.350 Thread 0x000002b16bdae800 nmethod 13355 0x000002b15747fc90 code [0x000002b15747fea0, 0x000002b1574803a8]
Event: 14.352 Thread 0x000002b16bdae800 13356       3       java.security.Provider::checkInitialized (16 bytes)
Event: 14.352 Thread 0x000002b16bdae800 nmethod 13356 0x000002b157480590 code [0x000002b157480760, 0x000002b157480968]
Event: 14.352 Thread 0x000002b16bdae800 13357       3       java.security.Provider$Service::<init> (184 bytes)
Event: 14.353 Thread 0x000002b16bdae800 nmethod 13357 0x000002b157480a90 code [0x000002b157480de0, 0x000002b1574824b8]
Event: 14.353 Thread 0x000002b16bdae800 13359   !   3       java.security.Provider::putService (253 bytes)
Event: 14.354 Thread 0x000002b16d5b4000 nmethod 13335 0x000002b15d66b810 code [0x000002b15d66b9c0, 0x000002b15d66c138]
Event: 14.354 Thread 0x000002b16d5b4000 13360       4       java.util.HashMap$HashIterator::<init> (79 bytes)
Event: 14.355 Thread 0x000002b16bdae800 nmethod 13359 0x000002b157482a90 code [0x000002b157482ea0, 0x000002b157484b18]
Event: 14.355 Thread 0x000002b16bdae800 13358       3       java.security.Provider::getEngineName (49 bytes)
Event: 14.356 Thread 0x000002b16bdae800 nmethod 13358 0x000002b157485510 code [0x000002b157485780, 0x000002b157486278]

GC Heap History (20 events):
Event: 5.740 GC heap before
{Heap before GC invocations=8 (full 0):
 garbage-first heap   total 196608K, used 124419K [0x0000000080000000, 0x0000000100000000)
  region size 1024K, 105 young (107520K), 12 survivors (12288K)
 Metaspace       used 48497K, capacity 49781K, committed 49872K, reserved 1093632K
  class space    used 6156K, capacity 6635K, committed 6688K, reserved 1048576K
}
Event: 5.751 GC heap after
{Heap after GC invocations=9 (full 0):
 garbage-first heap   total 196608K, used 32882K [0x0000000080000000, 0x0000000100000000)
  region size 1024K, 10 young (10240K), 10 survivors (10240K)
 Metaspace       used 48497K, capacity 49781K, committed 49872K, reserved 1093632K
  class space    used 6156K, capacity 6635K, committed 6688K, reserved 1048576K
}
Event: 6.836 GC heap before
{Heap before GC invocations=9 (full 0):
 garbage-first heap   total 196608K, used 125042K [0x0000000080000000, 0x0000000100000000)
  region size 1024K, 97 young (99328K), 10 survivors (10240K)
 Metaspace       used 58967K, capacity 60421K, committed 60496K, reserved 1101824K
  class space    used 7470K, capacity 8036K, committed 8096K, reserved 1048576K
}
Event: 6.850 GC heap after
{Heap after GC invocations=10 (full 0):
 garbage-first heap   total 196608K, used 45617K [0x0000000080000000, 0x0000000100000000)
  region size 1024K, 13 young (13312K), 13 survivors (13312K)
 Metaspace       used 58967K, capacity 60421K, committed 60496K, reserved 1101824K
  class space    used 7470K, capacity 8036K, committed 8096K, reserved 1048576K
}
Event: 7.836 GC heap before
{Heap before GC invocations=11 (full 0):
 garbage-first heap   total 196608K, used 144945K [0x0000000080000000, 0x0000000100000000)
  region size 1024K, 103 young (105472K), 13 survivors (13312K)
 Metaspace       used 65220K, capacity 66770K, committed 66984K, reserved 1107968K
  class space    used 8264K, capacity 8833K, committed 8952K, reserved 1048576K
}
Event: 7.855 GC heap after
{Heap after GC invocations=12 (full 0):
 garbage-first heap   total 196608K, used 53474K [0x0000000080000000, 0x0000000100000000)
  region size 1024K, 9 young (9216K), 9 survivors (9216K)
 Metaspace       used 65220K, capacity 66770K, committed 66984K, reserved 1107968K
  class space    used 8264K, capacity 8833K, committed 8952K, reserved 1048576K
}
Event: 8.799 GC heap before
{Heap before GC invocations=13 (full 0):
 garbage-first heap   total 196608K, used 142562K [0x0000000080000000, 0x0000000100000000)
  region size 1024K, 96 young (98304K), 9 survivors (9216K)
 Metaspace       used 72225K, capacity 73913K, committed 74024K, reserved 1114112K
  class space    used 9364K, capacity 10004K, committed 10104K, reserved 1048576K
}
Event: 8.809 GC heap after
{Heap after GC invocations=14 (full 0):
 garbage-first heap   total 196608K, used 59787K [0x0000000080000000, 0x0000000100000000)
  region size 1024K, 7 young (7168K), 7 survivors (7168K)
 Metaspace       used 72225K, capacity 73913K, committed 74024K, reserved 1114112K
  class space    used 9364K, capacity 10004K, committed 10104K, reserved 1048576K
}
Event: 9.920 GC heap before
{Heap before GC invocations=14 (full 0):
 garbage-first heap   total 196608K, used 147851K [0x0000000080000000, 0x0000000100000000)
  region size 1024K, 93 young (95232K), 7 survivors (7168K)
 Metaspace       used 80574K, capacity 82564K, committed 82728K, reserved 1120256K
  class space    used 10571K, capacity 11327K, committed 11384K, reserved 1048576K
}
Event: 9.929 GC heap after
{Heap after GC invocations=15 (full 0):
 garbage-first heap   total 196608K, used 64666K [0x0000000080000000, 0x0000000100000000)
  region size 1024K, 12 young (12288K), 12 survivors (12288K)
 Metaspace       used 80574K, capacity 82564K, committed 82728K, reserved 1120256K
  class space    used 10571K, capacity 11327K, committed 11384K, reserved 1048576K
}
Event: 10.653 GC heap before
{Heap before GC invocations=15 (full 0):
 garbage-first heap   total 196608K, used 149658K [0x0000000080000000, 0x0000000100000000)
  region size 1024K, 96 young (98304K), 12 survivors (12288K)
 Metaspace       used 82533K, capacity 84778K, committed 84904K, reserved 1122304K
  class space    used 10827K, capacity 11716K, committed 11768K, reserved 1048576K
}
Event: 10.666 GC heap after
{Heap after GC invocations=16 (full 0):
 garbage-first heap   total 196608K, used 71254K [0x0000000080000000, 0x0000000100000000)
  region size 1024K, 12 young (12288K), 12 survivors (12288K)
 Metaspace       used 82533K, capacity 84778K, committed 84904K, reserved 1122304K
  class space    used 10827K, capacity 11716K, committed 11768K, reserved 1048576K
}
Event: 11.296 GC heap before
{Heap before GC invocations=16 (full 0):
 garbage-first heap   total 196608K, used 153174K [0x0000000080000000, 0x0000000100000000)
  region size 1024K, 93 young (95232K), 12 survivors (12288K)
 Metaspace       used 83336K, capacity 85625K, committed 85800K, reserved 1124352K
  class space    used 10881K, capacity 11773K, committed 11896K, reserved 1048576K
}
Event: 11.312 GC heap after
{Heap after GC invocations=17 (full 0):
 garbage-first heap   total 236544K, used 77629K [0x0000000080000000, 0x0000000100000000)
  region size 1024K, 7 young (7168K), 7 survivors (7168K)
 Metaspace       used 83336K, capacity 85625K, committed 85800K, reserved 1124352K
  class space    used 10881K, capacity 11773K, committed 11896K, reserved 1048576K
}
Event: 12.040 GC heap before
{Heap before GC invocations=17 (full 0):
 garbage-first heap   total 236544K, used 183101K [0x0000000080000000, 0x0000000100000000)
  region size 1024K, 107 young (109568K), 7 survivors (7168K)
 Metaspace       used 88380K, capacity 91126K, committed 91176K, reserved 1128448K
  class space    used 11565K, capacity 12634K, committed 12664K, reserved 1048576K
}
Event: 12.050 GC heap after
{Heap after GC invocations=18 (full 0):
 garbage-first heap   total 236544K, used 83834K [0x0000000080000000, 0x0000000100000000)
  region size 1024K, 13 young (13312K), 13 survivors (13312K)
 Metaspace       used 88380K, capacity 91126K, committed 91176K, reserved 1128448K
  class space    used 11565K, capacity 12634K, committed 12664K, reserved 1048576K
}
Event: 12.863 GC heap before
{Heap before GC invocations=18 (full 0):
 garbage-first heap   total 236544K, used 183162K [0x0000000080000000, 0x0000000100000000)
  region size 1024K, 111 young (113664K), 13 survivors (13312K)
 Metaspace       used 97734K, capacity 101672K, committed 101800K, reserved 1136640K
  class space    used 13170K, capacity 14808K, committed 14840K, reserved 1048576K
}
Event: 12.883 GC heap after
{Heap after GC invocations=19 (full 0):
 garbage-first heap   total 236544K, used 92832K [0x0000000080000000, 0x0000000100000000)
  region size 1024K, 14 young (14336K), 14 survivors (14336K)
 Metaspace       used 97734K, capacity 101672K, committed 101800K, reserved 1136640K
  class space    used 13170K, capacity 14808K, committed 14840K, reserved 1048576K
}
Event: 14.089 GC heap before
{Heap before GC invocations=19 (full 0):
 garbage-first heap   total 236544K, used 187040K [0x0000000080000000, 0x0000000100000000)
  region size 1024K, 106 young (108544K), 14 survivors (14336K)
 Metaspace       used 102971K, capacity 107295K, committed 107432K, reserved 1140736K
  class space    used 13989K, capacity 15784K, committed 15864K, reserved 1048576K
}
Event: 14.098 GC heap after
{Heap after GC invocations=20 (full 0):
 garbage-first heap   total 236544K, used 91907K [0x0000000080000000, 0x0000000100000000)
  region size 1024K, 4 young (4096K), 4 survivors (4096K)
 Metaspace       used 102971K, capacity 107295K, committed 107432K, reserved 1140736K
  class space    used 13989K, capacity 15784K, committed 15864K, reserved 1048576K
}

Deoptimization events (20 events):
Event: 14.279 Thread 0x000002b171b38800 Uncommon trap: trap_request=0xffffffcc fr.pc=0x000002b15d6628b0 relative=0x0000000000000170
Event: 14.279 Thread 0x000002b171b38800 Uncommon trap: reason=intrinsic_or_type_checked_inlining action=make_not_entrant pc=0x000002b15d6628b0 method=java.util.ArrayList$SubList.toArray([Ljava/lang/Object;)[Ljava/lang/Object; @ 58 c2
Event: 14.279 Thread 0x000002b171b38800 DEOPT PACKING pc=0x000002b15d6628b0 sp=0x000000e5418f9430
Event: 14.279 Thread 0x000002b171b38800 DEOPT UNPACKING pc=0x000002b15543a1af sp=0x000000e5418f93f0 mode 2
Event: 14.339 Thread 0x000002b1736d5000 Uncommon trap: trap_request=0xffffff4d fr.pc=0x000002b15d523eb8 relative=0x0000000000000098
Event: 14.339 Thread 0x000002b1736d5000 Uncommon trap: reason=unstable_if action=reinterpret pc=0x000002b15d523eb8 method=java.io.BufferedInputStream.fill()V @ 9 c2
Event: 14.339 Thread 0x000002b1736d5000 DEOPT PACKING pc=0x000002b15d523eb8 sp=0x000000e5420fd6a0
Event: 14.339 Thread 0x000002b1736d5000 DEOPT UNPACKING pc=0x000002b15543a1af sp=0x000000e5420fd620 mode 2
Event: 14.339 Thread 0x000002b1736d5000 Uncommon trap: trap_request=0xffffff4d fr.pc=0x000002b15d3d4a50 relative=0x00000000000007d0
Event: 14.340 Thread 0x000002b1736d5000 Uncommon trap: reason=unstable_if action=reinterpret pc=0x000002b15d3d4a50 method=java.io.BufferedInputStream.read([BII)I @ 31 c2
Event: 14.340 Thread 0x000002b1736d5000 DEOPT PACKING pc=0x000002b15d3d4a50 sp=0x000000e5420fd540
Event: 14.340 Thread 0x000002b1736d5000 DEOPT UNPACKING pc=0x000002b15543a1af sp=0x000000e5420fd518 mode 2
Event: 14.343 Thread 0x000002b1736d5000 Uncommon trap: trap_request=0xffffffc6 fr.pc=0x000002b15d5fc4b0 relative=0x0000000000000350
Event: 14.343 Thread 0x000002b1736d5000 Uncommon trap: reason=bimorphic_or_optimized_type_check action=maybe_recompile pc=0x000002b15d5fc4b0 method=java.util.Spliterators$ArraySpliterator.tryAdvance(Ljava/util/function/Consumer;)Z @ 49 c2
Event: 14.343 Thread 0x000002b1736d5000 DEOPT PACKING pc=0x000002b15d5fc4b0 sp=0x000000e5420fb8d0
Event: 14.343 Thread 0x000002b1736d5000 DEOPT UNPACKING pc=0x000002b15543a1af sp=0x000000e5420fb860 mode 2
Event: 14.357 Thread 0x000002b1736d5000 Uncommon trap: trap_request=0xffffff4d fr.pc=0x000002b15d50b41c relative=0x0000000000000b1c
Event: 14.357 Thread 0x000002b1736d5000 Uncommon trap: reason=unstable_if action=reinterpret pc=0x000002b15d50b41c method=sun.nio.fs.WindowsPath.getFileName()Ljava/nio/file/Path; @ 45 c2
Event: 14.357 Thread 0x000002b1736d5000 DEOPT PACKING pc=0x000002b15d50b41c sp=0x000000e5420fb120
Event: 14.357 Thread 0x000002b1736d5000 DEOPT UNPACKING pc=0x000002b15543a1af sp=0x000000e5420fb108 mode 2

Classes redefined (0 events):
No events

Internal exceptions (20 events):
Event: 13.138 Thread 0x000002b1736d5000 Exception <a 'sun/nio/fs/WindowsException'{0x000000008cceaa98}> (0x000000008cceaa98) thrown at [./src/hotspot/share/prims/jni.cpp, line 616]
Event: 13.142 Thread 0x000002b1736d7800 Exception <a 'sun/nio/fs/WindowsException'{0x000000008d194800}> (0x000000008d194800) thrown at [./src/hotspot/share/prims/jni.cpp, line 616]
Event: 13.146 Thread 0x000002b1736d2000 Exception <a 'sun/nio/fs/WindowsException'{0x000000008caf0c70}> (0x000000008caf0c70) thrown at [./src/hotspot/share/prims/jni.cpp, line 616]
Event: 13.146 Thread 0x000002b1736d7800 Exception <a 'sun/nio/fs/WindowsException'{0x000000008d19afd8}> (0x000000008d19afd8) thrown at [./src/hotspot/share/prims/jni.cpp, line 616]
Event: 13.148 Thread 0x000002b1736d7800 Exception <a 'sun/nio/fs/WindowsException'{0x000000008c947cd8}> (0x000000008c947cd8) thrown at [./src/hotspot/share/prims/jni.cpp, line 616]
Event: 13.151 Thread 0x000002b1736d7000 Exception <a 'sun/nio/fs/WindowsException'{0x000000008c9e4e88}> (0x000000008c9e4e88) thrown at [./src/hotspot/share/prims/jni.cpp, line 616]
Event: 13.154 Thread 0x000002b1736d5000 Exception <a 'sun/nio/fs/WindowsException'{0x000000008ccf11c0}> (0x000000008ccf11c0) thrown at [./src/hotspot/share/prims/jni.cpp, line 616]
Event: 13.156 Thread 0x000002b1736d7000 Exception <a 'sun/nio/fs/WindowsException'{0x000000008c9ea150}> (0x000000008c9ea150) thrown at [./src/hotspot/share/prims/jni.cpp, line 616]
Event: 13.165 Thread 0x000002b1736d7800 Exception <a 'sun/nio/fs/WindowsException'{0x000000008c94ef80}> (0x000000008c94ef80) thrown at [./src/hotspot/share/prims/jni.cpp, line 616]
Event: 13.172 Thread 0x000002b1736d7000 Exception <a 'sun/nio/fs/WindowsException'{0x000000008c7e7fc8}> (0x000000008c7e7fc8) thrown at [./src/hotspot/share/prims/jni.cpp, line 616]
Event: 13.337 Thread 0x000002b171b38800 Exception <a 'java/lang/NoSuchMethodError'{0x000000008c23d2d0}: 'java.lang.Object java.lang.invoke.DirectMethodHandle$Holder.newInvokeSpecial(java.lang.Object, java.lang.Object, java.lang.Object, java.lang.Object)'> (0x000000008c23d2d0) thrown at [./src/hotspot/share/interpreter/linkResolver.cpp, line 773]
Event: 13.361 Thread 0x000002b16e6a9000 Exception <a 'java/lang/NoSuchMethodError'{0x000000008c16ac08}: <clinit>> (0x000000008c16ac08) thrown at [./src/hotspot/share/prims/jni.cpp, line 1366]
Event: 13.417 Thread 0x000002b171b38800 Exception <a 'java/lang/NoSuchMethodError'{0x000000008c05d8c0}: <clinit>> (0x000000008c05d8c0) thrown at [./src/hotspot/share/prims/jni.cpp, line 1366]
Event: 13.536 Thread 0x000002b1736d2800 Exception <a 'sun/nio/fs/WindowsException'{0x000000008b0729d0}> (0x000000008b0729d0) thrown at [./src/hotspot/share/prims/jni.cpp, line 616]
Event: 13.537 Thread 0x000002b1736d2000 Exception <a 'sun/nio/fs/WindowsException'{0x000000008b025738}> (0x000000008b025738) thrown at [./src/hotspot/share/prims/jni.cpp, line 616]
Event: 13.671 Thread 0x000002b1736d2000 Exception <a 'sun/nio/fs/WindowsException'{0x000000008a98bba0}> (0x000000008a98bba0) thrown at [./src/hotspot/share/prims/jni.cpp, line 616]
Event: 13.671 Thread 0x000002b1736d2800 Exception <a 'sun/nio/fs/WindowsException'{0x000000008a996310}> (0x000000008a996310) thrown at [./src/hotspot/share/prims/jni.cpp, line 616]
Event: 14.305 Thread 0x000002b171b38800 Exception <a 'java/lang/NoSuchMethodError'{0x000000008cd87128}: <clinit>> (0x000000008cd87128) thrown at [./src/hotspot/share/prims/jni.cpp, line 1366]
Event: 14.305 Thread 0x000002b171b38800 Exception <a 'java/lang/NoSuchMethodError'{0x000000008cd998b8}: <clinit>> (0x000000008cd998b8) thrown at [./src/hotspot/share/prims/jni.cpp, line 1366]
Event: 14.357 Thread 0x000002b1736d5000 Exception <a 'sun/nio/fs/WindowsException'{0x000000008cabace8}> (0x000000008cabace8) thrown at [./src/hotspot/share/prims/jni.cpp, line 616]

Events (20 events):
Event: 14.354 loading class com/sun/crypto/provider/PBES2Parameters done
Event: 14.354 loading class com/sun/crypto/provider/PBES2Parameters$General done
Event: 14.355 loading class javax/crypto/spec/IvParameterSpec
Event: 14.355 loading class javax/crypto/spec/IvParameterSpec done
Event: 14.355 loading class javax/crypto/spec/PBEParameterSpec
Event: 14.355 loading class javax/crypto/spec/PBEParameterSpec done
Event: 14.355 loading class sun/security/pkcs12/PKCS12KeyStore$RetryWithZero
Event: 14.355 loading class sun/security/pkcs12/PKCS12KeyStore$RetryWithZero done
Event: 14.356 loading class javax/crypto/spec/PBEKeySpec
Event: 14.356 loading class javax/crypto/spec/PBEKeySpec done
Event: 14.356 loading class javax/crypto/SecretKeyFactory
Event: 14.356 loading class javax/crypto/SecretKeyFactory done
Event: 14.356 loading class javax/crypto/JceSecurity
Event: 14.357 loading class javax/crypto/JceSecurity done
Event: 14.357 loading class javax/crypto/JceSecurity$1
Event: 14.357 loading class javax/crypto/JceSecurity$1 done
Event: 14.358 loading class java/nio/file/Files$1
Event: 14.358 loading class java/nio/file/Files$1 done
Event: 14.358 Executing VM operation: Deoptimize
Event: 14.359 Executing VM operation: Deoptimize done


Dynamic libraries:
0x00007ff78b5a0000 - 0x00007ff78b5aa000 	C:\Program Files\Android\Android Studio\jre\bin\java.exe
0x00007fff0dae0000 - 0x00007fff0dcd0000 	C:\WINDOWS\SYSTEM32\ntdll.dll
0x00007fff0d6a0000 - 0x00007fff0d752000 	C:\WINDOWS\System32\KERNEL32.DLL
0x00007fff0a3a0000 - 0x00007fff0a645000 	C:\WINDOWS\System32\KERNELBASE.dll
0x00007fff0a2a0000 - 0x00007fff0a39a000 	C:\WINDOWS\System32\ucrtbase.dll
0x00007fff07d80000 - 0x00007fff07d99000 	C:\Program Files\Android\Android Studio\jre\bin\jli.dll
0x00007fff05fa0000 - 0x00007fff05fb7000 	C:\Program Files\Android\Android Studio\jre\bin\VCRUNTIME140.dll
0x00007fff0b230000 - 0x00007fff0b3c4000 	C:\WINDOWS\System32\USER32.dll
0x00007fff0a0c0000 - 0x00007fff0a0e1000 	C:\WINDOWS\System32\win32u.dll
0x00007ffefd7c0000 - 0x00007ffefda44000 	C:\WINDOWS\WinSxS\amd64_microsoft.windows.common-controls_6595b64144ccf1df_6.0.18362.1500_none_9e79be6de462295c\COMCTL32.dll
0x00007fff0b200000 - 0x00007fff0b226000 	C:\WINDOWS\System32\GDI32.dll
0x00007fff0cc20000 - 0x00007fff0ccbe000 	C:\WINDOWS\System32\msvcrt.dll
0x00007fff0a650000 - 0x00007fff0a7e8000 	C:\WINDOWS\System32\gdi32full.dll
0x00007fff0d760000 - 0x00007fff0da96000 	C:\WINDOWS\System32\combase.dll
0x00007fff0a9e0000 - 0x00007fff0aa7e000 	C:\WINDOWS\System32\msvcp_win.dll
0x00007fff0bcd0000 - 0x00007fff0bdef000 	C:\WINDOWS\System32\RPCRT4.dll
0x00007fff0a1f0000 - 0x00007fff0a271000 	C:\WINDOWS\System32\bcryptPrimitives.dll
0x00007fff0d490000 - 0x00007fff0d4be000 	C:\WINDOWS\System32\IMM32.DLL
0x00007ffefc5a0000 - 0x00007ffefc63d000 	C:\Program Files\Android\Android Studio\jre\bin\msvcp140.dll
0x00007ffe99a10000 - 0x00007ffe9a512000 	C:\Program Files\Android\Android Studio\jre\bin\server\jvm.dll
0x00007fff0bec0000 - 0x00007fff0bf63000 	C:\WINDOWS\System32\ADVAPI32.dll
0x00007fff0b3d0000 - 0x00007fff0b467000 	C:\WINDOWS\System32\sechost.dll
0x00007fff0cd00000 - 0x00007fff0cd08000 	C:\WINDOWS\System32\PSAPI.DLL
0x00007ffef77b0000 - 0x00007ffef77b9000 	C:\WINDOWS\SYSTEM32\WSOCK32.dll
0x00007fff04c70000 - 0x00007fff04c7a000 	C:\WINDOWS\SYSTEM32\VERSION.dll
0x00007fff08070000 - 0x00007fff08094000 	C:\WINDOWS\SYSTEM32\WINMM.dll
0x00007fff0bbf0000 - 0x00007fff0bc5f000 	C:\WINDOWS\System32\WS2_32.dll
0x00007fff08040000 - 0x00007fff0806d000 	C:\WINDOWS\SYSTEM32\winmmbase.dll
0x00007fff0a1a0000 - 0x00007fff0a1ea000 	C:\WINDOWS\System32\cfgmgr32.dll
0x00007fff0a080000 - 0x00007fff0a091000 	C:\WINDOWS\System32\kernel.appcore.dll
0x00007ffef7f50000 - 0x00007ffef7f61000 	C:\Program Files\Android\Android Studio\jre\bin\verify.dll
0x00007fff056b0000 - 0x00007fff058a4000 	C:\WINDOWS\SYSTEM32\DBGHELP.DLL
0x00007ffef8700000 - 0x00007ffef872a000 	C:\WINDOWS\SYSTEM32\dbgcore.DLL
0x00007ffef7f20000 - 0x00007ffef7f49000 	C:\Program Files\Android\Android Studio\jre\bin\java.dll
0x00007ffefd6c0000 - 0x00007ffefd6cb000 	C:\Program Files\Android\Android Studio\jre\bin\jimage.dll
0x00007ffef7f00000 - 0x00007ffef7f18000 	C:\Program Files\Android\Android Studio\jre\bin\zip.dll
0x00007fff0cd10000 - 0x00007fff0d3f8000 	C:\WINDOWS\System32\SHELL32.dll
0x00007fff0c3f0000 - 0x00007fff0c497000 	C:\WINDOWS\System32\shcore.dll
0x00007fff0aa80000 - 0x00007fff0b1fb000 	C:\WINDOWS\System32\windows.storage.dll
0x00007fff0a0a0000 - 0x00007fff0a0be000 	C:\WINDOWS\System32\profapi.dll
0x00007fff0a030000 - 0x00007fff0a07a000 	C:\WINDOWS\System32\powrprof.dll
0x00007fff0a000000 - 0x00007fff0a010000 	C:\WINDOWS\System32\UMPDC.dll
0x00007fff0bb90000 - 0x00007fff0bbe2000 	C:\WINDOWS\System32\shlwapi.dll
0x00007fff0a280000 - 0x00007fff0a297000 	C:\WINDOWS\System32\cryptsp.dll
0x00007ffef7ee0000 - 0x00007ffef7efa000 	C:\Program Files\Android\Android Studio\jre\bin\net.dll
0x00007fff03780000 - 0x00007fff0387a000 	C:\WINDOWS\SYSTEM32\WINHTTP.dll
0x00007fff09840000 - 0x00007fff098a7000 	C:\WINDOWS\system32\mswsock.dll
0x00007ffef7ec0000 - 0x00007ffef7ed4000 	C:\Program Files\Android\Android Studio\jre\bin\nio.dll
0x00007ffee5c00000 - 0x00007ffee5c27000 	C:\Users\Brendon\.gradle\native\e1d6ef7f7dcc3fd88c89a11ec53ec762bb8ba0a96d01ffa2cd45eb1d1d8dd5c5\windows-amd64\native-platform.dll
0x00007ffedef80000 - 0x00007ffedf0c4000 	C:\Users\Brendon\.gradle\native\0d407fdbe67a94daf76414ababcb853783967236a71b16ec16e742cd7a986fd3\windows-amd64\native-platform-file-events.dll
0x00007ffefb630000 - 0x00007ffefb63a000 	C:\Program Files\Android\Android Studio\jre\bin\management.dll
0x00007ffef7eb0000 - 0x00007ffef7ebd000 	C:\Program Files\Android\Android Studio\jre\bin\management_ext.dll
0x00007fff093c0000 - 0x00007fff093f3000 	C:\WINDOWS\system32\rsaenh.dll
0x00007fff0a9b0000 - 0x00007fff0a9d6000 	C:\WINDOWS\System32\bcrypt.dll
0x00007fff09f20000 - 0x00007fff09f45000 	C:\WINDOWS\SYSTEM32\USERENV.dll
0x00007fff09a10000 - 0x00007fff09a1c000 	C:\WINDOWS\SYSTEM32\CRYPTBASE.dll
0x00007fff09550000 - 0x00007fff0958a000 	C:\WINDOWS\SYSTEM32\IPHLPAPI.DLL
0x00007fff0d480000 - 0x00007fff0d488000 	C:\WINDOWS\System32\NSI.dll
0x00007fff04d90000 - 0x00007fff04da6000 	C:\WINDOWS\SYSTEM32\dhcpcsvc6.DLL
0x00007fff05a30000 - 0x00007fff05a4c000 	C:\WINDOWS\SYSTEM32\dhcpcsvc.DLL
0x00007fff09590000 - 0x00007fff0965b000 	C:\WINDOWS\SYSTEM32\DNSAPI.dll
0x00007ffeeb750000 - 0x00007ffeeb777000 	C:\Program Files\Android\Android Studio\jre\bin\sunec.dll

dbghelp: loaded successfully - version: 4.0.5 - missing functions: none
symbol engine: initialized successfully - sym options: 0x614 - pdb path: .;C:\Program Files\Android\Android Studio\jre\bin;C:\WINDOWS\SYSTEM32;C:\WINDOWS\WinSxS\amd64_microsoft.windows.common-controls_6595b64144ccf1df_6.0.18362.1500_none_9e79be6de462295c;C:\Program Files\Android\Android Studio\jre\bin\server;C:\Users\Brendon\.gradle\native\e1d6ef7f7dcc3fd88c89a11ec53ec762bb8ba0a96d01ffa2cd45eb1d1d8dd5c5\windows-amd64;C:\Users\Brendon\.gradle\native\0d407fdbe67a94daf76414ababcb853783967236a71b16ec16e742cd7a986fd3\windows-amd64

VM Arguments:
jvm_args: --add-opens=java.base/java.util=ALL-UNNAMED --add-opens=java.base/java.lang=ALL-UNNAMED --add-opens=java.base/java.lang.invoke=ALL-UNNAMED --add-opens=java.base/java.util=ALL-UNNAMED --add-opens=java.prefs/java.util.prefs=ALL-UNNAMED --add-opens=java.prefs/java.util.prefs=ALL-UNNAMED --add-opens=java.base/java.nio.charset=ALL-UNNAMED --add-opens=java.base/java.net=ALL-UNNAMED --add-opens=java.base/java.util.concurrent.atomic=ALL-UNNAMED -Xmx2048m -Dfile.encoding=UTF-8 -Duser.country=BR -Duser.language=pt -Duser.variant 
java_command: org.gradle.launcher.daemon.bootstrap.GradleDaemon 7.4
java_class_path (initial): C:\Users\Brendon\.gradle\wrapper\dists\gradle-7.4-bin\c0gwcg53nkjbqw7r0h0umtfvt\gradle-7.4\lib\gradle-launcher-7.4.jar
Launcher Type: SUN_STANDARD

[Global flags]
     intx CICompilerCount                          = 4                                         {product} {ergonomic}
     uint ConcGCThreads                            = 2                                         {product} {ergonomic}
     uint G1ConcRefinementThreads                  = 8                                         {product} {ergonomic}
   size_t G1HeapRegionSize                         = 1048576                                   {product} {ergonomic}
    uintx GCDrainStackTargetSize                   = 64                                        {product} {ergonomic}
   size_t InitialHeapSize                          = 201326592                                 {product} {ergonomic}
   size_t MarkStackSize                            = 4194304                                   {product} {ergonomic}
   size_t MaxHeapSize                              = 2147483648                                {product} {command line}
   size_t MaxNewSize                               = 1287651328                                {product} {ergonomic}
   size_t MinHeapDeltaBytes                        = 1048576                                   {product} {ergonomic}
    uintx NonNMethodCodeHeapSize                   = 5836300                                {pd product} {ergonomic}
    uintx NonProfiledCodeHeapSize                  = 122910970                              {pd product} {ergonomic}
    uintx ProfiledCodeHeapSize                     = 122910970                              {pd product} {ergonomic}
    uintx ReservedCodeCacheSize                    = 251658240                              {pd product} {ergonomic}
     bool SegmentedCodeCache                       = true                                      {product} {ergonomic}
     bool UseCompressedClassPointers               = true                                 {lp64_product} {ergonomic}
     bool UseCompressedOops                        = true                                 {lp64_product} {ergonomic}
     bool UseG1GC                                  = true                                      {product} {ergonomic}
     bool UseLargePagesIndividualAllocation        = false                                  {pd product} {ergonomic}

Logging:
Log output configuration:
 #0: stdout all=warning uptime,level,tags
 #1: stderr all=off uptime,level,tags

Environment Variables:
PATH=C:\Program Files (x86)\Common Files\Intel\Shared Libraries\redist\intel64_win\compiler;C:\Program Files\Common Files\Oracle\Java\javapath;C:\Program Files\AdoptOpenJDK\jdk-8.0.292.10-hotspot\bin;C:\Program Files (x86)\Common Files\Oracle\Java\javapath;C:\Program Files (x86)\Common Files\Intel\Shared Libraries\redist\intel64\compiler;C:\Windows\system32;C:\Windows;C:\Windows\System32\Wbem;C:\Windows\System32\WindowsPowerShell\v1.0\;C:\Program Files\flutter\bin;C:\WINDOWS\system32;C:\WINDOWS;C:\WINDOWS\System32\Wbem;C:\WINDOWS\System32\WindowsPowerShell\v1.0\;C:\WINDOWS\System32\OpenSSH\;C:\Program Files (x86)\NVIDIA Corporation\PhysX\Common;C:\Program Files\NVIDIA Corporation\NVIDIA NvDLISR;C:\Program Files\Java\jdk-14.0.1\bin;C:\Users\Brendon\AppData\Local\Programs\Python\Python38-32\Scripts;C:\Program Files\dart-sdk\bin;C:\Users\Brendon\AppData\Local\Android\Sdk\platform-tools;C:\cygwin64\bin;C:\Program Files\Git\cmd;C:\Users\Brendon\AppData\Local\Programs\Python\Python38-32\Scripts\;C:\Users\Brendon\AppData\Local\Programs\Python\Python38-32\;C:\Users\Brendon\AppData\Local\Microsoft\WindowsApps;C:\Users\Brendon\AppData\Local\Programs\Python\Python38-32\Scripts;C:\Program Files\dart-sdk\bin;
USERNAME=Brendon
OS=Windows_NT
PROCESSOR_IDENTIFIER=Intel64 Family 6 Model 58 Stepping 9, GenuineIntel



---------------  S Y S T E M  ---------------

OS: Windows 10 , 64 bit Build 18362 (10.0.18362.1500)
OS uptime: 0 days 4:50 hours

CPU:total 8 (initial active 8) (4 cores per cpu, 2 threads per core) family 6 model 58 stepping 9 microcode 0x21, cmov, cx8, fxsr, mmx, sse, sse2, sse3, ssse3, sse4.1, sse4.2, popcnt, avx, aes, clmul, erms, ht, tsc, tscinvbit, tscinv

Memory: 4k page, system-wide physical 12251M (2684M free)
TotalPageFile size 17251M (AvailPageFile size 104M)
current process WorkingSet (physical memory assigned to process): 544M, peak: 544M
current process commit charge ("private bytes"): 584M, peak: 585M

vm_info: OpenJDK 64-Bit Server VM (11.0.13+0-b1751.21-8125866) for windows-amd64 JRE (11.0.13+0-b1751.21-8125866), built on Feb  2 2022 03:00:22 by "builder" with MS VC++ 14.0 (VS2015)

END.
